fixed code:/home/dale/d4j/fixed_bugs_dir/Chart/Chart_4/source/org/jfree/chart/plot/XYPlot.java-4493-4502
similar code:/home/dale/d4j/Chart/Chart_4/source/org/jfree/chart/plot/XYPlot.java-4495-4500
similar code:/home/dale/d4j/Chart/Chart_4/source/org/jfree/chart/plot/XYPlot.java-4495-4500
similar code:/home/dale/d4j/Chart/Chart_4/source/org/jfree/chart/plot/XYPlot.java-4438-4447
similar code:/home/dale/d4j/Chart/Chart_4/source/org/jfree/chart/plot/XYPlot.java-4456-4464
similar code:/home/dale/d4j/Chart/Chart_4/source/org/jfree/chart/renderer/xy/DeviationRenderer.java-288-295
similar code:/home/dale/d4j/Chart/Chart_4/source/org/jfree/data/DefaultKeyedValues2D.java-328-336
similar code:/home/dale/d4j/Chart/Chart_4/source/org/jfree/chart/renderer/WaferMapRenderer.java-249-257
similar code:/home/dale/d4j/Chart/Chart_4/source/org/jfree/chart/plot/CombinedDomainCategoryPlot.java-568-578
similar code:/home/dale/d4j/Chart/Chart_4/source/org/jfree/data/KeyToGroupMap.java-115-126
similar code:/home/dale/d4j/Chart/Chart_4/source/org/jfree/chart/urls/CustomPieURLGenerator.java-183-189
similar code:/home/dale/d4j/Chart/Chart_4/source/org/jfree/chart/util/AttributedStringUtilities.java-95-101
similar code:/home/dale/d4j/Chart/Chart_4/source/org/jfree/chart/plot/CategoryPlot.java-4456-4465
similar code:/home/dale/d4j/Chart/Chart_4/source/org/jfree/data/KeyedObjects.java-133-139
similar code:/home/dale/d4j/Chart/Chart_4/source/org/jfree/data/KeyedObjects2D.java-418-424
similar code:/home/dale/d4j/Chart/Chart_4/source/org/jfree/chart/renderer/WaferMapRenderer.java-273-283
similar code:/home/dale/d4j/Chart/Chart_4/source/org/jfree/chart/JFreeChart.java-653-668
similar code:/home/dale/d4j/Chart/Chart_4/source/org/jfree/data/xy/DefaultTableXYDataset.java-173-194
similar code:/home/dale/d4j/Chart/Chart_4/source/org/jfree/chart/renderer/category/StackedBarRenderer3D.java-353-360
similar code:/home/dale/d4j/Chart/Chart_4/source/org/jfree/chart/util/ObjectUtilities.java-201-223
similar code:/home/dale/d4j/Chart/Chart_4/source/org/jfree/data/KeyedObjects.java-149-155
similar code:/home/dale/d4j/Chart/Chart_4/source/org/jfree/data/time/TimeSeriesCollection.java-707-719
similar code:/home/dale/d4j/Chart/Chart_4/source/org/jfree/chart/renderer/category/StackedBarRenderer3D.java-361-370
similar code:/home/dale/d4j/Chart/Chart_4/source/org/jfree/data/xy/DefaultIntervalXYDataset.java-423-430
similar code:/home/dale/d4j/Chart/Chart_4/source/org/jfree/data/xy/DefaultXYDataset.java-268-275
similar code:/home/dale/d4j/Chart/Chart_4/source/org/jfree/data/xy/DefaultXYZDataset.java-313-320
similar code:/home/dale/d4j/Chart/Chart_4/source/org/jfree/data/statistics/SimpleHistogramDataset.java-180-192
similar code:/home/dale/d4j/Chart/Chart_4/source/org/jfree/chart/renderer/WaferMapRenderer.java-316-336
similar code:/home/dale/d4j/Chart/Chart_4/source/org/jfree/data/KeyedObjects.java-292-301
similar code:/home/dale/d4j/Chart/Chart_4/source/org/jfree/chart/plot/CategoryPlot.java-4054-4071
similar code:/home/dale/d4j/Chart/Chart_4/source/org/jfree/chart/plot/CategoryPlot.java-4085-4102
similar code:/home/dale/d4j/Chart/Chart_4/source/org/jfree/chart/renderer/WaferMapRenderer.java-352-359
similar code:/home/dale/d4j/Chart/Chart_4/source/org/jfree/chart/renderer/WaferMapRenderer.java-373-380
similar code:/home/dale/d4j/Chart/Chart_4/source/org/jfree/chart/axis/LogAxis.java-922-929
similar code:/home/dale/d4j/Chart/Chart_4/source/org/jfree/chart/StandardChartTheme.java-1352-1361
similar code:/home/dale/d4j/Chart/Chart_4/source/org/jfree/chart/StandardChartTheme.java-1362-1371
similar code:/home/dale/d4j/Chart/Chart_4/source/org/jfree/chart/StandardChartTheme.java-1421-1430
similar code:/home/dale/d4j/Chart/Chart_4/source/org/jfree/chart/StandardChartTheme.java-1431-1440
similar code:/home/dale/d4j/Chart/Chart_4/source/org/jfree/chart/plot/CombinedRangeCategoryPlot.java-440-447
similar code:/home/dale/d4j/Chart/Chart_4/source/org/jfree/chart/plot/CombinedRangeXYPlot.java-434-441
similar code:/home/dale/d4j/Chart/Chart_4/source/org/jfree/chart/plot/CombinedDomainXYPlot.java-486-493
similar code:/home/dale/d4j/Chart/Chart_4/source/org/jfree/chart/plot/CombinedDomainCategoryPlot.java-546-553
similar code:/home/dale/d4j/Chart/Chart_4/source/org/jfree/data/gantt/TaskSeriesCollection.java-259-266
similar code:/home/dale/d4j/Chart/Chart_4/source/org/jfree/data/gantt/TaskSeriesCollection.java-633-640
similar code:/home/dale/d4j/Chart/Chart_4/source/org/jfree/data/general/DatasetUtilities.java-314-323
similar code:/home/dale/d4j/Chart/Chart_4/source/org/jfree/data/general/DatasetUtilities.java-1099-1116
similar code:/home/dale/d4j/Chart/Chart_4/source/org/jfree/chart/plot/CombinedRangeCategoryPlot.java-421-427
similar code:/home/dale/d4j/Chart/Chart_4/source/org/jfree/chart/plot/CombinedRangeXYPlot.java-590-596
similar code:/home/dale/d4j/Chart/Chart_4/source/org/jfree/chart/plot/CombinedDomainXYPlot.java-208-214
similar code:/home/dale/d4j/Chart/Chart_4/source/org/jfree/chart/plot/CategoryPlot.java-2508-2515
similar code:/home/dale/d4j/Chart/Chart_4/source/org/jfree/chart/plot/CategoryPlot.java-2520-2527
similar code:/home/dale/d4j/Chart/Chart_4/source/org/jfree/chart/plot/CategoryPlot.java-2782-2789
similar code:/home/dale/d4j/Chart/Chart_4/source/org/jfree/chart/plot/CategoryPlot.java-2794-2801
similar code:/home/dale/d4j/Chart/Chart_4/source/org/jfree/chart/plot/XYPlot.java-2522-2529
similar code:/home/dale/d4j/Chart/Chart_4/source/org/jfree/chart/plot/XYPlot.java-2534-2541
similar code:/home/dale/d4j/Chart/Chart_4/source/org/jfree/chart/plot/XYPlot.java-2825-2832
similar code:/home/dale/d4j/Chart/Chart_4/source/org/jfree/chart/plot/XYPlot.java-2837-2844
similar code:/home/dale/d4j/Chart/Chart_4/source/org/jfree/data/statistics/DefaultMultiValueCategoryDataset.java-116-125
similar code:/home/dale/d4j/Chart/Chart_4/source/org/jfree/data/general/WaferMapDataset.java-172-177
similar code:/home/dale/d4j/Chart/Chart_4/source/org/jfree/chart/axis/SegmentedTimeline.java-1031-1039
similar code:/home/dale/d4j/Chart/Chart_4/source/org/jfree/chart/plot/CategoryPlot.java-4245-4251
similar code:/home/dale/d4j/Chart/Chart_4/source/org/jfree/chart/renderer/category/AbstractCategoryItemRenderer.java-1627-1646
similar code:/home/dale/d4j/Chart/Chart_4/source/org/jfree/chart/renderer/xy/AbstractXYItemRenderer.java-1842-1861
similar code:/home/dale/d4j/Chart/Chart_4/source/org/jfree/data/io/CSV.java-128-132
similar code:/home/dale/d4j/Chart/Chart_4/source/org/jfree/chart/plot/XYPlot.java-4019-4040
similar code:/home/dale/d4j/Chart/Chart_4/source/org/jfree/chart/plot/XYPlot.java-4052-4072
similar code:/home/dale/d4j/Chart/Chart_4/source/org/jfree/chart/renderer/category/AbstractCategoryItemRenderer.java-1780-1785
similar code:/home/dale/d4j/Chart/Chart_4/source/org/jfree/chart/renderer/xy/AbstractXYItemRenderer.java-927-932
similar code:/home/dale/d4j/Chart/Chart_4/source/org/jfree/data/KeyedObjects2D.java-511-519
similar code:/home/dale/d4j/Chart/Chart_4/source/org/jfree/chart/renderer/OutlierListCollection.java-142-148
similar code:/home/dale/d4j/Chart/Chart_4/source/org/jfree/chart/text/TextLine.java-227-234
similar code:/home/dale/d4j/Chart/Chart_4/source/org/jfree/chart/plot/CategoryPlot.java-4269-4287
similar code:/home/dale/d4j/Chart/Chart_4/source/org/jfree/chart/axis/NumberAxis.java-770-778
similar code:/home/dale/d4j/Chart/Chart_4/source/org/jfree/chart/axis/NumberAxis.java-818-825
similar code:/home/dale/d4j/Chart/Chart_4/source/org/jfree/chart/axis/NumberAxis.java-898-906
similar code:/home/dale/d4j/Chart/Chart_4/source/org/jfree/chart/axis/NumberAxis.java-947-954
similar code:/home/dale/d4j/Chart/Chart_4/source/org/jfree/chart/plot/MultiplePiePlot.java-594-600
similar code:/home/dale/d4j/Chart/Chart_4/source/org/jfree/chart/ChartPanel.java-1943-1956
similar code:/home/dale/d4j/Chart/Chart_4/source/org/jfree/chart/renderer/xy/XYDifferenceRenderer.java-578-581
similar code:/home/dale/d4j/Chart/Chart_4/source/org/jfree/chart/renderer/xy/XYDifferenceRenderer.java-600-603
similar code:/home/dale/d4j/Chart/Chart_4/source/org/jfree/chart/StandardChartTheme.java-1188-1197
similar code:/home/dale/d4j/Chart/Chart_4/source/org/jfree/data/time/MovingAverage.java-164-169
similar code:/home/dale/d4j/Chart/Chart_4/source/org/jfree/data/time/MovingAverage.java-346-351
similar code:/home/dale/d4j/Chart/Chart_4/source/org/jfree/chart/plot/CombinedRangeXYPlot.java-470-481
similar code:/home/dale/d4j/Chart/Chart_4/source/org/jfree/chart/plot/CombinedRangeXYPlot.java-496-508
similar code:/home/dale/d4j/Chart/Chart_4/source/org/jfree/chart/plot/CombinedDomainXYPlot.java-522-533
similar code:/home/dale/d4j/Chart/Chart_4/source/org/jfree/chart/plot/CombinedDomainXYPlot.java-548-559
similar code:/home/dale/d4j/Chart/Chart_4/source/org/jfree/chart/plot/CombinedDomainCategoryPlot.java-286-297
similar code:/home/dale/d4j/Chart/Chart_4/source/org/jfree/chart/plot/CombinedDomainCategoryPlot.java-312-323
similar code:/home/dale/d4j/Chart/Chart_4/source/org/jfree/data/DataUtilities.java-82-86
similar code:/home/dale/d4j/Chart/Chart_4/source/org/jfree/chart/axis/AxisCollection.java-136-141
similar code:/home/dale/d4j/Chart/Chart_4/source/org/jfree/data/xy/DefaultTableXYDataset.java-460-467
similar code:/home/dale/d4j/Chart/Chart_4/source/org/jfree/data/statistics/SimpleHistogramDataset.java-490-503
similar code:/home/dale/d4j/Chart/Chart_4/source/org/jfree/data/statistics/BoxAndWhiskerCalculator.java-139-160
similar code:/home/dale/d4j/Chart/Chart_4/source/org/jfree/data/xy/XYSeries.java-834-839
similar code:/home/dale/d4j/Chart/Chart_4/source/org/jfree/chart/util/ResourceBundleWrapper.java-101-105
similar code:/home/dale/d4j/Chart/Chart_4/source/org/jfree/data/KeyedObjects.java-236-241
similar code:/home/dale/d4j/Chart/Chart_4/source/org/jfree/data/xy/XYSeries.java-521-526
similar code:/home/dale/d4j/Chart/Chart_4/source/org/jfree/data/ComparableObjectSeries.java-233-238
similar code:/home/dale/d4j/Chart/Chart_4/source/org/jfree/chart/plot/CategoryPlot.java-4302-4315
similar code:/home/dale/d4j/Chart/Chart_4/source/org/jfree/chart/plot/XYPlot.java-4327-4340
similar code:/home/dale/d4j/Chart/Chart_4/source/org/jfree/chart/plot/XYPlot.java-4357-4370
similar code:/home/dale/d4j/Chart/Chart_4/source/org/jfree/chart/JFreeChart.java-708-713
similar code:/home/dale/d4j/Chart/Chart_4/source/org/jfree/data/statistics/BoxAndWhiskerCalculator.java-100-113
similar code:/home/dale/d4j/Chart/Chart_4/source/org/jfree/chart/plot/dial/DialPlot.java-444-449
similar code:/home/dale/d4j/Chart/Chart_4/source/org/jfree/chart/plot/XYPlot.java-5287-5294
similar code:/home/dale/d4j/Chart/Chart_4/source/org/jfree/chart/plot/MeterPlot.java-777-793
similar code:/home/dale/d4j/Chart/Chart_4/source/org/jfree/chart/plot/CategoryPlot.java-2440-2448
similar code:/home/dale/d4j/Chart/Chart_4/source/org/jfree/chart/plot/CategoryPlot.java-2449-2457
similar code:/home/dale/d4j/Chart/Chart_4/source/org/jfree/chart/plot/CategoryPlot.java-2712-2720
similar code:/home/dale/d4j/Chart/Chart_4/source/org/jfree/chart/plot/CategoryPlot.java-2721-2729
similar code:/home/dale/d4j/Chart/Chart_4/source/org/jfree/chart/plot/XYPlot.java-2488-2496
similar code:/home/dale/d4j/Chart/Chart_4/source/org/jfree/chart/plot/XYPlot.java-2497-2505
similar code:/home/dale/d4j/Chart/Chart_4/source/org/jfree/chart/plot/XYPlot.java-2734-2742
similar code:/home/dale/d4j/Chart/Chart_4/source/org/jfree/chart/plot/XYPlot.java-2743-2751
similar code:/home/dale/d4j/Chart/Chart_4/source/org/jfree/data/xy/MatrixSeries.java-229-231
similar code:/home/dale/d4j/Chart/Chart_4/source/org/jfree/data/KeyToGroupMap.java-217-222
similar code:/home/dale/d4j/Chart/Chart_4/source/org/jfree/chart/editor/DefaultPlotEditor.java-320-338
similar code:/home/dale/d4j/Chart/Chart_4/source/org/jfree/chart/servlet/ServletUtilities.java-432-435
similar code:/home/dale/d4j/Chart/Chart_4/source/org/jfree/chart/ui/BasicProjectInfo.java-266-273
similar code:/home/dale/d4j/Chart/Chart_4/source/org/jfree/data/time/TimeSeries.java-499-505
similar code:/home/dale/d4j/Chart/Chart_4/source/org/jfree/chart/StandardChartTheme.java-1345-1350
similar code:/home/dale/d4j/Chart/Chart_4/source/org/jfree/chart/StandardChartTheme.java-1407-1412
similar code:/home/dale/d4j/Chart/Chart_4/source/org/jfree/data/DefaultKeyedValues2D.java-475-481
similar code:/home/dale/d4j/Chart/Chart_4/source/org/jfree/chart/axis/CategoryAxis.java-1121-1139
similar code:/home/dale/d4j/Chart/Chart_4/source/org/jfree/chart/plot/CategoryPlot.java-5017-5028
similar code:/home/dale/d4j/Chart/Chart_4/source/org/jfree/chart/block/BlockContainer.java-219-233
similar code:/home/dale/d4j/Chart/Chart_4/source/org/jfree/data/time/TimeSeriesCollection.java-289-295
similar code:/home/dale/d4j/Chart/Chart_4/source/org/jfree/chart/plot/CategoryPlot.java-3606-3611
similar code:/home/dale/d4j/Chart/Chart_4/source/org/jfree/chart/plot/CategoryPlot.java-3622-3627
similar code:/home/dale/d4j/Chart/Chart_4/source/org/jfree/chart/plot/CategoryPlot.java-3636-3641
similar code:/home/dale/d4j/Chart/Chart_4/source/org/jfree/chart/plot/CategoryPlot.java-3652-3657
similar code:/home/dale/d4j/Chart/Chart_4/source/org/jfree/chart/plot/XYPlot.java-3279-3284
similar code:/home/dale/d4j/Chart/Chart_4/source/org/jfree/chart/plot/XYPlot.java-3296-3301
similar code:/home/dale/d4j/Chart/Chart_4/source/org/jfree/chart/axis/CyclicNumberAxis.java-1119-1124
similar code:/home/dale/d4j/Chart/Chart_4/source/org/jfree/chart/axis/CyclicNumberAxis.java-1127-1132
similar code:/home/dale/d4j/Chart/Chart_4/source/org/jfree/chart/text/TextLine.java-176-187
similar code:/home/dale/d4j/Chart/Chart_4/source/org/jfree/chart/text/TextBlock.java-161-172
similar code:/home/dale/d4j/Chart/Chart_4/source/org/jfree/chart/plot/CategoryPlot.java-1430-1440
similar code:/home/dale/d4j/Chart/Chart_4/source/org/jfree/chart/plot/XYPlot.java-1544-1554
similar code:/home/dale/d4j/Chart/Chart_4/source/org/jfree/chart/axis/SubCategoryAxis.java-201-206
similar code:/home/dale/d4j/Chart/Chart_4/source/org/jfree/chart/ChartPanel.java-3073-3078
similar code:/home/dale/d4j/Chart/Chart_4/source/org/jfree/data/KeyedObjects2D.java-278-285
similar code:/home/dale/d4j/Chart/Chart_4/source/org/jfree/data/time/TimeSeries.java-752-759
similar code:/home/dale/d4j/Chart/Chart_4/source/org/jfree/chart/ChartPanel.java-1858-1874
similar code:/home/dale/d4j/Chart/Chart_4/source/org/jfree/chart/ChartPanel.java-1969-1985
similar code:/home/dale/d4j/Chart/Chart_4/source/org/jfree/data/general/DatasetUtilities.java-184-196
similar code:/home/dale/d4j/Chart/Chart_4/source/org/jfree/chart/plot/MeterPlot.java-863-877
similar code:/home/dale/d4j/Chart/Chart_4/source/org/jfree/data/xy/XYSeriesCollection.java-276-281
similar code:/home/dale/d4j/Chart/Chart_4/source/org/jfree/chart/util/PaintUtilities.java-114-127
similar code:/home/dale/d4j/Chart/Chart_4/source/org/jfree/chart/JFreeChart.java-1218-1227
similar code:/home/dale/d4j/Chart/Chart_4/source/org/jfree/chart/renderer/xy/XYDifferenceRenderer.java-540-549
similar code:/home/dale/d4j/Chart/Chart_4/source/org/jfree/chart/renderer/xy/XYDifferenceRenderer.java-551-560
similar code:/home/dale/d4j/Chart/Chart_4/source/org/jfree/data/DefaultKeyedValues.java-281-290
similar code:/home/dale/d4j/Chart/Chart_4/source/org/jfree/data/general/DatasetUtilities.java-1148-1165
similar code:/home/dale/d4j/Chart/Chart_4/source/org/jfree/chart/plot/XYPlot.java-3309-3320
similar code:/home/dale/d4j/Chart/Chart_4/source/org/jfree/chart/plot/XYPlot.java-3328-3339
similar code:/home/dale/d4j/Chart/Chart_4/source/org/jfree/chart/plot/PiePlot.java-1574-1580
similar code:/home/dale/d4j/Chart/Chart_4/source/org/jfree/data/time/MovingAverage.java-207-225
similar code:/home/dale/d4j/Chart/Chart_4/source/org/jfree/chart/LegendItem.java-534-542
similar code:/home/dale/d4j/Chart/Chart_4/source/org/jfree/data/general/DatasetUtilities.java-1326-1341
similar code:/home/dale/d4j/Chart/Chart_4/source/org/jfree/chart/PolarChartPanel.java-169-182
similar code:/home/dale/d4j/Chart/Chart_4/source/org/jfree/chart/plot/CategoryPlot.java-3783-3791
similar code:/home/dale/d4j/Chart/Chart_4/source/org/jfree/chart/plot/CategoryPlot.java-3797-3805
similar code:/home/dale/d4j/Chart/Chart_4/source/org/jfree/chart/plot/CategoryPlot.java-3811-3819
similar code:/home/dale/d4j/Chart/Chart_4/source/org/jfree/chart/plot/CategoryPlot.java-3825-3833
similar code:/home/dale/d4j/Chart/Chart_4/source/org/jfree/chart/ui/LCBLayout.java-207-214
similar code:/home/dale/d4j/Chart/Chart_4/source/org/jfree/chart/plot/ThermometerPlot.java-1173-1178
similar code:/home/dale/d4j/Chart/Chart_4/source/org/jfree/chart/util/StrokeMap.java-152-159
similar code:/home/dale/d4j/Chart/Chart_4/source/org/jfree/chart/util/PaintMap.java-157-164
similar code:/home/dale/d4j/Chart/Chart_4/source/org/jfree/chart/axis/ValueAxis.java-843-856
similar code:/home/dale/d4j/Chart/Chart_4/source/org/jfree/chart/axis/ValueAxis.java-886-899
similar code:/home/dale/d4j/Chart/Chart_4/source/org/jfree/chart/plot/XYPlot.java-3524-3527
similar code:/home/dale/d4j/Chart/Chart_4/source/org/jfree/chart/labels/MultipleXYSeriesLabelGenerator.java-186-195
similar code:/home/dale/d4j/Chart/Chart_4/source/org/jfree/chart/block/GridArrangement.java-196-199
similar code:/home/dale/d4j/Chart/Chart_4/source/org/jfree/chart/axis/PeriodAxis.java-626-645
similar code:/home/dale/d4j/Chart/Chart_4/source/org/jfree/chart/axis/LogAxis.java-524-541
similar code:/home/dale/d4j/Chart/Chart_4/source/org/jfree/chart/axis/LogAxis.java-576-593
similar code:/home/dale/d4j/Chart/Chart_4/source/org/jfree/chart/editor/DefaultPlotEditor.java-257-270
similar code:/home/dale/d4j/Chart/Chart_4/source/org/jfree/chart/plot/CategoryPlot.java-3967-3979
similar code:/home/dale/d4j/Chart/Chart_4/source/org/jfree/chart/servlet/ChartDeleter.java-111-119
similar code:/home/dale/d4j/Chart/Chart_4/source/org/jfree/data/jdbc/JDBCXYDataset.java-354-362
similar code:/home/dale/d4j/Chart/Chart_4/source/org/jfree/data/statistics/SimpleHistogramDataset.java-216-222
similar code:/home/dale/d4j/Chart/Chart_4/source/org/jfree/data/statistics/Statistics.java-147-169
similar code:/home/dale/d4j/Chart/Chart_4/source/org/jfree/chart/plot/PiePlot3D.java-412-419
similar code:/home/dale/d4j/Chart/Chart_4/source/org/jfree/chart/ChartPanel.java-1906-1914
similar code:/home/dale/d4j/Chart/Chart_4/source/org/jfree/data/statistics/HistogramDataset.java-171-185
similar code:/home/dale/d4j/Chart/Chart_4/source/org/jfree/chart/block/GridArrangement.java-161-168
similar code:/home/dale/d4j/Chart/Chart_4/source/org/jfree/chart/plot/XYPlot.java-3545-3565
similar code:/home/dale/d4j/Chart/Chart_4/source/org/jfree/chart/plot/XYPlot.java-3580-3600
similar code:/home/dale/d4j/Chart/Chart_4/source/org/jfree/data/DefaultKeyedValues.java-232-240
similar code:/home/dale/d4j/Chart/Chart_4/source/org/jfree/chart/axis/DateAxis.java-1253-1268
similar code:/home/dale/d4j/Chart/Chart_4/source/org/jfree/chart/axis/SubCategoryAxis.java-219-238
similar code:/home/dale/d4j/Chart/Chart_4/source/org/jfree/chart/plot/CategoryPlot.java-4950-4953
similar code:/home/dale/d4j/Chart/Chart_4/source/org/jfree/chart/plot/CategoryPlot.java-4961-4964
similar code:/home/dale/d4j/Chart/Chart_4/source/org/jfree/chart/axis/CategoryAxis.java-1465-1472
similar code:/home/dale/d4j/Chart/Chart_4/source/org/jfree/chart/util/ShapeUtilities.java-285-294
similar code:/home/dale/d4j/Chart/Chart_4/source/org/jfree/chart/plot/XYPlot.java-5566-5569
similar code:/home/dale/d4j/Chart/Chart_4/source/org/jfree/data/general/DatasetUtilities.java-1455-1473
similar code:/home/dale/d4j/Chart/Chart_4/source/org/jfree/data/general/DatasetUtilities.java-608-613
similar code:/home/dale/d4j/Chart/Chart_4/source/org/jfree/chart/ChartPanel.java-1825-1847
similar code:/home/dale/d4j/Chart/Chart_4/source/org/jfree/chart/plot/XYPlot.java-5773-5777
similar code:/home/dale/d4j/Chart/Chart_4/source/org/jfree/chart/axis/CategoryAxis.java-884-893
similar code:/home/dale/d4j/Chart/Chart_4/source/org/jfree/chart/axis/ValueAxis.java-811-818
similar code:/home/dale/d4j/Chart/Chart_4/source/org/jfree/data/general/DatasetUtilities.java-328-342
similar code:/home/dale/d4j/Chart/Chart_4/source/org/jfree/chart/plot/CombinedRangeCategoryPlot.java-202-204
similar code:/home/dale/d4j/Chart/Chart_4/source/org/jfree/chart/plot/CombinedRangeXYPlot.java-247-249
similar code:/home/dale/d4j/Chart/Chart_4/source/org/jfree/chart/plot/CombinedDomainXYPlot.java-302-304
similar code:/home/dale/d4j/Chart/Chart_4/source/org/jfree/chart/plot/CombinedDomainCategoryPlot.java-206-208
similar code:/home/dale/d4j/Chart/Chart_4/source/org/jfree/chart/util/PaintList.java-147-153
similar code:/home/dale/d4j/Chart/Chart_4/source/org/jfree/chart/util/ShapeList.java-145-151
similar code:/home/dale/d4j/Chart/Chart_4/source/org/jfree/chart/util/StrokeList.java-142-148
similar code:/home/dale/d4j/Chart/Chart_4/source/org/jfree/data/general/DatasetUtilities.java-1306-1325
similar code:/home/dale/d4j/Chart/Chart_4/source/org/jfree/data/gantt/SlidingGanttCategoryDataset.java-252-259
similar code:/home/dale/d4j/Chart/Chart_4/source/org/jfree/data/gantt/SlidingGanttCategoryDataset.java-307-315
similar code:/home/dale/d4j/Chart/Chart_4/source/org/jfree/data/gantt/SlidingGanttCategoryDataset.java-462-470
similar code:/home/dale/d4j/Chart/Chart_4/source/org/jfree/data/gantt/SlidingGanttCategoryDataset.java-499-506
similar code:/home/dale/d4j/Chart/Chart_4/source/org/jfree/data/gantt/SlidingGanttCategoryDataset.java-535-542
similar code:/home/dale/d4j/Chart/Chart_4/source/org/jfree/data/category/SlidingCategoryDataset.java-253-260
similar code:/home/dale/d4j/Chart/Chart_4/source/org/jfree/data/xy/XYSeriesCollection.java-402-404
similar code:/home/dale/d4j/Chart/Chart_4/source/org/jfree/data/time/TimeSeriesCollection.java-511-513
similar code:/home/dale/d4j/Chart/Chart_4/source/org/jfree/data/gantt/SlidingGanttCategoryDataset.java-331-339
similar code:/home/dale/d4j/Chart/Chart_4/source/org/jfree/data/gantt/SlidingGanttCategoryDataset.java-355-363
similar code:/home/dale/d4j/Chart/Chart_4/source/org/jfree/data/gantt/SlidingGanttCategoryDataset.java-424-432
similar code:/home/dale/d4j/Chart/Chart_4/source/org/jfree/chart/plot/XYPlot.java-4505-4515
similar code:/home/dale/d4j/Chart/Chart_4/source/org/jfree/data/function/LineFunction2D.java-115-117
similar code:/home/dale/d4j/Chart/Chart_4/source/org/jfree/data/function/PowerFunction2D.java-115-117
similar code:/home/dale/d4j/Chart/Chart_4/source/org/jfree/chart/plot/PiePlot3D.java-499-510
similar code:/home/dale/d4j/Chart/Chart_4/source/org/jfree/chart/plot/PiePlot3D.java-515-526
similar code:/home/dale/d4j/Chart/Chart_4/source/org/jfree/chart/plot/CategoryPlot.java-3762-3782
similar code:/home/dale/d4j/Chart/Chart_4/source/org/jfree/chart/plot/CategoryPlot.java-3762-3782
similar code:/home/dale/d4j/Chart/Chart_4/source/org/jfree/data/category/DefaultCategoryDataset.java-394-405
similar code:/home/dale/d4j/Chart/Chart_4/source/org/jfree/data/DefaultKeyedValues2D.java-531-544
similar code:/home/dale/d4j/Chart/Chart_4/source/org/jfree/data/KeyedObjects2D.java-470-483
similar code:/home/dale/d4j/Chart/Chart_4/source/org/jfree/chart/plot/CompassPlot.java-826-828
similar code:/home/dale/d4j/Chart/Chart_4/source/org/jfree/chart/panel/CrosshairOverlay.java-241-253
similar code:/home/dale/d4j/Chart/Chart_4/source/org/jfree/chart/panel/CrosshairOverlay.java-257-269
similar code:/home/dale/d4j/Chart/Chart_4/source/org/jfree/data/xy/XYSeriesCollection.java-434-439
similar code:/home/dale/d4j/Chart/Chart_4/source/org/jfree/data/time/TimeSeriesCollection.java-543-548
similar code:/home/dale/d4j/Chart/Chart_4/source/org/jfree/data/general/DatasetUtilities.java-1386-1408
similar code:/home/dale/d4j/Chart/Chart_4/source/org/jfree/data/general/DatasetUtilities.java-1432-1454
similar code:/home/dale/d4j/Chart/Chart_4/source/org/jfree/chart/plot/CategoryPlot.java-2220-2222
similar code:/home/dale/d4j/Chart/Chart_4/source/org/jfree/data/DefaultKeyedValues2D.java-341-343
similar code:/home/dale/d4j/Chart/Chart_4/source/org/jfree/data/KeyedObjects2D.java-288-290
similar code:/home/dale/d4j/Chart/Chart_4/source/org/jfree/data/statistics/DefaultStatisticalCategoryDataset.java-355-366
similar code:/home/dale/d4j/Chart/Chart_4/source/org/jfree/data/time/TimeSeriesCollection.java-638-655
similar code:/home/dale/d4j/Chart/Chart_4/source/org/jfree/chart/plot/XYPlot.java-5504-5507
similar code:/home/dale/d4j/Chart/Chart_4/source/org/jfree/chart/util/PaintList.java-101-105
similar code:/home/dale/d4j/Chart/Chart_4/source/org/jfree/chart/util/AbstractObjectList.java-192-196
similar code:/home/dale/d4j/Chart/Chart_4/source/org/jfree/chart/util/ShapeList.java-113-117
similar code:/home/dale/d4j/Chart/Chart_4/source/org/jfree/chart/text/TextBlock.java-228-251
similar code:/home/dale/d4j/Chart/Chart_4/source/org/jfree/chart/ui/FontChooserPanel.java-210-215
similar code:/home/dale/d4j/Chart/Chart_4/source/org/jfree/chart/ui/FontChooserPanel.java-220-225
similar code:/home/dale/d4j/Chart/Chart_4/source/org/jfree/data/xy/MatrixSeries.java-103-108
similar code:/home/dale/d4j/Chart/Chart_4/source/org/jfree/chart/axis/Axis.java-1388-1391
similar code:/home/dale/d4j/Chart/Chart_4/source/org/jfree/chart/plot/Plot.java-1165-1167
similar code:/home/dale/d4j/Chart/Chart_4/source/org/jfree/chart/plot/XYPlot.java-5526-5531
similar code:/home/dale/d4j/Chart/Chart_4/source/org/jfree/chart/plot/XYPlot.java-5539-5544
similar code:/home/dale/d4j/Chart/Chart_4/source/org/jfree/chart/axis/LogarithmicAxis.java-916-918
similar code:/home/dale/d4j/Chart/Chart_4/source/org/jfree/chart/plot/XYPlot.java-5551-5556
similar code:/home/dale/d4j/Chart/Chart_4/source/org/jfree/chart/plot/CategoryPlot.java-976-981
similar code:/home/dale/d4j/Chart/Chart_4/source/org/jfree/chart/plot/CategoryPlot.java-990-995
similar code:/home/dale/d4j/Chart/Chart_4/source/org/jfree/chart/plot/CategoryPlot.java-1254-1259
similar code:/home/dale/d4j/Chart/Chart_4/source/org/jfree/chart/plot/CategoryPlot.java-1268-1273
similar code:/home/dale/d4j/Chart/Chart_4/source/org/jfree/chart/plot/XYPlot.java-955-960
similar code:/home/dale/d4j/Chart/Chart_4/source/org/jfree/chart/plot/XYPlot.java-969-974
similar code:/home/dale/d4j/Chart/Chart_4/source/org/jfree/chart/plot/XYPlot.java-1253-1258
similar code:/home/dale/d4j/Chart/Chart_4/source/org/jfree/chart/plot/XYPlot.java-1269-1274
similar code:/home/dale/d4j/Chart/Chart_4/source/org/jfree/data/statistics/DefaultBoxAndWhiskerCategoryDataset.java-171-175
similar code:/home/dale/d4j/Chart/Chart_4/source/org/jfree/data/statistics/DefaultBoxAndWhiskerCategoryDataset.java-182-186
similar code:/home/dale/d4j/Chart/Chart_4/source/org/jfree/data/statistics/DefaultStatisticalCategoryDataset.java-571-575
similar code:/home/dale/d4j/Chart/Chart_4/source/org/jfree/data/statistics/DefaultStatisticalCategoryDataset.java-585-589
similar code:/home/dale/d4j/Chart/Chart_4/source/org/jfree/data/statistics/DefaultBoxAndWhiskerCategoryDataset.java-206-218
similar code:/home/dale/d4j/Chart/Chart_4/source/org/jfree/data/statistics/DefaultStatisticalCategoryDataset.java-432-451
similar code:/home/dale/d4j/Chart/Chart_4/source/org/jfree/data/time/TimePeriodValues.java-437-441
similar code:/home/dale/d4j/Chart/Chart_4/source/org/jfree/chart/plot/XYPlot.java-3624-3626
similar code:/home/dale/d4j/Chart/Chart_4/source/org/jfree/chart/plot/XYPlot.java-3632-3634
similar code:/home/dale/d4j/Chart/Chart_4/source/org/jfree/data/xy/MatrixSeriesCollection.java-87-90
similar code:/home/dale/d4j/Chart/Chart_4/source/org/jfree/data/xy/XYSeriesCollection.java-117-120
similar code:/home/dale/d4j/Chart/Chart_4/source/org/jfree/data/time/TimeSeriesCollection.java-185-188
similar code:/home/dale/d4j/Chart/Chart_4/source/org/jfree/data/time/TimePeriodValuesCollection.java-103-106
similar code:/home/dale/d4j/Chart/Chart_4/source/org/jfree/chart/util/PaintList.java-171-176
similar code:/home/dale/d4j/Chart/Chart_4/source/org/jfree/chart/util/ShapeList.java-169-174
similar code:/home/dale/d4j/Chart/Chart_4/source/org/jfree/chart/util/StrokeList.java-166-171
similar code:/home/dale/d4j/Chart/Chart_4/source/org/jfree/chart/axis/Axis.java-1224-1226
similar code:/home/dale/d4j/Chart/Chart_4/source/org/jfree/chart/title/Title.java-397-400
similar code:/home/dale/d4j/Chart/Chart_4/source/org/jfree/chart/renderer/AbstractRenderer.java-2906-2908
similar code:/home/dale/d4j/Chart/Chart_4/source/org/jfree/chart/panel/AbstractOverlay.java-113-116
similar code:/home/dale/d4j/Chart/Chart_4/source/org/jfree/chart/JFreeChart.java-1517-1520
similar code:/home/dale/d4j/Chart/Chart_4/source/org/jfree/chart/JFreeChart.java-1558-1560
similar code:/home/dale/d4j/Chart/Chart_4/source/org/jfree/chart/plot/Marker.java-561-563
similar code:/home/dale/d4j/Chart/Chart_4/source/org/jfree/chart/plot/Plot.java-967-969
similar code:/home/dale/d4j/Chart/Chart_4/source/org/jfree/chart/plot/dial/AbstractDialLayer.java-192-195
similar code:/home/dale/d4j/Chart/Chart_4/source/org/jfree/data/general/Series.java-328-331
similar code:/home/dale/d4j/Chart/Chart_4/source/org/jfree/data/general/AbstractDataset.java-184-187
similar code:/home/dale/d4j/Chart/Chart_4/source/org/jfree/data/statistics/Statistics.java-433-435
similar code:/home/dale/d4j/Chart/Chart_4/source/org/jfree/data/statistics/Statistics.java-437-439
similar code:/home/dale/d4j/Chart/Chart_4/source/org/jfree/chart/util/AbstractObjectList.java-285-290
similar code:/home/dale/d4j/Chart/Chart_4/source/org/jfree/chart/plot/CategoryPlot.java-5078-5084
similar code:/home/dale/d4j/Chart/Chart_4/source/org/jfree/chart/plot/CategoryPlot.java-5085-5091
similar code:/home/dale/d4j/Chart/Chart_4/source/org/jfree/data/time/TimeSeriesCollection.java-673-691
similar code:/home/dale/d4j/Chart/Chart_4/source/org/jfree/data/xy/XYSeries.java-867-872
similar code:/home/dale/d4j/Chart/Chart_4/source/org/jfree/data/ComparableObjectSeries.java-280-286
similar code:/home/dale/d4j/Chart/Chart_4/source/org/jfree/data/statistics/DefaultBoxAndWhiskerCategoryDataset.java-859-864
similar code:/home/dale/d4j/Chart/Chart_4/source/org/jfree/data/statistics/DefaultBoxAndWhiskerCategoryDataset.java-871-876
similar code:/home/dale/d4j/Chart/Chart_4/source/org/jfree/data/statistics/DefaultStatisticalCategoryDataset.java-381-386
similar code:/home/dale/d4j/Chart/Chart_4/source/org/jfree/data/statistics/DefaultStatisticalCategoryDataset.java-399-404
similar code:/home/dale/d4j/Chart/Chart_4/source/org/jfree/chart/renderer/xy/XYBoxAndWhiskerRenderer.java-637-660
similar code:/home/dale/d4j/Chart/Chart_4/source/org/jfree/chart/plot/PieLabelDistributor.java-99-105
similar code:/home/dale/d4j/Chart/Chart_4/source/org/jfree/chart/plot/XYPlot.java-5672-5678
similar code:/home/dale/d4j/Chart/Chart_4/source/org/jfree/chart/plot/XYPlot.java-5680-5686
similar code:/home/dale/d4j/Chart/Chart_4/source/org/jfree/chart/plot/PiePlot3D.java-382-392
similar code:/home/dale/d4j/Chart/Chart_4/source/org/jfree/data/xy/XYSeriesCollection.java-131-136
similar code:/home/dale/d4j/Chart/Chart_4/source/org/jfree/chart/plot/CategoryPlot.java-4969-4974
similar code:/home/dale/d4j/Chart/Chart_4/source/org/jfree/chart/plot/CategoryPlot.java-5093-5098
similar code:/home/dale/d4j/Chart/Chart_4/source/org/jfree/chart/plot/CategoryPlot.java-5100-5106
similar code:/home/dale/d4j/Chart/Chart_4/source/org/jfree/chart/plot/XYPlot.java-5688-5693
similar code:/home/dale/d4j/Chart/Chart_4/source/org/jfree/chart/plot/XYPlot.java-5695-5700
similar code:/home/dale/d4j/Chart/Chart_4/source/org/jfree/chart/StandardChartTheme.java-1327-1332
similar code:/home/dale/d4j/Chart/Chart_4/source/org/jfree/chart/StandardChartTheme.java-1336-1341
similar code:/home/dale/d4j/Chart/Chart_4/source/org/jfree/chart/StandardChartTheme.java-1389-1394
similar code:/home/dale/d4j/Chart/Chart_4/source/org/jfree/chart/StandardChartTheme.java-1398-1403
similar code:/home/dale/d4j/Chart/Chart_4/source/org/jfree/chart/plot/CategoryPlot.java-1679-1684
similar code:/home/dale/d4j/Chart/Chart_4/source/org/jfree/data/statistics/Statistics.java-98-103
similar code:/home/dale/d4j/Chart/Chart_4/source/org/jfree/chart/plot/CategoryPlot.java-1367-1372
similar code:/home/dale/d4j/Chart/Chart_4/source/org/jfree/chart/plot/XYPlot.java-1444-1449
similar code:/home/dale/d4j/Chart/Chart_4/source/org/jfree/chart/block/GridArrangement.java-370-380
similar code:/home/dale/d4j/Chart/Chart_4/source/org/jfree/chart/block/GridArrangement.java-403-413
similar code:/home/dale/d4j/Chart/Chart_4/source/org/jfree/chart/renderer/category/BoxAndWhiskerRenderer.java-803-828
similar code:/home/dale/d4j/Chart/Chart_4/source/org/jfree/chart/axis/Axis.java-1174-1176
similar code:/home/dale/d4j/Chart/Chart_4/source/org/jfree/chart/plot/dial/DialPlot.java-555-568
similar code:/home/dale/d4j/Chart/Chart_4/source/org/jfree/chart/plot/dial/DialPlot.java-572-585
similar code:/home/dale/d4j/Chart/Chart_4/source/org/jfree/chart/title/TextTitle.java-723-727
similar code:/home/dale/d4j/Chart/Chart_4/source/org/jfree/chart/plot/CategoryPlot.java-4703-4708
similar code:/home/dale/d4j/Chart/Chart_4/source/org/jfree/chart/plot/XYPlot.java-5119-5124
similar code:/home/dale/d4j/Chart/Chart_4/source/org/jfree/chart/plot/XYPlot.java-5192-5197
similar code:/home/dale/d4j/Chart/Chart_4/source/org/jfree/chart/urls/CustomXYURLGenerator.java-142-146
similar code:/home/dale/d4j/Chart/Chart_4/source/org/jfree/chart/urls/CustomCategoryURLGenerator.java-132-136
similar code:/home/dale/d4j/Chart/Chart_4/source/org/jfree/chart/renderer/xy/XYSplineRenderer.java-198-200
similar code:/home/dale/d4j/Chart/Chart_4/source/org/jfree/data/KeyToGroupMap.java-194-196
similar code:/home/dale/d4j/Chart/Chart_4/source/org/jfree/chart/plot/PlotRenderingInfo.java-201-207
similar code:/home/dale/d4j/Chart/Chart_4/source/org/jfree/chart/plot/PlotUtilities.java-66-71
similar code:/home/dale/d4j/Chart/Chart_4/source/org/jfree/data/function/LineFunction2D.java-130-133
similar code:/home/dale/d4j/Chart/Chart_4/source/org/jfree/data/function/PowerFunction2D.java-130-133
similar code:/home/dale/d4j/Chart/Chart_4/source/org/jfree/data/gantt/TaskSeriesCollection.java-221-227
similar code:/home/dale/d4j/Chart/Chart_4/source/org/jfree/data/gantt/TaskSeries.java-142-148
similar code:/home/dale/d4j/Chart/Chart_4/source/org/jfree/data/DataUtilities.java-279-284
similar code:/home/dale/d4j/Chart/Chart_4/source/org/jfree/chart/title/LegendTitle.java-460-470
similar code:/home/dale/d4j/Chart/Chart_4/source/org/jfree/chart/entity/StandardEntityCollection.java-143-148
similar code:/home/dale/d4j/Chart/Chart_4/source/org/jfree/data/statistics/DefaultStatisticalCategoryDataset.java-600-604
similar code:/home/dale/d4j/Chart/Chart_4/source/org/jfree/data/statistics/DefaultStatisticalCategoryDataset.java-614-618
similar code:/home/dale/d4j/Chart/Chart_4/source/org/jfree/data/jdbc/JDBCCategoryDataset.java-213-228
similar code:/home/dale/d4j/Chart/Chart_4/source/org/jfree/chart/plot/XYPlot.java-1745-1753
similar code:/home/dale/d4j/Chart/Chart_4/source/org/jfree/chart/axis/LogarithmicAxis.java-937-958
similar code:/home/dale/d4j/Chart/Chart_4/source/org/jfree/chart/plot/XYPlot.java-5012-5021
similar code:/home/dale/d4j/Chart/Chart_4/source/org/jfree/chart/plot/XYPlot.java-5039-5048
similar code:/home/dale/d4j/Chart/Chart_4/source/org/jfree/data/statistics/DefaultStatisticalCategoryDataset.java-390-395
similar code:/home/dale/d4j/Chart/Chart_4/source/org/jfree/data/statistics/DefaultStatisticalCategoryDataset.java-408-413
similar code:/home/dale/d4j/Chart/Chart_4/source/org/jfree/chart/renderer/LookupPaintScale.java-252-257
similar code:/home/dale/d4j/Chart/Chart_4/source/org/jfree/data/time/Hour.java-288-296
similar code:/home/dale/d4j/Chart/Chart_4/source/org/jfree/chart/renderer/OutlierListCollection.java-149-152
similar code:/home/dale/d4j/Chart/Chart_4/source/org/jfree/chart/ui/BasicProjectInfo.java-253-256
similar code:/home/dale/d4j/Chart/Chart_4/source/org/jfree/chart/util/AbstractObjectList.java-258-267
similar code:/home/dale/d4j/Chart/Chart_4/source/org/jfree/chart/editor/DefaultPlotEditor.java-575-582
similar code:/home/dale/d4j/Chart/Chart_4/source/org/jfree/chart/editor/DefaultPlotEditor.java-594-601
similar code:/home/dale/d4j/Chart/Chart_4/source/org/jfree/chart/block/FlowArrangement.java-380-389
similar code:/home/dale/d4j/Chart/Chart_4/source/org/jfree/chart/block/ColumnArrangement.java-335-345
similar code:/home/dale/d4j/Chart/Chart_4/source/org/jfree/chart/axis/SymbolAxis.java-380-396
similar code:/home/dale/d4j/Chart/Chart_4/source/org/jfree/chart/axis/SymbolAxis.java-437-453
similar code:/home/dale/d4j/Chart/Chart_4/source/org/jfree/chart/plot/ThermometerPlot.java-1265-1271
similar code:/home/dale/d4j/Chart/Chart_4/source/org/jfree/data/general/DatasetUtilities.java-1413-1430
similar code:/home/dale/d4j/Chart/Chart_4/source/org/jfree/chart/JFreeChart.java-1159-1162
similar code:/home/dale/d4j/Chart/Chart_4/source/org/jfree/chart/util/ArrayUtilities.java-144-148
similar code:/home/dale/d4j/Chart/Chart_4/source/org/jfree/chart/plot/ThermometerPlot.java-1544-1548
similar code:/home/dale/d4j/Chart/Chart_4/source/org/jfree/chart/plot/DefaultDrawingSupplier.java-412-416
similar code:/home/dale/d4j/Chart/Chart_4/source/org/jfree/data/category/DefaultIntervalCategoryDataset.java-775-779
similar code:/home/dale/d4j/Chart/Chart_4/source/org/jfree/data/KeyedObjects.java-202-209
similar code:/home/dale/d4j/Chart/Chart_4/source/org/jfree/data/general/DatasetUtilities.java-1048-1068
similar code:/home/dale/d4j/Chart/Chart_4/source/org/jfree/chart/imagemap/ImageMapUtilities.java-235-240
similar code:/home/dale/d4j/Chart/Chart_4/source/org/jfree/chart/imagemap/ImageMapUtilities.java-269-274
similar code:/home/dale/d4j/Chart/Chart_4/source/org/jfree/data/xy/NormalizedMatrixSeries.java-93-99
similar code:/home/dale/d4j/Chart/Chart_4/source/org/jfree/chart/renderer/category/AbstractCategoryItemRenderer.java-904-906
similar code:/home/dale/d4j/Chart/Chart_4/source/org/jfree/chart/renderer/xy/AbstractXYItemRenderer.java-833-835
similar code:/home/dale/d4j/Chart/Chart_4/source/org/jfree/chart/renderer/xy/AbstractXYItemRenderer.java-881-883
similar code:/home/dale/d4j/Chart/Chart_4/source/org/jfree/chart/title/LegendItemBlockContainer.java-179-199
similar code:/home/dale/d4j/Chart/Chart_4/source/org/jfree/data/category/DefaultIntervalCategoryDataset.java-244-249
similar code:/home/dale/d4j/Chart/Chart_4/source/org/jfree/data/category/DefaultIntervalCategoryDataset.java-576-581
similar code:/home/dale/d4j/Chart/Chart_4/source/org/jfree/chart/axis/CategoryAxis.java-1102-1104
similar code:/home/dale/d4j/Chart/Chart_4/source/org/jfree/chart/plot/XYPlot.java-3965-3970
similar code:/home/dale/d4j/Chart/Chart_4/source/org/jfree/data/general/DatasetUtilities.java-1125-1146
similar code:/home/dale/d4j/Chart/Chart_4/source/org/jfree/data/io/CSV.java-157-169
similar code:/home/dale/d4j/Chart/Chart_4/source/org/jfree/data/xy/XYSeries.java-699-709
similar code:/home/dale/d4j/Chart/Chart_4/source/org/jfree/data/xy/XYSeries.java-722-732
similar code:/home/dale/d4j/Chart/Chart_4/source/org/jfree/data/time/TimeSeries.java-1266-1276
similar code:/home/dale/d4j/Chart/Chart_4/source/org/jfree/data/time/TimeSeries.java-1289-1299
similar code:/home/dale/d4j/Chart/Chart_4/source/org/jfree/chart/PolarChartPanel.java-242-250
similar code:/home/dale/d4j/Chart/Chart_4/source/org/jfree/data/time/DynamicTimeSeriesCollection.java-625-630
similar code:/home/dale/d4j/Chart/Chart_4/source/org/jfree/chart/block/LabelBlock.java-364-370
similar code:/home/dale/d4j/Chart/Chart_4/source/org/jfree/chart/axis/TickUnits.java-90-94
similar code:/home/dale/d4j/Chart/Chart_4/source/org/jfree/chart/plot/ThermometerPlot.java-1517-1522
similar code:/home/dale/d4j/Chart/Chart_4/source/org/jfree/chart/annotations/AbstractXYAnnotation.java-153-164
similar code:/home/dale/d4j/Chart/Chart_4/source/org/jfree/data/DataUtilities.java-286-292
similar code:/home/dale/d4j/Chart/Chart_4/source/org/jfree/chart/editor/DefaultPlotEditor.java-583-590
similar code:/home/dale/d4j/Chart/Chart_4/source/org/jfree/chart/editor/DefaultPlotEditor.java-602-609
similar code:/home/dale/d4j/Chart/Chart_4/source/org/jfree/data/category/DefaultIntervalCategoryDataset.java-344-350
similar code:/home/dale/d4j/Chart/Chart_4/source/org/jfree/chart/editor/DefaultNumberAxisEditor.java-250-255
similar code:/home/dale/d4j/Chart/Chart_4/source/org/jfree/chart/editor/DefaultAxisEditor.java-434-440
similar code:/home/dale/d4j/Chart/Chart_4/source/org/jfree/chart/editor/DefaultChartEditor.java-246-251
similar code:/home/dale/d4j/Chart/Chart_4/source/org/jfree/chart/editor/DefaultPlotEditor.java-433-438
similar code:/home/dale/d4j/Chart/Chart_4/source/org/jfree/chart/editor/DefaultPlotEditor.java-461-466
similar code:/home/dale/d4j/Chart/Chart_4/source/org/jfree/chart/renderer/DefaultPolarItemRenderer.java-224-237
similar code:/home/dale/d4j/Chart/Chart_4/source/org/jfree/data/xy/MatrixSeriesCollection.java-243-247
similar code:/home/dale/d4j/Chart/Chart_4/source/org/jfree/chart/plot/XYPlot.java-3926-3950
similar code:/home/dale/d4j/Chart/Chart_4/source/org/jfree/chart/plot/XYPlot.java-3894-3898
similar code:/home/dale/d4j/Chart/Chart_4/source/org/jfree/chart/plot/CategoryPlot.java-4672-4690
similar code:/home/dale/d4j/Chart/Chart_4/source/org/jfree/chart/plot/XYPlot.java-5082-5100
similar code:/home/dale/d4j/Chart/Chart_4/source/org/jfree/chart/plot/XYPlot.java-5159-5177
similar code:/home/dale/d4j/Chart/Chart_4/source/org/jfree/chart/editor/DefaultPlotEditor.java-181-185
similar code:/home/dale/d4j/Chart/Chart_4/source/org/jfree/chart/editor/DefaultPlotEditor.java-189-193
similar code:/home/dale/d4j/Chart/Chart_4/source/org/jfree/chart/axis/SegmentedTimeline.java-887-890
similar code:/home/dale/d4j/Chart/Chart_4/source/org/jfree/chart/util/ObjectUtilities.java-395-402
similar code:/home/dale/d4j/Chart/Chart_4/source/org/jfree/chart/plot/CategoryPlot.java-3398-3404
similar code:/home/dale/d4j/Chart/Chart_4/source/org/jfree/chart/plot/CategoryPlot.java-3445-3451
similar code:/home/dale/d4j/Chart/Chart_4/source/org/jfree/chart/plot/XYPlot.java-3079-3085
similar code:/home/dale/d4j/Chart/Chart_4/source/org/jfree/chart/plot/XYPlot.java-3126-3132
similar code:/home/dale/d4j/Chart/Chart_4/source/org/jfree/chart/imagemap/ImageMapUtilities.java-183-195
similar code:/home/dale/d4j/Chart/Chart_4/source/org/jfree/chart/renderer/OutlierListCollection.java-179-183
similar code:/home/dale/d4j/Chart/Chart_4/source/org/jfree/data/DefaultKeyedValues.java-149-156
similar code:/home/dale/d4j/Chart/Chart_4/source/org/jfree/chart/ChartPanel.java-2714-2721
similar code:/home/dale/d4j/Chart/Chart_4/source/org/jfree/chart/block/AbstractBlock.java-442-444
similar code:/home/dale/d4j/Chart/Chart_4/source/org/jfree/chart/block/AbstractBlock.java-445-447
similar code:/home/dale/d4j/Chart/Chart_4/source/org/jfree/chart/block/AbstractBlock.java-457-459
similar code:/home/dale/d4j/Chart/Chart_4/source/org/jfree/chart/block/AbstractBlock.java-460-462
similar code:/home/dale/d4j/Chart/Chart_4/source/org/jfree/data/time/Millisecond.java-260-268
similar code:/home/dale/d4j/Chart/Chart_4/source/org/jfree/data/time/Second.java-255-263
similar code:/home/dale/d4j/Chart/Chart_4/source/org/jfree/data/time/Minute.java-292-300
similar code:/home/dale/d4j/Chart/Chart_4/source/org/jfree/data/general/DatasetUtilities.java-1077-1090
similar code:/home/dale/d4j/Chart/Chart_4/source/org/jfree/chart/block/LineBorder.java-176-179
similar code:/home/dale/d4j/Chart/Chart_4/source/org/jfree/chart/axis/CategoryAxis.java-1042-1047
similar code:/home/dale/d4j/Chart/Chart_4/source/org/jfree/chart/renderer/xy/StackedXYAreaRenderer.java-600-605
similar code:/home/dale/d4j/Chart/Chart_4/source/org/jfree/chart/plot/CategoryPlot.java-4014-4019
similar code:/home/dale/d4j/Chart/Chart_4/source/org/jfree/chart/plot/MultiplePiePlot.java-569-579
similar code:/home/dale/d4j/Chart/Chart_4/source/org/jfree/chart/labels/MultipleXYSeriesLabelGenerator.java-109-115
similar code:/home/dale/d4j/Chart/Chart_4/source/org/jfree/data/xy/IntervalXYDelegate.java-330-335
similar code:/home/dale/d4j/Chart/Chart_4/source/org/jfree/data/xy/IntervalXYDelegate.java-347-352
similar code:/home/dale/d4j/Chart/Chart_4/source/org/jfree/data/time/TimeTableXYDataset.java-501-506
similar code:/home/dale/d4j/Chart/Chart_4/source/org/jfree/data/time/TimeTableXYDataset.java-518-523
similar code:/home/dale/d4j/Chart/Chart_4/source/org/jfree/data/time/TimeSeriesCollection.java-602-607
similar code:/home/dale/d4j/Chart/Chart_4/source/org/jfree/data/time/TimeSeriesCollection.java-619-624
similar code:/home/dale/d4j/Chart/Chart_4/source/org/jfree/data/time/TimePeriodValuesCollection.java-344-349
similar code:/home/dale/d4j/Chart/Chart_4/source/org/jfree/data/time/TimePeriodValuesCollection.java-361-366
similar code:/home/dale/d4j/Chart/Chart_4/source/org/jfree/chart/util/ObjectUtilities.java-420-429
similar code:/home/dale/d4j/Chart/Chart_4/source/org/jfree/chart/axis/DateAxis.java-601-607
similar code:/home/dale/d4j/Chart/Chart_4/source/org/jfree/chart/axis/DateAxis.java-651-657
similar code:/home/dale/d4j/Chart/Chart_4/source/org/jfree/data/xy/XYSeries.java-800-803
similar code:/home/dale/d4j/Chart/Chart_4/source/org/jfree/chart/renderer/category/GroupedStackedBarRenderer.java-271-283
similar code:/home/dale/d4j/Chart/Chart_4/source/org/jfree/chart/demo/TimeSeriesChartDemo1.java-115-120
similar code:/home/dale/d4j/Chart/Chart_4/source/org/jfree/data/category/CategoryToPieDataset.java-308-327
similar code:/home/dale/d4j/Chart/Chart_4/source/org/jfree/data/KeyedObjects.java-324-342
similar code:/home/dale/d4j/Chart/Chart_4/source/org/jfree/data/general/DefaultPieDataset.java-324-343
similar code:/home/dale/d4j/Chart/Chart_4/source/org/jfree/data/DefaultKeyedValues.java-422-440
similar code:/home/dale/d4j/Chart/Chart_4/source/org/jfree/chart/plot/SpiderWebPlot.java-1086-1098
similar code:/home/dale/d4j/Chart/Chart_4/source/org/jfree/chart/plot/PiePlot.java-2553-2566
similar code:/home/dale/d4j/Chart/Chart_4/source/org/jfree/chart/plot/PieLabelDistributor.java-165-173
similar code:/home/dale/d4j/Chart/Chart_4/source/org/jfree/data/KeyToGroupMap.java-280-290
similar code:/home/dale/d4j/Chart/Chart_4/source/org/jfree/chart/plot/MultiplePiePlot.java-474-484
similar code:/home/dale/d4j/Chart/Chart_4/source/org/jfree/data/statistics/HistogramDataset.java-228-232
similar code:/home/dale/d4j/Chart/Chart_4/source/org/jfree/data/statistics/HistogramDataset.java-250-254
similar code:/home/dale/d4j/Chart/Chart_4/source/org/jfree/data/xy/XYSeries.java-533-543
similar code:/home/dale/d4j/Chart/Chart_4/source/org/jfree/data/ComparableObjectSeries.java-245-255
similar code:/home/dale/d4j/Chart/Chart_4/source/org/jfree/chart/renderer/category/AbstractCategoryItemRenderer.java-1850-1860
similar code:/home/dale/d4j/Chart/Chart_4/source/org/jfree/chart/util/StrokeMap.java-140-151
similar code:/home/dale/d4j/Chart/Chart_4/source/org/jfree/chart/util/PaintMap.java-145-156
similar code:/home/dale/d4j/Chart/Chart_4/source/org/jfree/chart/plot/CategoryPlot.java-3995-3999
similar code:/home/dale/d4j/Chart/Chart_4/source/org/jfree/chart/util/ObjectUtilities.java-300-305
similar code:/home/dale/d4j/Chart/Chart_4/source/org/jfree/data/time/RegularTimePeriod.java-86-96
similar code:/home/dale/d4j/Chart/Chart_4/source/org/jfree/data/statistics/DefaultBoxAndWhiskerXYDataset.java-222-246
similar code:/home/dale/d4j/Chart/Chart_4/source/org/jfree/chart/plot/CombinedRangeXYPlot.java-407-416
similar code:/home/dale/d4j/Chart/Chart_4/source/org/jfree/chart/plot/CombinedDomainXYPlot.java-460-469
similar code:/home/dale/d4j/Chart/Chart_4/source/org/jfree/chart/plot/SpiderWebPlot.java-1344-1363
similar code:/home/dale/d4j/Chart/Chart_4/source/org/jfree/chart/title/LegendTitle.java-533-537
similar code:/home/dale/d4j/Chart/Chart_4/source/org/jfree/chart/ChartPanel.java-2724-2733
similar code:/home/dale/d4j/Chart/Chart_4/source/org/jfree/data/time/SerialDate.java-255-264
similar code:/home/dale/d4j/Chart/Chart_4/source/org/jfree/chart/axis/SymbolAxis.java-602-609
similar code:/home/dale/d4j/Chart/Chart_4/source/org/jfree/chart/axis/SymbolAxis.java-696-703
similar code:/home/dale/d4j/Chart/Chart_4/source/org/jfree/chart/entity/StandardEntityCollection.java-116-119
similar code:/home/dale/d4j/Chart/Chart_4/source/org/jfree/chart/ChartPanel.java-1388-1391
similar code:/home/dale/d4j/Chart/Chart_4/source/org/jfree/chart/ChartPanel.java-2646-2649
similar code:/home/dale/d4j/Chart/Chart_4/source/org/jfree/chart/renderer/AbstractRenderer.java-2844-2847
similar code:/home/dale/d4j/Chart/Chart_4/source/org/jfree/chart/panel/AbstractOverlay.java-74-77
similar code:/home/dale/d4j/Chart/Chart_4/source/org/jfree/chart/JFreeChart.java-1477-1480
similar code:/home/dale/d4j/Chart/Chart_4/source/org/jfree/chart/plot/AbstractPieLabelDistributor.java-81-84
similar code:/home/dale/d4j/Chart/Chart_4/source/org/jfree/data/gantt/Task.java-178-181
similar code:/home/dale/d4j/Chart/Chart_4/source/org/jfree/chart/plot/RingPlot.java-430-443
similar code:/home/dale/d4j/Chart/Chart_4/source/org/jfree/chart/plot/CategoryPlot.java-2418-2426
similar code:/home/dale/d4j/Chart/Chart_4/source/org/jfree/chart/plot/CategoryPlot.java-2690-2698
similar code:/home/dale/d4j/Chart/Chart_4/source/org/jfree/chart/plot/XYPlot.java-2598-2606
similar code:/home/dale/d4j/Chart/Chart_4/source/org/jfree/chart/plot/XYPlot.java-2799-2807
similar code:/home/dale/d4j/Chart/Chart_4/source/org/jfree/chart/axis/NumberAxis.java-435-437
similar code:/home/dale/d4j/Chart/Chart_4/source/org/jfree/data/time/Month.java-464-481
similar code:/home/dale/d4j/Chart/Chart_4/source/org/jfree/chart/plot/CategoryPlot.java-4559-4571
similar code:/home/dale/d4j/Chart/Chart_4/source/org/jfree/chart/text/TextUtilities.java-247-270
similar code:/home/dale/d4j/Chart/Chart_4/source/org/jfree/chart/axis/PeriodAxis.java-1184-1204
similar code:/home/dale/d4j/Chart/Chart_4/source/org/jfree/chart/axis/PeriodAxisLabelInfo.java-277-287
similar code:/home/dale/d4j/Chart/Chart_4/source/org/jfree/chart/axis/DateAxis.java-1287-1298
similar code:/home/dale/d4j/Chart/Chart_4/source/org/jfree/data/time/TimeSeriesCollection.java-579-589
similar code:/home/dale/d4j/Chart/Chart_4/source/org/jfree/chart/renderer/category/StandardBarPainter.java-132-137
similar code:/home/dale/d4j/Chart/Chart_4/source/org/jfree/chart/renderer/category/GradientBarPainter.java-216-221
similar code:/home/dale/d4j/Chart/Chart_4/source/org/jfree/chart/renderer/xy/GradientXYBarPainter.java-219-224
similar code:/home/dale/d4j/Chart/Chart_4/source/org/jfree/chart/renderer/xy/StandardXYBarPainter.java-135-140
similar code:/home/dale/d4j/Chart/Chart_4/source/org/jfree/chart/util/ObjectUtilities.java-285-289
similar code:/home/dale/d4j/Chart/Chart_4/source/org/jfree/chart/axis/DateTickUnit.java-235-238
similar code:/home/dale/d4j/Chart/Chart_4/source/org/jfree/chart/axis/DateTickUnit.java-271-274
similar code:/home/dale/d4j/Chart/Chart_4/source/org/jfree/chart/renderer/xy/XYDifferenceRenderer.java-901-914
similar code:/home/dale/d4j/Chart/Chart_4/source/org/jfree/chart/renderer/xy/AbstractXYItemRenderer.java-1901-1911
similar code:/home/dale/d4j/Chart/Chart_4/source/org/jfree/chart/editor/DefaultTitleEditor.java-250-257
similar code:/home/dale/d4j/Chart/Chart_4/source/org/jfree/chart/ui/LCBLayout.java-104-113
similar code:/home/dale/d4j/Chart/Chart_4/source/org/jfree/chart/ui/LCBLayout.java-142-151
similar code:/home/dale/d4j/Chart/Chart_4/source/org/jfree/chart/ui/LCBLayout.java-178-187
similar code:/home/dale/d4j/Chart/Chart_4/source/org/jfree/chart/block/FlowArrangement.java-285-293
similar code:/home/dale/d4j/Chart/Chart_4/source/org/jfree/chart/block/FlowArrangement.java-336-344
similar code:/home/dale/d4j/Chart/Chart_4/source/org/jfree/chart/block/ColumnArrangement.java-266-274
similar code:/home/dale/d4j/Chart/Chart_4/source/org/jfree/chart/block/CenterArrangement.java-214-221
similar code:/home/dale/d4j/Chart/Chart_4/source/org/jfree/chart/block/CenterArrangement.java-263-270
similar code:/home/dale/d4j/Chart/Chart_4/source/org/jfree/chart/renderer/xy/XYBoxAndWhiskerRenderer.java-677-688
similar code:/home/dale/d4j/Chart/Chart_4/source/org/jfree/chart/plot/PieLabelDistributor.java-145-154
similar code:/home/dale/d4j/Chart/Chart_4/source/org/jfree/chart/JFreeChart.java-1205-1217
similar code:/home/dale/d4j/Chart/Chart_4/source/org/jfree/chart/plot/CategoryPlot.java-3301-3307
similar code:/home/dale/d4j/Chart/Chart_4/source/org/jfree/chart/plot/XYPlot.java-2958-2964
similar code:/home/dale/d4j/Chart/Chart_4/source/org/jfree/data/time/MovingAverage.java-146-161
similar code:/home/dale/d4j/Chart/Chart_4/source/org/jfree/chart/renderer/category/StackedAreaRenderer.java-421-435
similar code:/home/dale/d4j/Chart/Chart_4/source/org/jfree/chart/ChartPanel.java-2737-2746
similar code:/home/dale/d4j/Chart/Chart_4/source/org/jfree/chart/ChartPanel.java-2750-2759
similar code:/home/dale/d4j/Chart/Chart_4/source/org/jfree/chart/plot/CategoryPlot.java-2409-2417
similar code:/home/dale/d4j/Chart/Chart_4/source/org/jfree/chart/plot/CategoryPlot.java-2681-2689
similar code:/home/dale/d4j/Chart/Chart_4/source/org/jfree/chart/plot/XYPlot.java-2589-2597
similar code:/home/dale/d4j/Chart/Chart_4/source/org/jfree/chart/plot/XYPlot.java-2790-2798
similar code:/home/dale/d4j/Chart/Chart_4/source/org/jfree/chart/util/RefineryUtilities.java-245-252
similar code:/home/dale/d4j/Chart/Chart_4/source/org/jfree/data/xy/DefaultWindDataset.java-147-162
similar code:/home/dale/d4j/Chart/Chart_4/source/org/jfree/data/time/SerialDate.java-453-462
similar code:/home/dale/d4j/Chart/Chart_4/source/org/jfree/chart/renderer/category/GroupedStackedBarRenderer.java-121-126
similar code:/home/dale/d4j/Chart/Chart_4/source/org/jfree/chart/PolarChartPanel.java-158-168
similar code:/home/dale/d4j/Chart/Chart_4/source/org/jfree/chart/plot/dial/DialPlot.java-650-660
similar code:/home/dale/d4j/Chart/Chart_4/source/org/jfree/chart/renderer/xy/XYBlockRenderer.java-294-303
similar code:/home/dale/d4j/Chart/Chart_4/source/org/jfree/chart/renderer/xy/XYBlockRenderer.java-321-330
similar code:/home/dale/d4j/Chart/Chart_4/source/org/jfree/chart/block/FlowArrangement.java-241-249
similar code:/home/dale/d4j/Chart/Chart_4/source/org/jfree/chart/block/FlowArrangement.java-310-318
similar code:/home/dale/d4j/Chart/Chart_4/source/org/jfree/chart/block/ColumnArrangement.java-291-299
similar code:/home/dale/d4j/Chart/Chart_4/source/org/jfree/chart/block/CenterArrangement.java-171-178
similar code:/home/dale/d4j/Chart/Chart_4/source/org/jfree/chart/block/CenterArrangement.java-238-245
similar code:/home/dale/d4j/Chart/Chart_4/source/org/jfree/data/time/TimeSeries.java-846-856
similar code:/home/dale/d4j/Chart/Chart_4/source/org/jfree/chart/util/ArrayUtilities.java-162-170
similar code:/home/dale/d4j/Chart/Chart_4/source/org/jfree/chart/renderer/category/StackedAreaRenderer.java-390-399
similar code:/home/dale/d4j/Chart/Chart_4/source/org/jfree/chart/plot/PiePlot3D.java-622-626
similar code:/home/dale/d4j/Chart/Chart_4/source/org/jfree/chart/axis/LogarithmicAxis.java-552-556
similar code:/home/dale/d4j/Chart/Chart_4/source/org/jfree/chart/renderer/category/BoxAndWhiskerRenderer.java-838-850
similar code:/home/dale/d4j/Chart/Chart_4/source/org/jfree/chart/block/BlockBorder.java-188-191
similar code:/home/dale/d4j/Chart/Chart_4/source/org/jfree/chart/axis/NumberAxis3D.java-145-153
similar code:/home/dale/d4j/Chart/Chart_4/source/org/jfree/chart/plot/MultiplePiePlot.java-526-536
similar code:/home/dale/d4j/Chart/Chart_4/source/org/jfree/chart/plot/MultiplePiePlot.java-540-550
similar code:/home/dale/d4j/Chart/Chart_4/source/org/jfree/chart/plot/PiePlot3D.java-558-571
similar code:/home/dale/d4j/Chart/Chart_4/source/org/jfree/chart/renderer/category/GradientBarPainter.java-294-309
similar code:/home/dale/d4j/Chart/Chart_4/source/org/jfree/chart/renderer/category/GradientBarPainter.java-323-338
similar code:/home/dale/d4j/Chart/Chart_4/source/org/jfree/chart/renderer/xy/GradientXYBarPainter.java-297-312
similar code:/home/dale/d4j/Chart/Chart_4/source/org/jfree/chart/renderer/xy/GradientXYBarPainter.java-326-341
similar code:/home/dale/d4j/Chart/Chart_4/source/org/jfree/chart/axis/CategoryAxis.java-1107-1120
similar code:/home/dale/d4j/Chart/Chart_4/source/org/jfree/chart/plot/PiePlot.java-3006-3011
similar code:/home/dale/d4j/Chart/Chart_4/source/org/jfree/chart/plot/PiePlot.java-3057-3062
similar code:/home/dale/d4j/Chart/Chart_4/source/org/jfree/chart/renderer/xy/StackedXYAreaRenderer2.java-469-479
similar code:/home/dale/d4j/Chart/Chart_4/source/org/jfree/chart/renderer/category/StackedBarRenderer.java-316-330
similar code:/home/dale/d4j/Chart/Chart_4/source/org/jfree/chart/renderer/xy/XYDifferenceRenderer.java-1043-1055
similar code:/home/dale/d4j/Chart/Chart_4/source/org/jfree/chart/renderer/xy/XYDifferenceRenderer.java-1071-1083
similar code:/home/dale/d4j/Chart/Chart_4/source/org/jfree/chart/plot/XYPlot.java-5824-5838
similar code:/home/dale/d4j/Chart/Chart_4/source/org/jfree/chart/axis/PeriodAxis.java-349-353
similar code:/home/dale/d4j/Chart/Chart_4/source/org/jfree/chart/axis/PeriodAxis.java-373-377
similar code:/home/dale/d4j/Chart/Chart_4/source/org/jfree/chart/axis/PeriodAxis.java-419-423
similar code:/home/dale/d4j/Chart/Chart_4/source/org/jfree/chart/renderer/xy/CandlestickRenderer.java-718-727
similar code:/home/dale/d4j/Chart/Chart_4/source/org/jfree/data/DataUtilities.java-129-134
similar code:/home/dale/d4j/Chart/Chart_4/source/org/jfree/data/DataUtilities.java-184-189
similar code:/home/dale/d4j/Chart/Chart_4/source/org/jfree/chart/axis/LogarithmicAxis.java-778-791
similar code:/home/dale/d4j/Chart/Chart_4/source/org/jfree/chart/renderer/category/StackedBarRenderer3D.java-497-519
similar code:/home/dale/d4j/Chart/Chart_4/source/org/jfree/chart/renderer/category/StackedBarRenderer3D.java-696-718
similar code:/home/dale/d4j/Chart/Chart_4/source/org/jfree/chart/plot/CategoryPlot.java-4231-4244
similar code:/home/dale/d4j/Chart/Chart_4/source/org/jfree/chart/axis/DateAxis.java-1093-1097
similar code:/home/dale/d4j/Chart/Chart_4/source/org/jfree/chart/axis/LogAxis.java-391-403
similar code:/home/dale/d4j/Chart/Chart_4/source/org/jfree/chart/plot/dial/DialPlot.java-542-554
similar code:/home/dale/d4j/Chart/Chart_4/source/org/jfree/chart/renderer/xy/XYShapeRenderer.java-348-356
similar code:/home/dale/d4j/Chart/Chart_4/source/org/jfree/chart/renderer/xy/XYShapeRenderer.java-369-377
similar code:/home/dale/d4j/Chart/Chart_4/source/org/jfree/data/time/MovingAverage.java-328-340
similar code:/home/dale/d4j/Chart/Chart_4/source/org/jfree/chart/plot/CombinedRangeCategoryPlot.java-368-381
similar code:/home/dale/d4j/Chart/Chart_4/source/org/jfree/chart/plot/CombinedDomainCategoryPlot.java-466-479
similar code:/home/dale/d4j/Chart/Chart_4/source/org/jfree/data/xy/XYSeries.java-887-896
similar code:/home/dale/d4j/Chart/Chart_4/source/org/jfree/chart/ui/LCBLayout.java-218-220
similar code:/home/dale/d4j/Chart/Chart_4/source/org/jfree/chart/ui/LCBLayout.java-221-223
similar code:/home/dale/d4j/Chart/Chart_4/source/org/jfree/chart/util/ObjectUtilities.java-254-274
similar code:/home/dale/d4j/Chart/Chart_4/source/org/jfree/chart/plot/CategoryPlot.java-3937-3946
similar code:/home/dale/d4j/Chart/Chart_4/source/org/jfree/chart/ChartPanel.java-1318-1323
similar code:/home/dale/d4j/Chart/Chart_4/source/org/jfree/chart/panel/CrosshairOverlay.java-105-110
similar code:/home/dale/d4j/Chart/Chart_4/source/org/jfree/chart/panel/CrosshairOverlay.java-164-169
similar code:/home/dale/d4j/Chart/Chart_4/source/org/jfree/chart/JFreeChart.java-753-758
similar code:/home/dale/d4j/Chart/Chart_4/source/org/jfree/chart/plot/dial/DialPlot.java-330-335
similar code:/home/dale/d4j/Chart/Chart_4/source/org/jfree/chart/plot/dial/DialPlot.java-385-390
similar code:/home/dale/d4j/Chart/Chart_4/source/org/jfree/data/xy/VectorSeriesCollection.java-80-85
similar code:/home/dale/d4j/Chart/Chart_4/source/org/jfree/data/xy/XYIntervalSeriesCollection.java-83-88
similar code:/home/dale/d4j/Chart/Chart_4/source/org/jfree/data/xy/YIntervalSeriesCollection.java-83-88
similar code:/home/dale/d4j/Chart/Chart_4/source/org/jfree/data/xy/MatrixSeriesCollection.java-215-223
similar code:/home/dale/d4j/Chart/Chart_4/source/org/jfree/data/xy/XIntervalSeriesCollection.java-81-86
similar code:/home/dale/d4j/Chart/Chart_4/source/org/jfree/data/xy/XYSeriesCollection.java-147-152
similar code:/home/dale/d4j/Chart/Chart_4/source/org/jfree/data/time/TimeSeriesCollection.java-319-324
similar code:/home/dale/d4j/Chart/Chart_4/source/org/jfree/data/time/TimePeriodValuesCollection.java-178-184
similar code:/home/dale/d4j/Chart/Chart_4/source/org/jfree/data/time/ohlc/OHLCSeriesCollection.java-117-122
similar code:/home/dale/d4j/Chart/Chart_4/source/org/jfree/chart/axis/MonthDateFormat.java-171-179
similar code:/home/dale/d4j/Chart/Chart_4/source/org/jfree/chart/axis/LogarithmicAxis.java-518-532
similar code:/home/dale/d4j/Chart/Chart_4/source/org/jfree/chart/axis/CyclicNumberAxis.java-486-499
similar code:/home/dale/d4j/Chart/Chart_4/source/org/jfree/chart/axis/CyclicNumberAxis.java-505-518
similar code:/home/dale/d4j/Chart/Chart_4/source/org/jfree/chart/axis/CyclicNumberAxis.java-523-536
similar code:/home/dale/d4j/Chart/Chart_4/source/org/jfree/chart/axis/CyclicNumberAxis.java-635-648
similar code:/home/dale/d4j/Chart/Chart_4/source/org/jfree/chart/axis/CyclicNumberAxis.java-654-667
similar code:/home/dale/d4j/Chart/Chart_4/source/org/jfree/chart/axis/CyclicNumberAxis.java-675-688
similar code:/home/dale/d4j/Chart/Chart_4/source/org/jfree/chart/axis/CyclicNumberAxis.java-693-706
similar code:/home/dale/d4j/Chart/Chart_4/source/org/jfree/chart/plot/CompassPlot.java-682-692
similar code:/home/dale/d4j/Chart/Chart_4/source/org/jfree/chart/ui/BasicProjectInfo.java-283-287
similar code:/home/dale/d4j/Chart/Chart_4/source/org/jfree/chart/ui/BasicProjectInfo.java-299-302
similar code:/home/dale/d4j/Chart/Chart_4/source/org/jfree/chart/plot/MeterPlot.java-754-758
similar code:/home/dale/d4j/Chart/Chart_4/source/org/jfree/chart/plot/PolarPlot.java-245-249
similar code:/home/dale/d4j/Chart/Chart_4/source/org/jfree/data/gantt/TaskSeries.java-83-87
similar code:/home/dale/d4j/Chart/Chart_4/source/org/jfree/chart/block/BlockContainer.java-207-218
similar code:/home/dale/d4j/Chart/Chart_4/source/org/jfree/chart/title/PaintScaleLegend.java-539-548
similar code:/home/dale/d4j/Chart/Chart_4/source/org/jfree/data/xy/DefaultXYDataset.java-321-334
similar code:/home/dale/d4j/Chart/Chart_4/source/org/jfree/chart/plot/FastScatterPlot.java-723-731
similar code:/home/dale/d4j/Chart/Chart_4/source/org/jfree/chart/plot/FastScatterPlot.java-755-763
similar code:/home/dale/d4j/Chart/Chart_4/source/org/jfree/chart/ChartPanel.java-784-794
similar code:/home/dale/d4j/Chart/Chart_4/source/org/jfree/data/DataUtilities.java-104-110
similar code:/home/dale/d4j/Chart/Chart_4/source/org/jfree/data/DataUtilities.java-73-75
similar code:/home/dale/d4j/Chart/Chart_4/source/org/jfree/chart/renderer/category/StackedBarRenderer3D.java-523-536
similar code:/home/dale/d4j/Chart/Chart_4/source/org/jfree/chart/renderer/category/StackedBarRenderer3D.java-722-735
similar code:/home/dale/d4j/Chart/Chart_4/source/org/jfree/chart/ui/BasicProjectInfo.java-113-124
similar code:/home/dale/d4j/Chart/Chart_4/source/org/jfree/chart/plot/dial/StandardDialScale.java-816-833
similar code:/home/dale/d4j/Chart/Chart_4/source/org/jfree/chart/title/LegendTitle.java-491-506
similar code:/home/dale/d4j/Chart/Chart_4/source/org/jfree/chart/axis/PeriodAxis.java-1064-1079
similar code:/home/dale/d4j/Chart/Chart_4/source/org/jfree/chart/renderer/xy/StackedXYBarRenderer.java-279-292
similar code:/home/dale/d4j/Chart/Chart_4/source/org/jfree/chart/plot/PiePlot3D.java-397-400
similar code:/home/dale/d4j/Chart/Chart_4/source/org/jfree/chart/plot/PiePlot3D.java-402-405
similar code:/home/dale/d4j/Chart/Chart_4/source/org/jfree/chart/axis/SubCategoryAxis.java-366-378
similar code:/home/dale/d4j/Chart/Chart_4/source/org/jfree/chart/needle/MiddlePinNeedle.java-96-108
similar code:/home/dale/d4j/Chart/Chart_4/source/org/jfree/chart/block/AbstractBlock.java-415-434
similar code:/home/dale/d4j/Chart/Chart_4/source/org/jfree/chart/block/AbstractBlock.java-415-434
similar code:/home/dale/d4j/Chart/Chart_4/source/org/jfree/chart/needle/PinNeedle.java-94-106
similar code:/home/dale/d4j/Chart/Chart_4/source/org/jfree/chart/plot/PiePlot.java-2694-2720
similar code:/home/dale/d4j/Chart/Chart_4/source/org/jfree/chart/util/SerialUtilities.java-199-214
similar code:/home/dale/d4j/Chart/Chart_4/source/org/jfree/chart/util/SerialUtilities.java-125-137
similar code:/home/dale/d4j/Chart/Chart_4/source/org/jfree/chart/renderer/category/AbstractCategoryItemRenderer.java-1837-1846
similar code:/home/dale/d4j/Chart/Chart_4/source/org/jfree/chart/renderer/xy/AbstractXYItemRenderer.java-1888-1897
similar code:/home/dale/d4j/Chart/Chart_4/source/org/jfree/chart/axis/PeriodAxis.java-755-778
similar code:/home/dale/d4j/Chart/Chart_4/source/org/jfree/chart/axis/MarkerAxisBand.java-159-175
similar code:/home/dale/d4j/Chart/Chart_4/source/org/jfree/chart/util/HashUtilities.java-211-212
similar code:/home/dale/d4j/Chart/Chart_4/source/org/jfree/chart/text/TextLine.java-108-119
similar code:/home/dale/d4j/Chart/Chart_4/source/org/jfree/chart/plot/CombinedRangeCategoryPlot.java-297-318
similar code:/home/dale/d4j/Chart/Chart_4/source/org/jfree/chart/plot/CombinedRangeXYPlot.java-335-356
similar code:/home/dale/d4j/Chart/Chart_4/source/org/jfree/chart/plot/CombinedDomainXYPlot.java-389-410
similar code:/home/dale/d4j/Chart/Chart_4/source/org/jfree/chart/plot/CombinedDomainCategoryPlot.java-388-409
similar code:/home/dale/d4j/Chart/Chart_4/source/org/jfree/chart/JFreeChart.java-770-781
similar code:/home/dale/d4j/Chart/Chart_4/source/org/jfree/chart/plot/PiePlot.java-2817-2841
similar code:/home/dale/d4j/Chart/Chart_4/source/org/jfree/data/xy/DefaultXYZDataset.java-366-384
similar code:/home/dale/d4j/Chart/Chart_4/source/org/jfree/chart/util/ObjectUtilities.java-318-337
similar code:/home/dale/d4j/Chart/Chart_4/source/org/jfree/data/time/Quarter.java-459-486
similar code:/home/dale/d4j/Chart/Chart_4/source/org/jfree/chart/plot/PiePlot.java-2762-2787
similar code:/home/dale/d4j/Chart/Chart_4/source/org/jfree/chart/util/ArrayUtilities.java-185-202
similar code:/home/dale/d4j/Chart/Chart_4/source/org/jfree/chart/ChartPanel.java-1661-1688
similar code:/home/dale/d4j/Chart/Chart_4/source/org/jfree/data/statistics/HistogramDataset.java-187-204
similar code:/home/dale/d4j/Chart/Chart_4/source/org/jfree/chart/axis/SubCategoryAxis.java-113-117
similar code:/home/dale/d4j/Chart/Chart_4/source/org/jfree/chart/axis/SymbolAxis.java-622-644
similar code:/home/dale/d4j/Chart/Chart_4/source/org/jfree/chart/axis/SymbolAxis.java-716-738
similar code:/home/dale/d4j/Chart/Chart_4/source/org/jfree/chart/axis/LogarithmicAxis.java-841-864
similar code:/home/dale/d4j/Chart/Chart_4/source/org/jfree/data/time/TimeSeries.java-583-592
similar code:/home/dale/d4j/Chart/Chart_4/source/org/jfree/chart/encoders/SunJPEGEncoderAdapter.java-157-175
similar code:/home/dale/d4j/Chart/Chart_4/source/org/jfree/data/time/Year.java-326-329
similar code:/home/dale/d4j/Chart/Chart_4/source/org/jfree/chart/renderer/xy/AbstractXYItemRenderer.java-670-677
similar code:/home/dale/d4j/Chart/Chart_4/source/org/jfree/chart/plot/XYPlot.java-3461-3470
similar code:/home/dale/d4j/Chart/Chart_4/source/org/jfree/chart/plot/XYPlot.java-3476-3485
similar code:/home/dale/d4j/Chart/Chart_4/source/org/jfree/chart/plot/XYPlot.java-3491-3500
similar code:/home/dale/d4j/Chart/Chart_4/source/org/jfree/chart/plot/XYPlot.java-3506-3515
similar code:/home/dale/d4j/Chart/Chart_4/source/org/jfree/data/time/TimePeriodValues.java-243-248
similar code:/home/dale/d4j/Chart/Chart_4/source/org/jfree/chart/axis/LogarithmicAxis.java-975-1009
similar code:/home/dale/d4j/Chart/Chart_4/source/org/jfree/chart/editor/DefaultPlotEditor.java-312-317
similar code:/home/dale/d4j/Chart/Chart_4/source/org/jfree/chart/util/ArrayUtilities.java-105-119
similar code:/home/dale/d4j/Chart/Chart_4/source/org/jfree/data/time/ohlc/OHLCSeries.java-102-109
similar code:/home/dale/d4j/Chart/Chart_4/source/org/jfree/chart/entity/ChartEntity.java-286-297
similar code:/home/dale/d4j/Chart/Chart_4/source/org/jfree/data/time/TimeSeries.java-472-473
similar code:/home/dale/d4j/Chart/Chart_4/source/org/jfree/data/xy/DefaultTableXYDataset.java-145-157
similar code:/home/dale/d4j/Chart/Chart_4/source/org/jfree/data/time/Week.java-384-396
similar code:/home/dale/d4j/Chart/Chart_4/source/org/jfree/chart/axis/DateAxis.java-1307-1318
similar code:/home/dale/d4j/Chart/Chart_4/source/org/jfree/chart/renderer/category/AbstractCategoryItemRenderer.java-669-676
similar code:/home/dale/d4j/Chart/Chart_4/source/org/jfree/data/statistics/Regression.java-345-357
similar code:/home/dale/d4j/Chart/Chart_4/source/org/jfree/chart/util/HashUtilities.java-97-99
similar code:/home/dale/d4j/Chart/Chart_4/source/org/jfree/chart/axis/LogarithmicAxis.java-802-829
similar code:/home/dale/d4j/Chart/Chart_4/source/org/jfree/chart/text/TextUtilities.java-195-198
similar code:/home/dale/d4j/Chart/Chart_4/source/org/jfree/chart/plot/CombinedRangeCategoryPlot.java-166-187
similar code:/home/dale/d4j/Chart/Chart_4/source/org/jfree/chart/plot/CombinedDomainCategoryPlot.java-169-188
similar code:/home/dale/d4j/Chart/Chart_4/source/org/jfree/chart/plot/CombinedDomainXYPlot.java-264-286
similar code:/home/dale/d4j/Chart/Chart_4/source/org/jfree/data/time/Week.java-409-421
similar code:/home/dale/d4j/Chart/Chart_4/source/org/jfree/chart/axis/DateAxis.java-1631-1636
similar code:/home/dale/d4j/Chart/Chart_4/source/org/jfree/chart/axis/DateAxis.java-1745-1750
similar code:/home/dale/d4j/Chart/Chart_4/source/org/jfree/chart/axis/DateAxis.java-1685-1691
similar code:/home/dale/d4j/Chart/Chart_4/source/org/jfree/chart/axis/DateAxis.java-1797-1803
similar code:/home/dale/d4j/Chart/Chart_4/source/org/jfree/data/time/RegularTimePeriod.java-108-131
similar code:/home/dale/d4j/Chart/Chart_4/source/org/jfree/chart/axis/NumberAxis.java-1186-1190
similar code:/home/dale/d4j/Chart/Chart_4/source/org/jfree/chart/axis/NumberAxis.java-1235-1239
similar code:/home/dale/d4j/Chart/Chart_4/source/org/jfree/chart/axis/NumberAxis.java-1282-1286
similar code:/home/dale/d4j/Chart/Chart_4/source/org/jfree/chart/axis/NumberAxis.java-1336-1340
similar code:/home/dale/d4j/Chart/Chart_4/source/org/jfree/data/DataUtilities.java-79-81
similar code:/home/dale/d4j/Chart/Chart_4/source/org/jfree/data/statistics/DefaultMultiValueCategoryDataset.java-105-115
similar code:/home/dale/d4j/Chart/Chart_4/source/org/jfree/chart/block/AbstractBlock.java-437-439
similar code:/home/dale/d4j/Chart/Chart_4/source/org/jfree/chart/block/AbstractBlock.java-452-454
similar code:/home/dale/d4j/Chart/Chart_4/source/org/jfree/data/jdbc/JDBCXYDataset.java-338-342
similar code:/home/dale/d4j/Chart/Chart_4/source/org/jfree/data/jdbc/JDBCXYDataset.java-332-337
