-------- Original Code ---------
minimum=Math.min(minimum,uvalue);

/home/dale/d4j/fixed_bugs_dir/Chart/Chart_2/source/org/jfree/data/general/DatasetUtilities.java<1261,1261>

-------- Similar Code ---------
minimum=Math.min(minimum,runningTotal);

2.6666666666666665
/home/dale/d4j/Chart/Chart_2/source/org/jfree/chart/renderer/category/WaterfallBarRenderer.java<299,299>

-------- Similar Code ---------
minimum=Math.min(minimum,lvalue);

2.6666666666666665
/home/dale/d4j/Chart/Chart_2/source/org/jfree/chart/renderer/xy/VectorRenderer.java<125,125>

-------- Similar Code ---------
minimum=Math.min(minimum,lvalue);

2.6666666666666665
/home/dale/d4j/Chart/Chart_2/source/org/jfree/chart/renderer/xy/VectorRenderer.java<136,136>

-------- Similar Code ---------
minimum=Math.min(minimum,lvalue);

2.6666666666666665
/home/dale/d4j/Chart/Chart_2/source/org/jfree/chart/renderer/xy/VectorRenderer.java<181,181>

-------- Similar Code ---------
minimum=Math.min(minimum,lvalue);

2.6666666666666665
/home/dale/d4j/Chart/Chart_2/source/org/jfree/chart/renderer/xy/VectorRenderer.java<192,192>

-------- Similar Code ---------
minimum=Math.min(minimum,lvalue);

2.6666666666666665
/home/dale/d4j/Chart/Chart_2/source/org/jfree/chart/renderer/xy/ClusteredXYBarRenderer.java<187,187>

-------- Similar Code ---------
minimum=Math.min(minimum,lvalue);

2.6666666666666665
/home/dale/d4j/Chart/Chart_2/source/org/jfree/data/general/DatasetUtilities.java<758,758>

-------- Similar Code ---------
minimum=Math.min(minimum,lvalue);

2.6666666666666665
/home/dale/d4j/Chart/Chart_2/source/org/jfree/data/general/DatasetUtilities.java<773,773>

-------- Similar Code ---------
minimum=Math.min(v,minimum);

2.6666666666666665
/home/dale/d4j/Chart/Chart_2/source/org/jfree/data/general/DatasetUtilities.java<988,988>

-------- Similar Code ---------
minimum=Math.min(v,minimum);

2.6666666666666665
/home/dale/d4j/Chart/Chart_2/source/org/jfree/data/general/DatasetUtilities.java<994,994>

-------- Similar Code ---------
minimum=Math.min(v,minimum);

2.6666666666666665
/home/dale/d4j/Chart/Chart_2/source/org/jfree/data/general/DatasetUtilities.java<1000,1000>

-------- Similar Code ---------
minimum=Math.min(minimum,v);

2.6666666666666665
/home/dale/d4j/Chart/Chart_2/source/org/jfree/data/general/DatasetUtilities.java<1014,1014>

-------- Similar Code ---------
minimum=Math.min(minimum,v);

2.6666666666666665
/home/dale/d4j/Chart/Chart_2/source/org/jfree/data/general/DatasetUtilities.java<1124,1124>

-------- Similar Code ---------
minimum=Math.min(minimum,v);

2.6666666666666665
/home/dale/d4j/Chart/Chart_2/source/org/jfree/data/general/DatasetUtilities.java<1173,1173>

-------- Similar Code ---------
minimum=Math.min(minimum,lvalue);

2.6666666666666665
/home/dale/d4j/Chart/Chart_2/source/org/jfree/data/general/DatasetUtilities.java<1245,1245>

-------- Similar Code ---------
minimum=Math.min(minimum,lvalue);

2.6666666666666665
/home/dale/d4j/Chart/Chart_2/source/org/jfree/data/general/DatasetUtilities.java<1262,1262>

-------- Similar Code ---------
minimum=Math.min(minimum,value);

2.6666666666666665
/home/dale/d4j/Chart/Chart_2/source/org/jfree/data/general/DatasetUtilities.java<1277,1277>

-------- Similar Code ---------
minimum=Math.min(minimum,lvalue);

2.6666666666666665
/home/dale/d4j/Chart/Chart_2/source/org/jfree/data/general/DatasetUtilities.java<1332,1332>

-------- Similar Code ---------
minimum=Math.min(minimum,x);

2.6666666666666665
/home/dale/d4j/Chart/Chart_2/source/org/jfree/data/general/DatasetUtilities.java<1350,1350>

-------- Similar Code ---------
minimum=Math.min(minimum,lvalue);

2.6666666666666665
/home/dale/d4j/Chart/Chart_2/source/org/jfree/data/general/DatasetUtilities.java<1414,1414>

-------- Similar Code ---------
minimum=Math.min(minimum,lvalue);

2.6666666666666665
/home/dale/d4j/Chart/Chart_2/source/org/jfree/data/general/DatasetUtilities.java<1460,1460>

-------- Similar Code ---------
minimum=Math.min(minimum,y);

2.6666666666666665
/home/dale/d4j/Chart/Chart_2/source/org/jfree/data/general/DatasetUtilities.java<1481,1481>

-------- Similar Code ---------
minimum=Math.min(minimum,value);

2.6666666666666665
/home/dale/d4j/Chart/Chart_2/source/org/jfree/data/general/DatasetUtilities.java<1536,1536>

-------- Similar Code ---------
minimum=Math.min(minimum,value);

2.6666666666666665
/home/dale/d4j/Chart/Chart_2/source/org/jfree/data/general/DatasetUtilities.java<1710,1710>

-------- Similar Code ---------
minimum=Math.min(minimum,negative);

2.6666666666666665
/home/dale/d4j/Chart/Chart_2/source/org/jfree/data/general/DatasetUtilities.java<1889,1889>

-------- Similar Code ---------
minimum=Math.min(minimum,total);

2.6666666666666665
/home/dale/d4j/Chart/Chart_2/source/org/jfree/data/general/DatasetUtilities.java<1996,1996>

-------- Similar Code ---------
minimum=Math.min(minimum,runningTotal);

2.6666666666666665
/home/dale/d4j/Chart/Chart_2/source/org/jfree/data/general/DatasetUtilities.java<2152,2152>

-------- Similar Code ---------
minimum=Math.min(minimum,mean-std);

2.5516246302481784
/home/dale/d4j/Chart/Chart_2/source/org/jfree/data/general/DatasetUtilities.java<1155,1155>

-------- Similar Code ---------
minimum[g]=Math.min(minimum[g],negative[g]);

2.3601324624729196
/home/dale/d4j/Chart/Chart_2/source/org/jfree/data/general/DatasetUtilities.java<1951,1951>

-------- Similar Code ---------
minimum=Math.min(minimum,lvalue.doubleValue());

2.3051586491408833
/home/dale/d4j/Chart/Chart_2/source/org/jfree/data/general/DatasetUtilities.java<1076,1076>

-------- Similar Code ---------
minimum=Math.min(minimum,lvalue.doubleValue());

2.3051586491408833
/home/dale/d4j/Chart/Chart_2/source/org/jfree/data/general/DatasetUtilities.java<1098,1098>

-------- Similar Code ---------
minimum=Math.min(minimum,lvalue.doubleValue());

2.3051586491408833
/home/dale/d4j/Chart/Chart_2/source/org/jfree/data/general/DatasetUtilities.java<1437,1437>

-------- Similar Code ---------
minimum=Math.min(minimum,value.doubleValue());

2.3051586491408833
/home/dale/d4j/Chart/Chart_2/source/org/jfree/data/general/DatasetUtilities.java<1649,1649>

-------- Similar Code ---------
v=Math.min(v,this.upperBound);

2.0
/home/dale/d4j/Chart/Chart_2/source/org/jfree/chart/renderer/GrayPaintScale.java<166,166>

-------- Similar Code ---------
barHigh=Math.min(barHigh,max);

2.0
/home/dale/d4j/Chart/Chart_2/source/org/jfree/chart/renderer/category/BarRenderer.java<848,848>

-------- Similar Code ---------
l_minuendMinY=Math.min(l_minuendMinY,l_y1);

2.0
/home/dale/d4j/Chart/Chart_2/source/org/jfree/chart/renderer/xy/XYDifferenceRenderer.java<584,584>

-------- Similar Code ---------
l_subtrahendMinY=Math.min(l_subtrahendMinY,l_y3);

2.0
/home/dale/d4j/Chart/Chart_2/source/org/jfree/chart/renderer/xy/XYDifferenceRenderer.java<606,606>

-------- Similar Code ---------
xxWidth=Math.min(xxWidth,this.maxCandleWidth);

2.0
/home/dale/d4j/Chart/Chart_2/source/org/jfree/chart/renderer/xy/CandlestickRenderer.java<745,745>

-------- Similar Code ---------
minval=Math.min(minval,v);

2.0
/home/dale/d4j/Chart/Chart_2/source/org/jfree/data/statistics/DefaultMultiValueCategoryDataset.java<136,136>

-------- Similar Code ---------
minRegularValue=Math.min(minRegularValue,value);

2.0
/home/dale/d4j/Chart/Chart_2/source/org/jfree/data/statistics/BoxAndWhiskerCalculator.java<155,155>

-------- Similar Code ---------
minOutlier=Math.min(minOutlier,minRegularValue);

2.0
/home/dale/d4j/Chart/Chart_2/source/org/jfree/data/statistics/BoxAndWhiskerCalculator.java<158,158>

-------- Similar Code ---------
result=Math.min(result,lowX);

2.0
/home/dale/d4j/Chart/Chart_2/source/org/jfree/data/xy/XYSeriesCollection.java<544,544>

-------- Similar Code ---------
lower=Math.min(lower,minX);

2.0
/home/dale/d4j/Chart/Chart_2/source/org/jfree/data/xy/XYSeriesCollection.java<604,604>

-------- Similar Code ---------
lower=Math.min(lower,minY);

2.0
/home/dale/d4j/Chart/Chart_2/source/org/jfree/data/xy/XYSeriesCollection.java<704,704>

-------- Similar Code ---------
result=Math.min(result,lowY);

2.0
/home/dale/d4j/Chart/Chart_2/source/org/jfree/data/xy/XYSeriesCollection.java<738,738>

-------- Similar Code ---------
this.week=(byte)Math.min(tempWeek,LAST_WEEK_IN_YEAR);

2.0
/home/dale/d4j/Chart/Chart_2/source/org/jfree/data/time/Week.java<216,216>

-------- Similar Code ---------
s.lowY=Math.min(s.lowY,y);

1.996815278536125
/home/dale/d4j/Chart/Chart_2/source/org/jfree/chart/renderer/xy/SamplingXYLineRenderer.java<267,267>

-------- Similar Code ---------
x=Math.min(x,(s.width-d.width));

1.9848916356764204
/home/dale/d4j/Chart/Chart_2/source/org/jfree/chart/util/RefineryUtilities.java<225,225>

-------- Similar Code ---------
y=Math.min(y,(s.height-d.height));

1.9848916356764204
/home/dale/d4j/Chart/Chart_2/source/org/jfree/chart/util/RefineryUtilities.java<227,227>

-------- Similar Code ---------
result=Math.min(result,x-prev);

1.9801960588196068
/home/dale/d4j/Chart/Chart_2/source/org/jfree/data/xy/IntervalXYDelegate.java<422,422>

-------- Similar Code ---------
int length=Math.min(a1.length,a2.length);

1.9701425001453319
/home/dale/d4j/Chart/Chart_2/source/org/jfree/chart/util/ArrayUtilities.java<184,184>

-------- Similar Code ---------
long end=Math.min(to,this.segmentEnd);

1.9701425001453319
/home/dale/d4j/Chart/Chart_2/source/org/jfree/chart/axis/SegmentedTimeline.java<1673,1673>

-------- Similar Code ---------
double barL0=Math.min(translatedBase,translatedValue);

1.9701425001453319
/home/dale/d4j/Chart/Chart_2/source/org/jfree/chart/renderer/category/GroupedStackedBarRenderer.java<320,320>

-------- Similar Code ---------
double barL0=Math.min(transL0,transL1);

1.9701425001453319
/home/dale/d4j/Chart/Chart_2/source/org/jfree/chart/renderer/category/BarRenderer3D.java<691,691>

-------- Similar Code ---------
double rectX=Math.min(transY2,transY1);

1.9701425001453319
/home/dale/d4j/Chart/Chart_2/source/org/jfree/chart/renderer/category/StatisticalBarRenderer.java<331,331>

-------- Similar Code ---------
double rectY=Math.min(transY2,transY1);

1.9701425001453319
/home/dale/d4j/Chart/Chart_2/source/org/jfree/chart/renderer/category/StatisticalBarRenderer.java<491,491>

-------- Similar Code ---------
double barL0=Math.min(translatedBase,translatedValue);

1.9701425001453319
/home/dale/d4j/Chart/Chart_2/source/org/jfree/chart/renderer/category/StackedBarRenderer.java<367,367>

-------- Similar Code ---------
double low=Math.min(start2d,end2d);

1.9701425001453319
/home/dale/d4j/Chart/Chart_2/source/org/jfree/chart/renderer/category/AbstractCategoryItemRenderer.java<1248,1248>

-------- Similar Code ---------
double barLow=Math.min(this.base,value);

1.9701425001453319
/home/dale/d4j/Chart/Chart_2/source/org/jfree/chart/renderer/category/BarRenderer.java<839,839>

-------- Similar Code ---------
double barL0=Math.min(transL0,transL1);

1.9701425001453319
/home/dale/d4j/Chart/Chart_2/source/org/jfree/chart/renderer/category/BarRenderer.java<991,991>

-------- Similar Code ---------
double barL0=Math.min(transL0,transL1);

1.9701425001453319
/home/dale/d4j/Chart/Chart_2/source/org/jfree/chart/renderer/category/BarRenderer.java<1416,1416>

-------- Similar Code ---------
double rectX=Math.min(transX1,transX2);

1.9701425001453319
/home/dale/d4j/Chart/Chart_2/source/org/jfree/chart/renderer/category/LayeredBarRenderer.java<269,269>

-------- Similar Code ---------
double rectY=Math.min(transY2,transY1);

1.9701425001453319
/home/dale/d4j/Chart/Chart_2/source/org/jfree/chart/renderer/category/LayeredBarRenderer.java<401,401>

-------- Similar Code ---------
double bottom=Math.min(translatedValue0,translatedValue1);

1.9701425001453319
/home/dale/d4j/Chart/Chart_2/source/org/jfree/chart/renderer/xy/XYBarRenderer.java<843,843>

-------- Similar Code ---------
double left=Math.min(translatedStartX,translatedEndX);

1.9701425001453319
/home/dale/d4j/Chart/Chart_2/source/org/jfree/chart/renderer/xy/XYBarRenderer.java<882,882>

-------- Similar Code ---------
double yyMinOpenClose=Math.min(yyOpen,yyClose);

1.9701425001453319
/home/dale/d4j/Chart/Chart_2/source/org/jfree/chart/renderer/xy/CandlestickRenderer.java<800,800>

-------- Similar Code ---------
double minOpenClose=Math.min(yOpen,yClose);

1.9701425001453319
/home/dale/d4j/Chart/Chart_2/source/org/jfree/chart/renderer/xy/CandlestickRenderer.java<802,802>

-------- Similar Code ---------
double base=Math.min(yyHigh,yyLow);

1.9701425001453319
/home/dale/d4j/Chart/Chart_2/source/org/jfree/chart/renderer/xy/CandlestickRenderer.java<828,828>

-------- Similar Code ---------
double rx=Math.min(yy0,yy1);

1.9701425001453319
/home/dale/d4j/Chart/Chart_2/source/org/jfree/chart/renderer/xy/ClusteredXYBarRenderer.java<276,276>

-------- Similar Code ---------
double ry=Math.min(barY0,barY1);

1.9701425001453319
/home/dale/d4j/Chart/Chart_2/source/org/jfree/chart/renderer/xy/ClusteredXYBarRenderer.java<278,278>

-------- Similar Code ---------
double rx=Math.min(barX0,barX1);

1.9701425001453319
/home/dale/d4j/Chart/Chart_2/source/org/jfree/chart/renderer/xy/ClusteredXYBarRenderer.java<285,285>

-------- Similar Code ---------
double ry=Math.min(yy0,yy1);

1.9701425001453319
/home/dale/d4j/Chart/Chart_2/source/org/jfree/chart/renderer/xy/ClusteredXYBarRenderer.java<287,287>

-------- Similar Code ---------
double low=Math.min(start2d,end2d);

1.9701425001453319
/home/dale/d4j/Chart/Chart_2/source/org/jfree/chart/renderer/xy/AbstractXYItemRenderer.java<1400,1400>

-------- Similar Code ---------
double low=Math.min(start2d,end2d);

1.9701425001453319
/home/dale/d4j/Chart/Chart_2/source/org/jfree/chart/renderer/xy/AbstractXYItemRenderer.java<1599,1599>

-------- Similar Code ---------
double length=Math.min(lengthX,lengthY);

1.9701425001453319
/home/dale/d4j/Chart/Chart_2/source/org/jfree/chart/plot/PolarPlot.java<1284,1284>

-------- Similar Code ---------
 final int start=Math.min(s1,s2);

1.9701425001453319
/home/dale/d4j/Chart/Chart_2/source/org/jfree/data/time/SpreadsheetDate.java<419,419>

-------- Similar Code ---------
lower=Math.min(0.0,lower);

1.9506541513652698
/home/dale/d4j/Chart/Chart_2/source/org/jfree/chart/axis/NumberAxis.java<446,446>

-------- Similar Code ---------
upper=Math.min(0.0,upper);

1.9506541513652698
/home/dale/d4j/Chart/Chart_2/source/org/jfree/chart/axis/NumberAxis.java<447,447>

-------- Similar Code ---------
lower=Math.min(lower,0.0);

1.9506541513652698
/home/dale/d4j/Chart/Chart_2/source/org/jfree/chart/axis/NumberAxis.java<451,451>

-------- Similar Code ---------
lower=Math.min(0.0,lower-lowerMargin);

1.945905302926917
/home/dale/d4j/Chart/Chart_2/source/org/jfree/chart/axis/SymbolAxis.java<502,502>

-------- Similar Code ---------
upper=Math.min(0.0,upper+upperMargin);

1.945905302926917
/home/dale/d4j/Chart/Chart_2/source/org/jfree/chart/axis/SymbolAxis.java<508,508>

-------- Similar Code ---------
min=Math.min(min,stackValues[0]);

1.945905302926917
/home/dale/d4j/Chart/Chart_2/source/org/jfree/chart/renderer/xy/StackedXYAreaRenderer2.java<178,178>

-------- Similar Code ---------
adjust=Math.min(0,targetWeekday-baseDOW);

1.945905302926917
/home/dale/d4j/Chart/Chart_2/source/org/jfree/data/time/SerialDate.java<647,647>

-------- Similar Code ---------
return Math.min(a,b);

1.9203579866168443
/home/dale/d4j/Chart/Chart_2/source/org/jfree/data/xy/XYSeries.java<707,707>

-------- Similar Code ---------
return Math.min(a,b);

1.9203579866168443
/home/dale/d4j/Chart/Chart_2/source/org/jfree/data/time/TimeSeries.java<1275,1275>

-------- Similar Code ---------
double min=Math.min(meterW,meterH)/2;

1.9146591207600472
/home/dale/d4j/Chart/Chart_2/source/org/jfree/chart/plot/MeterPlot.java<838,838>

-------- Similar Code ---------
double min=Math.min(W,H)/2;

1.9146591207600472
/home/dale/d4j/Chart/Chart_2/source/org/jfree/chart/plot/SpiderWebPlot.java<1204,1204>

-------- Similar Code ---------
double min=Math.min(linkW,linkH)/2;

1.9146591207600472
/home/dale/d4j/Chart/Chart_2/source/org/jfree/chart/plot/PiePlot3D.java<275,275>

-------- Similar Code ---------
double min=Math.min(linkW,linkH)/2;

1.9146591207600472
/home/dale/d4j/Chart/Chart_2/source/org/jfree/chart/plot/PiePlot.java<2507,2507>

-------- Similar Code ---------
String minstr=hmsstr.substring(Math.min(3,l),Math.min(5,l));

1.9090648228942841
/home/dale/d4j/Chart/Chart_2/source/org/jfree/data/time/Second.java<436,436>

-------- Similar Code ---------
String secstr=hmsstr.substring(Math.min(6,l),Math.min(8,l));

1.9090648228942841
/home/dale/d4j/Chart/Chart_2/source/org/jfree/data/time/Second.java<437,437>

-------- Similar Code ---------
lastItem=Math.min(itemBounds[1]+1,lastItem);

1.8597269536210952
/home/dale/d4j/Chart/Chart_2/source/org/jfree/chart/plot/XYPlot.java<3847,3847>

-------- Similar Code ---------
lastItem=Math.min(itemBounds[1]+1,lastItem);

1.8597269536210952
/home/dale/d4j/Chart/Chart_2/source/org/jfree/chart/plot/XYPlot.java<3878,3878>

-------- Similar Code ---------
return Math.min(value+delta,0.0);

1.840168050416806
/home/dale/d4j/Chart/Chart_2/source/org/jfree/data/Range.java<336,336>

-------- Similar Code ---------
adjust=7+Math.min(0,targetWeekday-baseDOW);

1.824621125123532
/home/dale/d4j/Chart/Chart_2/source/org/jfree/data/time/SerialDate.java<681,681>

-------- Similar Code ---------
minimum=negative;

1.776187060183953
/home/dale/d4j/Chart/Chart_2/source/org/jfree/data/general/DatasetUtilities.java<2090,2090>

-------- Similar Code ---------
double minimum=base;

1.770142500145332
/home/dale/d4j/Chart/Chart_2/source/org/jfree/data/general/DatasetUtilities.java<2069,2069>

-------- Similar Code ---------
double lower=minimum;

1.770142500145332
/home/dale/d4j/Chart/Chart_2/source/org/jfree/data/statistics/HistogramDataset.java<170,170>

-------- Similar Code ---------
result=new Double(minimum);

1.691132788679007
/home/dale/d4j/Chart/Chart_2/source/org/jfree/data/general/DatasetUtilities.java<1545,1545>

-------- Similar Code ---------
result=new Double(minimum);

1.691132788679007
/home/dale/d4j/Chart/Chart_2/source/org/jfree/data/general/DatasetUtilities.java<1999,1999>

-------- Similar Code ---------
double minimum=0.0;

1.6859943405700353
/home/dale/d4j/Chart/Chart_2/source/org/jfree/chart/renderer/category/WaterfallBarRenderer.java<282,282>

-------- Similar Code ---------
double minimum=Double.POSITIVE_INFINITY;

1.6859943405700353
/home/dale/d4j/Chart/Chart_2/source/org/jfree/chart/renderer/xy/VectorRenderer.java<106,106>

-------- Similar Code ---------
double minimum=Double.POSITIVE_INFINITY;

1.6859943405700353
/home/dale/d4j/Chart/Chart_2/source/org/jfree/chart/renderer/xy/VectorRenderer.java<162,162>

-------- Similar Code ---------
double minimum=Double.POSITIVE_INFINITY;

1.6859943405700353
/home/dale/d4j/Chart/Chart_2/source/org/jfree/chart/renderer/xy/ClusteredXYBarRenderer.java<174,174>

-------- Similar Code ---------
double minimum=Double.POSITIVE_INFINITY;

1.6859943405700353
/home/dale/d4j/Chart/Chart_2/source/org/jfree/data/general/DatasetUtilities.java<745,745>

-------- Similar Code ---------
double minimum=Double.POSITIVE_INFINITY;

1.6859943405700353
/home/dale/d4j/Chart/Chart_2/source/org/jfree/data/general/DatasetUtilities.java<973,973>

-------- Similar Code ---------
double minimum=Double.POSITIVE_INFINITY;

1.6859943405700353
/home/dale/d4j/Chart/Chart_2/source/org/jfree/data/general/DatasetUtilities.java<1053,1053>

-------- Similar Code ---------
double minimum=Double.POSITIVE_INFINITY;

1.6859943405700353
/home/dale/d4j/Chart/Chart_2/source/org/jfree/data/general/DatasetUtilities.java<1231,1231>

-------- Similar Code ---------
double minimum=Double.POSITIVE_INFINITY;

1.6859943405700353
/home/dale/d4j/Chart/Chart_2/source/org/jfree/data/general/DatasetUtilities.java<1317,1317>

-------- Similar Code ---------
double minimum=Double.POSITIVE_INFINITY;

1.6859943405700353
/home/dale/d4j/Chart/Chart_2/source/org/jfree/data/general/DatasetUtilities.java<1396,1396>

-------- Similar Code ---------
double minimum=Double.POSITIVE_INFINITY;

1.6859943405700353
/home/dale/d4j/Chart/Chart_2/source/org/jfree/data/general/DatasetUtilities.java<1520,1520>

-------- Similar Code ---------
double minimum=Double.POSITIVE_INFINITY;

1.6859943405700353
/home/dale/d4j/Chart/Chart_2/source/org/jfree/data/general/DatasetUtilities.java<1634,1634>

-------- Similar Code ---------
double minimum=Double.POSITIVE_INFINITY;

1.6859943405700353
/home/dale/d4j/Chart/Chart_2/source/org/jfree/data/general/DatasetUtilities.java<1690,1690>

-------- Similar Code ---------
double minimum=Double.POSITIVE_INFINITY;

1.6859943405700353
/home/dale/d4j/Chart/Chart_2/source/org/jfree/data/general/DatasetUtilities.java<1869,1869>

-------- Similar Code ---------
double minimum=0.0;

1.6859943405700353
/home/dale/d4j/Chart/Chart_2/source/org/jfree/data/general/DatasetUtilities.java<1980,1980>

-------- Similar Code ---------
double minimum=0.0;

1.6859943405700353
/home/dale/d4j/Chart/Chart_2/source/org/jfree/data/general/DatasetUtilities.java<2140,2140>

-------- Similar Code ---------
double[] minimum=new double[groupCount];

1.6677218312746247
/home/dale/d4j/Chart/Chart_2/source/org/jfree/data/general/DatasetUtilities.java<1926,1926>

-------- Similar Code ---------
double minimum=getMinimum(values);

1.6677218312746247
/home/dale/d4j/Chart/Chart_2/source/org/jfree/data/statistics/HistogramDataset.java<135,135>

-------- Similar Code ---------
xxWidth=Math.min(xxWidth,Math.abs(pos-lastPos));

1.6502785108724587
/home/dale/d4j/Chart/Chart_2/source/org/jfree/chart/renderer/xy/CandlestickRenderer.java<723,724>

-------- Similar Code ---------
volumeWidth=Math.max(Math.min(1,this.maxCandleWidth),xxWidth);

1.6468627254862735
/home/dale/d4j/Chart/Chart_2/source/org/jfree/chart/renderer/xy/CandlestickRenderer.java<746,746>

-------- Similar Code ---------
stickWidth=Math.max(Math.min(3,this.maxCandleWidth),xxWidth);

1.6468627254862735
/home/dale/d4j/Chart/Chart_2/source/org/jfree/chart/renderer/xy/CandlestickRenderer.java<747,747>

-------- Similar Code ---------
high=Math.min(high,dataArea.getMaxX());

1.6384919824742168
/home/dale/d4j/Chart/Chart_2/source/org/jfree/chart/renderer/category/AbstractCategoryItemRenderer.java<1256,1256>

-------- Similar Code ---------
high=Math.min(high,dataArea.getMaxY());

1.6384919824742168
/home/dale/d4j/Chart/Chart_2/source/org/jfree/chart/renderer/category/AbstractCategoryItemRenderer.java<1264,1264>

-------- Similar Code ---------
l_minuendMinY=Math.min(l_minuendMinY,l_minuendNextY.doubleValue());

1.6384919824742168
/home/dale/d4j/Chart/Chart_2/source/org/jfree/chart/renderer/xy/XYDifferenceRenderer.java<800,801>

-------- Similar Code ---------
l_subtrahendMinY=Math.min(l_subtrahendMinY,l_subtrahendNextY.doubleValue());

1.6384919824742168
/home/dale/d4j/Chart/Chart_2/source/org/jfree/chart/renderer/xy/XYDifferenceRenderer.java<802,803>

-------- Similar Code ---------
top=Math.min(top,dataArea.getMaxX());

1.6384919824742168
/home/dale/d4j/Chart/Chart_2/source/org/jfree/chart/renderer/xy/XYBarRenderer.java<894,894>

-------- Similar Code ---------
top=Math.min(top,dataArea.getMaxY());

1.6384919824742168
/home/dale/d4j/Chart/Chart_2/source/org/jfree/chart/renderer/xy/XYBarRenderer.java<901,901>

-------- Similar Code ---------
high=Math.min(high,dataArea.getMaxY());

1.6384919824742168
/home/dale/d4j/Chart/Chart_2/source/org/jfree/chart/renderer/xy/AbstractXYItemRenderer.java<1408,1408>

-------- Similar Code ---------
high=Math.min(high,dataArea.getMaxX());

1.6384919824742168
/home/dale/d4j/Chart/Chart_2/source/org/jfree/chart/renderer/xy/AbstractXYItemRenderer.java<1416,1416>

-------- Similar Code ---------
high=Math.min(high,dataArea.getMaxX());

1.6384919824742168
/home/dale/d4j/Chart/Chart_2/source/org/jfree/chart/renderer/xy/AbstractXYItemRenderer.java<1607,1607>

-------- Similar Code ---------
high=Math.min(high,dataArea.getMaxY());

1.6384919824742168
/home/dale/d4j/Chart/Chart_2/source/org/jfree/chart/renderer/xy/AbstractXYItemRenderer.java<1615,1615>

-------- Similar Code ---------
result=Math.min(result,calculateIntervalForSeries(series));

1.6384919824742168
/home/dale/d4j/Chart/Chart_2/source/org/jfree/data/xy/IntervalXYDelegate.java<403,403>

-------- Similar Code ---------
float xlast=(float)valueToJava2D(Math.min(last,axisMax),dataArea,edge);

1.6236093340613467
/home/dale/d4j/Chart/Chart_2/source/org/jfree/chart/axis/PeriodAxis.java<907,908>

-------- Similar Code ---------
 final int targetD=Math.min(baseD,SerialDate.lastDayOfMonth(baseM,targetY));

1.6236093340613467
/home/dale/d4j/Chart/Chart_2/source/org/jfree/data/time/SerialDate.java<615,617>

-------- Similar Code ---------
result=new Range(minimum,maximum);

1.6173208180319363
/home/dale/d4j/Chart/Chart_2/source/org/jfree/data/general/DatasetUtilities.java<1893,1893>

-------- Similar Code ---------
state.setBarWidth(Math.min(used,maxWidth));

1.607843137254902
/home/dale/d4j/Chart/Chart_2/source/org/jfree/chart/renderer/category/BoxAndWhiskerRenderer.java<449,449>

-------- Similar Code ---------
state.setBarWidth(Math.min(used,maxWidth));

1.607843137254902
/home/dale/d4j/Chart/Chart_2/source/org/jfree/chart/renderer/category/GroupedStackedBarRenderer.java<176,176>

-------- Similar Code ---------
state.setBarWidth(Math.min(used,maxWidth));

1.607843137254902
/home/dale/d4j/Chart/Chart_2/source/org/jfree/chart/renderer/category/StackedBarRenderer.java<265,265>

-------- Similar Code ---------
state.setBarWidth(Math.min(used,maxWidth));

1.607843137254902
/home/dale/d4j/Chart/Chart_2/source/org/jfree/chart/renderer/category/BarRenderer.java<772,772>

-------- Similar Code ---------
state.setBarWidth(Math.min(used,maxWidth));

1.607843137254902
/home/dale/d4j/Chart/Chart_2/source/org/jfree/chart/renderer/category/LevelRenderer.java<235,235>

-------- Similar Code ---------
state.setBarWidth(Math.min(used,maxWidth));

1.607843137254902
/home/dale/d4j/Chart/Chart_2/source/org/jfree/chart/renderer/category/StackedBarRenderer3D.java<307,307>

-------- Similar Code ---------
state.setBarWidth(Math.min(used,maxWidth));

1.607843137254902
/home/dale/d4j/Chart/Chart_2/source/org/jfree/chart/renderer/category/LayeredBarRenderer.java<169,169>

-------- Similar Code ---------
state.setBarWidth(Math.min(used/columns,maxWidth));

1.60018672268534
/home/dale/d4j/Chart/Chart_2/source/org/jfree/chart/renderer/category/GroupedStackedBarRenderer.java<173,173>

-------- Similar Code ---------
state.setBarWidth(Math.min(used/columns,maxWidth));

1.60018672268534
/home/dale/d4j/Chart/Chart_2/source/org/jfree/chart/renderer/category/StackedBarRenderer.java<262,262>

-------- Similar Code ---------
state.setBarWidth(Math.min(used/columns,maxWidth));

1.60018672268534
/home/dale/d4j/Chart/Chart_2/source/org/jfree/chart/renderer/category/StackedBarRenderer3D.java<304,304>

-------- Similar Code ---------
return new Range(minimum,maximum);

1.5921180343813397
/home/dale/d4j/Chart/Chart_2/source/org/jfree/chart/renderer/category/WaterfallBarRenderer.java<306,306>

-------- Similar Code ---------
return new Range(minimum,maximum);

1.5921180343813397
/home/dale/d4j/Chart/Chart_2/source/org/jfree/data/general/DatasetUtilities.java<1025,1025>

-------- Similar Code ---------
return new Range(minimum,maximum);

1.5921180343813397
/home/dale/d4j/Chart/Chart_2/source/org/jfree/data/general/DatasetUtilities.java<1184,1184>

-------- Similar Code ---------
return new Range(minimum,maximum);

1.5921180343813397
/home/dale/d4j/Chart/Chart_2/source/org/jfree/data/general/DatasetUtilities.java<1287,1287>

-------- Similar Code ---------
return new Range(minimum,maximum);

1.5921180343813397
/home/dale/d4j/Chart/Chart_2/source/org/jfree/data/general/DatasetUtilities.java<1361,1361>

-------- Similar Code ---------
return new Range(minimum,maximum);

1.5921180343813397
/home/dale/d4j/Chart/Chart_2/source/org/jfree/data/general/DatasetUtilities.java<1492,1492>

-------- Similar Code ---------
return new Range(minimum,maximum);

1.5921180343813397
/home/dale/d4j/Chart/Chart_2/source/org/jfree/data/general/DatasetUtilities.java<2159,2159>

-------- Similar Code ---------
state.setBarWidth(Math.min(used/(rows*columns),maxWidth));

1.5757314895609509
/home/dale/d4j/Chart/Chart_2/source/org/jfree/chart/renderer/category/BarRenderer.java<769,769>

-------- Similar Code ---------
state.setBarWidth(Math.min(used/(rows*columns),maxWidth));

1.5757314895609509
/home/dale/d4j/Chart/Chart_2/source/org/jfree/chart/renderer/category/LevelRenderer.java<232,232>

-------- Similar Code ---------
n=dataset.getValue(row,Math.min(column+1,itemCount-1));

1.560664841481856
/home/dale/d4j/Chart/Chart_2/source/org/jfree/chart/renderer/category/StackedAreaRenderer.java<229,229>

-------- Similar Code ---------
double[] stack2=getStackValues(dataset,row,Math.min(column+1,itemCount-1));

1.5343884979412912
/home/dale/d4j/Chart/Chart_2/source/org/jfree/chart/renderer/category/StackedAreaRenderer.java<233,234>

-------- Similar Code ---------
double x2=dataset.getXValue(series,Math.min(item+1,itemCount-1));

1.5343884979412912
/home/dale/d4j/Chart/Chart_2/source/org/jfree/chart/renderer/xy/XYAreaRenderer.java<523,524>

-------- Similar Code ---------
double y2=dataset.getYValue(series,Math.min(item+1,itemCount-1));

1.5343884979412912
/home/dale/d4j/Chart/Chart_2/source/org/jfree/chart/renderer/xy/XYAreaRenderer.java<525,526>

-------- Similar Code ---------
double x2=dataset.getXValue(series,Math.min(item+1,itemCount-1));

1.5343884979412912
/home/dale/d4j/Chart/Chart_2/source/org/jfree/chart/renderer/xy/XYAreaRenderer2.java<311,312>

-------- Similar Code ---------
double y2=dataset.getYValue(series,Math.min(item+1,itemCount-1));

1.5343884979412912
/home/dale/d4j/Chart/Chart_2/source/org/jfree/chart/renderer/xy/XYAreaRenderer2.java<313,314>

-------- Similar Code ---------
double x2=dataset.getXValue(series,Math.min(item+1,itemCount-1));

1.5343884979412912
/home/dale/d4j/Chart/Chart_2/source/org/jfree/chart/renderer/xy/StackedXYAreaRenderer2.java<245,246>

-------- Similar Code ---------
double y2=dataset.getYValue(series,Math.min(item+1,itemCount-1));

1.5343884979412912
/home/dale/d4j/Chart/Chart_2/source/org/jfree/chart/renderer/xy/StackedXYAreaRenderer2.java<247,248>

-------- Similar Code ---------
double[] stack2=getStackValues(tdataset,series,Math.min(item+1,itemCount-1));

1.5343884979412912
/home/dale/d4j/Chart/Chart_2/source/org/jfree/chart/renderer/xy/StackedXYAreaRenderer2.java<252,253>

-------- Similar Code ---------
upper=Math.min(0.0,upper+getUpperMargin()*range);

1.526393620287762
/home/dale/d4j/Chart/Chart_2/source/org/jfree/chart/axis/NumberAxis.java<489,489>

-------- Similar Code ---------
String hourstr=hmsstr.substring(0,Math.min(2,l));

1.5134764651066077
/home/dale/d4j/Chart/Chart_2/source/org/jfree/data/time/Second.java<435,435>

-------- Similar Code ---------
return Math.min(Math.max(0,index),itemCount-1);

1.4940069706586971
/home/dale/d4j/Chart/Chart_2/source/org/jfree/chart/renderer/RendererUtilities.java<147,147>

-------- Similar Code ---------
return Math.min(this.firstCategoryIndex+this.maximumCategoryCount,this.underlying.getColumnCount())-1;

1.4758214465453445
/home/dale/d4j/Chart/Chart_2/source/org/jfree/data/gantt/SlidingGanttCategoryDataset.java<163,164>

-------- Similar Code ---------
return Math.min(this.firstCategoryIndex+this.maximumCategoryCount,this.underlying.getColumnCount())-1;

1.4758214465453445
/home/dale/d4j/Chart/Chart_2/source/org/jfree/data/category/SlidingCategoryDataset.java<164,165>

-------- Similar Code ---------
double uvalue;

1.4701425001453319
/home/dale/d4j/Chart/Chart_2/source/org/jfree/chart/renderer/xy/VectorRenderer.java<110,110>

-------- Similar Code ---------
double uvalue;

1.4701425001453319
/home/dale/d4j/Chart/Chart_2/source/org/jfree/chart/renderer/xy/VectorRenderer.java<166,166>

-------- Similar Code ---------
double uvalue;

1.4701425001453319
/home/dale/d4j/Chart/Chart_2/source/org/jfree/chart/renderer/xy/ClusteredXYBarRenderer.java<178,178>

-------- Similar Code ---------
double uvalue;

1.4701425001453319
/home/dale/d4j/Chart/Chart_2/source/org/jfree/data/general/DatasetUtilities.java<749,749>

-------- Similar Code ---------
addSeries(key,values,bins,minimum,maximum);

1.4513029883089883
/home/dale/d4j/Chart/Chart_2/source/org/jfree/data/statistics/HistogramDataset.java<137,137>

-------- Similar Code ---------
g2.drawImage(this.image,(int)xx0,(int)Math.min(yy0,yy1),(int)(xx1-xx0),(int)Math.abs(yy1-yy0),null);

1.4469484888217017
/home/dale/d4j/Chart/Chart_2/source/org/jfree/chart/annotations/XYDataImageAnnotation.java<276,277>

-------- Similar Code ---------
double binWidth=(maximum-minimum)/bins;

1.439150402703196
/home/dale/d4j/Chart/Chart_2/source/org/jfree/data/statistics/HistogramDataset.java<168,168>

-------- Similar Code ---------
r.setRect(Math.min(vv0,vv1),target.getMaxY()-this.stripWidth,ww,this.stripWidth);

1.4343314599580541
/home/dale/d4j/Chart/Chart_2/source/org/jfree/chart/title/PaintScaleLegend.java<562,563>

-------- Similar Code ---------
r.setRect(target.getMaxX()-this.stripWidth,Math.min(vv0,vv1),this.stripWidth,hh);

1.4343314599580541
/home/dale/d4j/Chart/Chart_2/source/org/jfree/chart/title/PaintScaleLegend.java<616,617>

-------- Similar Code ---------
r.setRect(Math.min(vv0,vv1),target.getMinY(),ww,this.stripWidth);

1.4328152465138775
/home/dale/d4j/Chart/Chart_2/source/org/jfree/chart/title/PaintScaleLegend.java<587,588>

-------- Similar Code ---------
r.setRect(target.getMinX(),Math.min(vv0,vv1),this.stripWidth,hh);

1.4328152465138775
/home/dale/d4j/Chart/Chart_2/source/org/jfree/chart/title/PaintScaleLegend.java<641,642>

-------- Similar Code ---------
 final int dd=Math.min(base.getDayOfMonth(),SerialDate.lastDayOfMonth(mm,yy));

1.4203579866168443
/home/dale/d4j/Chart/Chart_2/source/org/jfree/data/time/SerialDate.java<592,594>

-------- Similar Code ---------
y=Math.min(line.getY1(),line.getY2())+deltaY;

1.4147743679249676
/home/dale/d4j/Chart/Chart_2/source/org/jfree/chart/panel/CrosshairOverlay.java<411,411>

-------- Similar Code ---------
x=Math.min(line.getX1(),line.getX2())+deltaX;

1.4147743679249676
/home/dale/d4j/Chart/Chart_2/source/org/jfree/chart/panel/CrosshairOverlay.java<421,421>

-------- Similar Code ---------
w=Math.min(this.zoomRectangle.getWidth(),maxX-this.zoomPoint.getX());

1.4147743679249676
/home/dale/d4j/Chart/Chart_2/source/org/jfree/chart/panel/ZoomHandler.java<182,183>

-------- Similar Code ---------
h=Math.min(this.zoomRectangle.getHeight(),maxY-this.zoomPoint.getY());

1.4147743679249676
/home/dale/d4j/Chart/Chart_2/source/org/jfree/chart/panel/ZoomHandler.java<190,191>

-------- Similar Code ---------
w=Math.min(this.zoomRectangle.getWidth(),maxX-this.zoomPoint.getX());

1.4147743679249676
/home/dale/d4j/Chart/Chart_2/source/org/jfree/chart/panel/ZoomHandler.java<196,197>

-------- Similar Code ---------
h=Math.min(this.zoomRectangle.getHeight(),maxY-this.zoomPoint.getY());

1.4147743679249676
/home/dale/d4j/Chart/Chart_2/source/org/jfree/chart/panel/ZoomHandler.java<198,199>

-------- Similar Code ---------
this.months[i]=monthsFromLocale[i].substring(0,Math.min(chars,monthsFromLocale[i].length()));

1.4004838609973
/home/dale/d4j/Chart/Chart_2/source/org/jfree/chart/axis/MonthDateFormat.java<173,174>

-------- Similar Code ---------
state.setBarWidth(Math.min(used/(dataset.getColumnCount()),maxWidth));

1.3856148855400954
/home/dale/d4j/Chart/Chart_2/source/org/jfree/chart/renderer/category/LayeredBarRenderer.java<165,166>

-------- Similar Code ---------
uvalue=lvalue;

1.3761870601839528
/home/dale/d4j/Chart/Chart_2/source/org/jfree/chart/renderer/xy/VectorRenderer.java<135,135>

-------- Similar Code ---------
uvalue=lvalue;

1.3761870601839528
/home/dale/d4j/Chart/Chart_2/source/org/jfree/chart/renderer/xy/VectorRenderer.java<191,191>

-------- Similar Code ---------
uvalue=lvalue;

1.3761870601839528
/home/dale/d4j/Chart/Chart_2/source/org/jfree/data/general/DatasetUtilities.java<771,771>

-------- Similar Code ---------
Number lvalue,uvalue;

1.3701425001453318
/home/dale/d4j/Chart/Chart_2/source/org/jfree/data/general/DatasetUtilities.java<1089,1089>

-------- Similar Code ---------
result=Range.combine(result,new Range(minimum[j],maximum[j]));

1.3679925896272433
/home/dale/d4j/Chart/Chart_2/source/org/jfree/data/general/DatasetUtilities.java<1957,1958>

-------- Similar Code ---------
double xmax=Math.min(e.getX(),scaledDataArea.getMaxX());

1.3677218312746247
/home/dale/d4j/Chart/Chart_2/source/org/jfree/chart/panel/ZoomHandler.java<112,112>

-------- Similar Code ---------
double ymax=Math.min(e.getY(),scaledDataArea.getMaxY());

1.3677218312746247
/home/dale/d4j/Chart/Chart_2/source/org/jfree/chart/panel/ZoomHandler.java<113,113>

-------- Similar Code ---------
double xmax=Math.min(e.getX(),scaledDataArea.getMaxX());

1.3677218312746247
/home/dale/d4j/Chart/Chart_2/source/org/jfree/chart/panel/ZoomHandler.java<119,119>

-------- Similar Code ---------
double ymax=Math.min(e.getY(),scaledDataArea.getMaxY());

1.3677218312746247
/home/dale/d4j/Chart/Chart_2/source/org/jfree/chart/panel/ZoomHandler.java<125,125>

-------- Similar Code ---------
double l=Math.min(range1.getLowerBound(),range2.getLowerBound());

1.3677218312746247
/home/dale/d4j/Chart/Chart_2/source/org/jfree/data/Range.java<222,223>

-------- Similar Code ---------
upper=minimum+(i+1)*binWidth;

1.3649206190444436
/home/dale/d4j/Chart/Chart_2/source/org/jfree/data/statistics/HistogramDataset.java<182,182>

-------- Similar Code ---------
if(minimum>maximum){
return null;
}else {
return new Range(minimum,maximum);
}

1.363546605809911
/home/dale/d4j/Chart/Chart_2/source/org/jfree/chart/renderer/xy/VectorRenderer.java<141,146>

-------- Similar Code ---------
if(minimum>maximum){
return null;
}else {
return new Range(minimum,maximum);
}

1.363546605809911
/home/dale/d4j/Chart/Chart_2/source/org/jfree/chart/renderer/xy/VectorRenderer.java<197,202>

-------- Similar Code ---------
if(minimum>maximum){
return null;
}else {
return new Range(minimum,maximum);
}

1.363546605809911
/home/dale/d4j/Chart/Chart_2/source/org/jfree/chart/renderer/xy/ClusteredXYBarRenderer.java<192,197>

-------- Similar Code ---------
if(minimum>maximum){
return null;
}else {
return new Range(minimum,maximum);
}

1.363546605809911
/home/dale/d4j/Chart/Chart_2/source/org/jfree/data/general/DatasetUtilities.java<779,784>

-------- Similar Code ---------
if(minimum<=maximum){
return new Range(minimum,maximum);
}else {
return null;
}

1.363546605809911
/home/dale/d4j/Chart/Chart_2/source/org/jfree/data/general/DatasetUtilities.java<2093,2098>

-------- Similar Code ---------
x=Math.max(area.getMinX(),Math.min(x,area.getMaxX()));

1.3469425238482127
/home/dale/d4j/Chart/Chart_2/source/org/jfree/chart/util/ShapeUtilities.java<546,546>

-------- Similar Code ---------
y=Math.max(area.getMinY(),Math.min(y,area.getMaxY()));

1.3469425238482127
/home/dale/d4j/Chart/Chart_2/source/org/jfree/chart/util/ShapeUtilities.java<547,547>

-------- Similar Code ---------
maximum=Math.max(maximum,uvalue);

1.3333333333333333
/home/dale/d4j/Chart/Chart_2/source/org/jfree/chart/renderer/xy/VectorRenderer.java<126,126>

-------- Similar Code ---------
maximum=Math.max(maximum,uvalue);

1.3333333333333333
/home/dale/d4j/Chart/Chart_2/source/org/jfree/chart/renderer/xy/VectorRenderer.java<137,137>

-------- Similar Code ---------
maximum=Math.max(maximum,uvalue);

1.3333333333333333
/home/dale/d4j/Chart/Chart_2/source/org/jfree/chart/renderer/xy/VectorRenderer.java<182,182>

-------- Similar Code ---------
maximum=Math.max(maximum,uvalue);

1.3333333333333333
/home/dale/d4j/Chart/Chart_2/source/org/jfree/chart/renderer/xy/VectorRenderer.java<193,193>

-------- Similar Code ---------
maximum=Math.max(maximum,uvalue);

1.3333333333333333
/home/dale/d4j/Chart/Chart_2/source/org/jfree/chart/renderer/xy/ClusteredXYBarRenderer.java<188,188>

-------- Similar Code ---------
maximum=Math.max(maximum,uvalue);

1.3333333333333333
/home/dale/d4j/Chart/Chart_2/source/org/jfree/data/general/DatasetUtilities.java<761,761>

-------- Similar Code ---------
maximum=Math.max(maximum,uvalue);

1.3333333333333333
/home/dale/d4j/Chart/Chart_2/source/org/jfree/data/general/DatasetUtilities.java<774,774>

-------- Similar Code ---------
maximum=Math.max(maximum,uvalue);

1.3333333333333333
/home/dale/d4j/Chart/Chart_2/source/org/jfree/data/general/DatasetUtilities.java<1248,1248>

-------- Similar Code ---------
maximum=Math.max(maximum,uvalue);

1.3333333333333333
/home/dale/d4j/Chart/Chart_2/source/org/jfree/data/general/DatasetUtilities.java<1265,1265>

-------- Similar Code ---------
maximum=Math.max(maximum,uvalue);

1.3333333333333333
/home/dale/d4j/Chart/Chart_2/source/org/jfree/data/general/DatasetUtilities.java<1335,1335>

-------- Similar Code ---------
maximum=Math.max(maximum,uvalue);

1.3333333333333333
/home/dale/d4j/Chart/Chart_2/source/org/jfree/data/general/DatasetUtilities.java<1417,1417>

-------- Similar Code ---------
maximum=Math.max(maximum,uvalue);

1.3333333333333333
/home/dale/d4j/Chart/Chart_2/source/org/jfree/data/general/DatasetUtilities.java<1463,1463>

-------- Similar Code ---------
double min=Math.min(plotArea.getWidth(),plotArea.getHeight())/2;

1.3273403039920306
/home/dale/d4j/Chart/Chart_2/source/org/jfree/chart/plot/PiePlot3D.java<359,360>

-------- Similar Code ---------
return (TickUnit)this.tickUnits.get(Math.min(index,this.tickUnits.size()-1));

1.309154779878678
/home/dale/d4j/Chart/Chart_2/source/org/jfree/chart/axis/TickUnits.java<138,139>

-------- Similar Code ---------
return (TickUnit)this.tickUnits.get(Math.min(index,this.tickUnits.size()-1));

1.309154779878678
/home/dale/d4j/Chart/Chart_2/source/org/jfree/chart/axis/TickUnits.java<159,160>

-------- Similar Code ---------
maximum=Math.max(maximum,uvalue.doubleValue());

1.3051586491408835
/home/dale/d4j/Chart/Chart_2/source/org/jfree/data/general/DatasetUtilities.java<1079,1079>

-------- Similar Code ---------
maximum=Math.max(maximum,uvalue.doubleValue());

1.3051586491408835
/home/dale/d4j/Chart/Chart_2/source/org/jfree/data/general/DatasetUtilities.java<1101,1101>

-------- Similar Code ---------
maximum=Math.max(maximum,uvalue.doubleValue());

1.3051586491408835
/home/dale/d4j/Chart/Chart_2/source/org/jfree/data/general/DatasetUtilities.java<1440,1440>

-------- Similar Code ---------
Number value,lvalue,uvalue;

1.3034758334786654
/home/dale/d4j/Chart/Chart_2/source/org/jfree/data/general/DatasetUtilities.java<981,981>

-------- Similar Code ---------
double fraction=(values[i]-minimum)/(maximum-minimum);

1.3026826922670263
/home/dale/d4j/Chart/Chart_2/source/org/jfree/data/statistics/HistogramDataset.java<192,192>

-------- Similar Code ---------
String daystr=s.substring(0,Math.min(10,s.length()));

1.2921180343813394
/home/dale/d4j/Chart/Chart_2/source/org/jfree/data/time/Hour.java<462,462>

-------- Similar Code ---------
String daystr=s.substring(0,Math.min(10,s.length()));

1.2921180343813394
/home/dale/d4j/Chart/Chart_2/source/org/jfree/data/time/Minute.java<469,469>

-------- Similar Code ---------
String hourstr=hmstr.substring(0,Math.min(2,hmstr.length()));

1.2921180343813394
/home/dale/d4j/Chart/Chart_2/source/org/jfree/data/time/Minute.java<477,477>

-------- Similar Code ---------
String daystr=s.substring(0,Math.min(10,s.length()));

1.2921180343813394
/home/dale/d4j/Chart/Chart_2/source/org/jfree/data/time/Second.java<426,426>

-------- Similar Code ---------
lvalue=uvalue+delta;

1.283987484698603
/home/dale/d4j/Chart/Chart_2/source/org/jfree/chart/renderer/xy/VectorRenderer.java<119,119>

-------- Similar Code ---------
uvalue=lvalue+delta;

1.283987484698603
/home/dale/d4j/Chart/Chart_2/source/org/jfree/chart/renderer/xy/VectorRenderer.java<123,123>

-------- Similar Code ---------
lvalue=uvalue+delta;

1.283987484698603
/home/dale/d4j/Chart/Chart_2/source/org/jfree/chart/renderer/xy/VectorRenderer.java<175,175>

-------- Similar Code ---------
uvalue=lvalue+delta;

1.283987484698603
/home/dale/d4j/Chart/Chart_2/source/org/jfree/chart/renderer/xy/VectorRenderer.java<179,179>

-------- Similar Code ---------
uvalue=uvalue-offset;

1.283987484698603
/home/dale/d4j/Chart/Chart_2/source/org/jfree/chart/renderer/xy/ClusteredXYBarRenderer.java<186,186>

-------- Similar Code ---------
uvalue=vdataset.getXValue(series,item);

1.2575396015218359
/home/dale/d4j/Chart/Chart_2/source/org/jfree/chart/renderer/xy/VectorRenderer.java<118,118>

-------- Similar Code ---------
uvalue=vdataset.getYValue(series,item);

1.2575396015218359
/home/dale/d4j/Chart/Chart_2/source/org/jfree/chart/renderer/xy/VectorRenderer.java<174,174>

-------- Similar Code ---------
uvalue=dataset.getEndXValue(series,item);

1.2575396015218359
/home/dale/d4j/Chart/Chart_2/source/org/jfree/chart/renderer/xy/ClusteredXYBarRenderer.java<183,183>

-------- Similar Code ---------
uvalue=intervalXYData.getEndXValue(series,item);

1.2575396015218359
/home/dale/d4j/Chart/Chart_2/source/org/jfree/data/general/DatasetUtilities.java<756,756>

-------- Similar Code ---------
uvalue=icd.getEndValue(row,column);

1.2575396015218359
/home/dale/d4j/Chart/Chart_2/source/org/jfree/data/general/DatasetUtilities.java<997,997>

-------- Similar Code ---------
uvalue=bx.getValue(series,item);

1.2575396015218359
/home/dale/d4j/Chart/Chart_2/source/org/jfree/data/general/DatasetUtilities.java<1073,1073>

-------- Similar Code ---------
uvalue=icd.getEndValue(series,column);

1.2575396015218359
/home/dale/d4j/Chart/Chart_2/source/org/jfree/data/general/DatasetUtilities.java<1096,1096>

-------- Similar Code ---------
double h=Math.min(dataArea.getWidth()/2.0,dataArea.getHeight()/2.0)-MARGIN;

1.2484811885651197
/home/dale/d4j/Chart/Chart_2/source/org/jfree/chart/plot/PolarPlot.java<742,743>

-------- Similar Code ---------
state.setBarWidth(Math.min(used/(dataset.getColumnCount()*dataset.getRowCount()),maxWidth));

1.2315507144102846
/home/dale/d4j/Chart/Chart_2/source/org/jfree/chart/renderer/category/BoxAndWhiskerRenderer.java<445,446>

-------- Similar Code ---------
Number uvalue=bx.getMaxRegularValue(series,item);

1.226890756302521
/home/dale/d4j/Chart/Chart_2/source/org/jfree/data/general/DatasetUtilities.java<1071,1071>

-------- Similar Code ---------
double uvalue=ixyd.getEndYValue(series,item);

1.226890756302521
/home/dale/d4j/Chart/Chart_2/source/org/jfree/data/general/DatasetUtilities.java<1243,1243>

-------- Similar Code ---------
double uvalue=ohlc.getHighValue(series,item);

1.226890756302521
/home/dale/d4j/Chart/Chart_2/source/org/jfree/data/general/DatasetUtilities.java<1260,1260>

-------- Similar Code ---------
double uvalue=ixyd.getEndXValue(series,item);

1.226890756302521
/home/dale/d4j/Chart/Chart_2/source/org/jfree/data/general/DatasetUtilities.java<1330,1330>

-------- Similar Code ---------
double uvalue=ohlc.getHighValue(series,item);

1.226890756302521
/home/dale/d4j/Chart/Chart_2/source/org/jfree/data/general/DatasetUtilities.java<1412,1412>

-------- Similar Code ---------
Number uvalue=bx.getMaxRegularValue(series,item);

1.226890756302521
/home/dale/d4j/Chart/Chart_2/source/org/jfree/data/general/DatasetUtilities.java<1435,1435>

-------- Similar Code ---------
double uvalue=ixyd.getEndYValue(series,item);

1.226890756302521
/home/dale/d4j/Chart/Chart_2/source/org/jfree/data/general/DatasetUtilities.java<1458,1458>

-------- Similar Code ---------
record1.setAllocatedY(Math.min(minY+height-record1.getLabelHeight()/2.0,record0.getUpperY()+this.minGap));

1.1841568470556854
/home/dale/d4j/Chart/Chart_2/source/org/jfree/chart/plot/PieLabelDistributor.java<149,152>

-------- Similar Code ---------
double end=Math.min(marker.getEndValue(),this.axis.getRange().getUpperBound());

1.1761140001162655
/home/dale/d4j/Chart/Chart_2/source/org/jfree/chart/axis/MarkerAxisBand.java<196,198>

-------- Similar Code ---------
String hourstr=s.substring(Math.min(daystr.length()+1,s.length()),s.length());

1.1254513677146727
/home/dale/d4j/Chart/Chart_2/source/org/jfree/data/time/Hour.java<465,467>

-------- Similar Code ---------
String hmstr=s.substring(Math.min(daystr.length()+1,s.length()),s.length());

1.1254513677146727
/home/dale/d4j/Chart/Chart_2/source/org/jfree/data/time/Minute.java<472,474>

-------- Similar Code ---------
String minstr=hmstr.substring(Math.min(hourstr.length()+1,hmstr.length()),hmstr.length());

1.1254513677146727
/home/dale/d4j/Chart/Chart_2/source/org/jfree/data/time/Minute.java<481,484>

-------- Similar Code ---------
String hmsstr=s.substring(Math.min(daystr.length()+1,s.length()),s.length());

1.1254513677146727
/home/dale/d4j/Chart/Chart_2/source/org/jfree/data/time/Second.java<429,431>

-------- Similar Code ---------
double offset=(uvalue-lvalue)/2.0;

1.1111778015959306
/home/dale/d4j/Chart/Chart_2/source/org/jfree/chart/renderer/xy/ClusteredXYBarRenderer.java<184,184>

-------- Similar Code ---------
area.setRect(area.getX(),Math.min(area.getY()+size.height,area.getMaxY()),area.getWidth(),Math.max(area.getHeight()-size.height,0));

1.0781377641680125
/home/dale/d4j/Chart/Chart_2/source/org/jfree/chart/JFreeChart.java<1326,1328>

-------- Similar Code ---------
barLow=Math.max(barLow,min);

1.0
/home/dale/d4j/Chart/Chart_2/source/org/jfree/chart/renderer/category/BarRenderer.java<847,847>

-------- Similar Code ---------
bar=new Rectangle2D.Double(Math.min(translatedBase,translatedValue),translatedEndX,translatedHeight,translatedWidth);

0.9848916356764204
/home/dale/d4j/Chart/Chart_2/source/org/jfree/chart/renderer/xy/StackedXYBarRenderer.java<336,338>

-------- Similar Code ---------
bar=new Rectangle2D.Double(translatedStartX,Math.min(translatedBase,translatedValue),translatedWidth,translatedHeight);

0.9848916356764204
/home/dale/d4j/Chart/Chart_2/source/org/jfree/chart/renderer/xy/StackedXYBarRenderer.java<341,343>

-------- Similar Code ---------
this.minimumBarLength=min;

0.9761870601839528
/home/dale/d4j/Chart/Chart_2/source/org/jfree/chart/renderer/category/BarRenderer.java<451,451>

-------- Similar Code ---------
value=min;

0.9761870601839528
/home/dale/d4j/Chart/Chart_2/source/org/jfree/chart/renderer/xy/XYStepAreaRenderer.java<600,600>

-------- Similar Code ---------
this.minute=(byte)min;

0.9761870601839528
/home/dale/d4j/Chart/Chart_2/source/org/jfree/data/time/Minute.java<155,155>

-------- Similar Code ---------
block=new Rectangle2D.Double(Math.min(yy0,yy1),Math.min(xx0,xx1),Math.abs(yy1-yy0),Math.abs(xx0-xx1));

0.9717004068499039
/home/dale/d4j/Chart/Chart_2/source/org/jfree/chart/renderer/xy/XYBlockRenderer.java<371,373>

-------- Similar Code ---------
block=new Rectangle2D.Double(Math.min(xx0,xx1),Math.min(yy0,yy1),Math.abs(xx1-xx0),Math.abs(yy1-yy0));

0.9717004068499039
/home/dale/d4j/Chart/Chart_2/source/org/jfree/chart/renderer/xy/XYBlockRenderer.java<376,378>

-------- Similar Code ---------
double min,max;

0.9701425001453319
/home/dale/d4j/Chart/Chart_2/source/org/jfree/chart/renderer/xy/CandlestickRenderer.java<763,763>

-------- Similar Code ---------
r[0]=new Rectangle2D.Double(Math.min(yymax,yy),Math.min(xxmin,xx),Math.abs(yy-yymax),Math.abs(xx-xxmin));

0.9661949778010387
/home/dale/d4j/Chart/Chart_2/source/org/jfree/chart/plot/XYPlot.java<3562,3564>

-------- Similar Code ---------
r[0]=new Rectangle2D.Double(Math.min(xxmin,xx),Math.min(yymax,yy),Math.abs(xx-xxmin),Math.abs(yy-yymax));

0.9661949778010387
/home/dale/d4j/Chart/Chart_2/source/org/jfree/chart/plot/XYPlot.java<3567,3569>

-------- Similar Code ---------
r[1]=new Rectangle2D.Double(Math.min(yymax,yy),Math.min(xxmax,xx),Math.abs(yy-yymax),Math.abs(xx-xxmax));

0.9661949778010387
/home/dale/d4j/Chart/Chart_2/source/org/jfree/chart/plot/XYPlot.java<3577,3579>

-------- Similar Code ---------
r[1]=new Rectangle2D.Double(Math.min(xx,xxmax),Math.min(yymax,yy),Math.abs(xx-xxmax),Math.abs(yy-yymax));

0.9661949778010387
/home/dale/d4j/Chart/Chart_2/source/org/jfree/chart/plot/XYPlot.java<3582,3584>

-------- Similar Code ---------
r[2]=new Rectangle2D.Double(Math.min(yymin,yy),Math.min(xxmin,xx),Math.abs(yy-yymin),Math.abs(xx-xxmin));

0.9661949778010387
/home/dale/d4j/Chart/Chart_2/source/org/jfree/chart/plot/XYPlot.java<3592,3594>

-------- Similar Code ---------
r[2]=new Rectangle2D.Double(Math.min(xxmin,xx),Math.min(yymin,yy),Math.abs(xx-xxmin),Math.abs(yy-yymin));

0.9661949778010387
/home/dale/d4j/Chart/Chart_2/source/org/jfree/chart/plot/XYPlot.java<3597,3599>

-------- Similar Code ---------
r[3]=new Rectangle2D.Double(Math.min(yymin,yy),Math.min(xxmax,xx),Math.abs(yy-yymin),Math.abs(xx-xxmax));

0.9661949778010387
/home/dale/d4j/Chart/Chart_2/source/org/jfree/chart/plot/XYPlot.java<3607,3609>

-------- Similar Code ---------
r[3]=new Rectangle2D.Double(Math.min(xx,xxmax),Math.min(yymin,yy),Math.abs(xx-xxmax),Math.abs(yy-yymin));

0.9661949778010387
/home/dale/d4j/Chart/Chart_2/source/org/jfree/chart/plot/XYPlot.java<3612,3614>

-------- Similar Code ---------
if(min!=null){
double minv=min.doubleValue();
if(!Double.isNaN(minv)){
if(minv<this.minimumRangeValue||Double.isNaN(this.minimumRangeValue)){
this.minimumRangeValue=minv;
this.minimumRangeValueRow=r;
this.minimumRangeValueColumn=c;
}
}
}

0.9644489131709931
/home/dale/d4j/Chart/Chart_2/source/org/jfree/data/statistics/DefaultBoxAndWhiskerCategoryDataset.java<861,871>

-------- Similar Code ---------
box=new Rectangle2D.Double(Math.min(xxQ1,xxQ3),yy,Math.abs(xxQ1-xxQ3),state.getBarWidth());

0.9620942898608359
/home/dale/d4j/Chart/Chart_2/source/org/jfree/chart/renderer/category/BoxAndWhiskerRenderer.java<591,592>

-------- Similar Code ---------
box=new Rectangle2D.Double(xx,Math.min(yyQ1,yyQ3),state.getBarWidth(),Math.abs(yyQ1-yyQ3));

0.9620942898608359
/home/dale/d4j/Chart/Chart_2/source/org/jfree/chart/renderer/category/BoxAndWhiskerRenderer.java<739,740>

-------- Similar Code ---------
min=values[i];

0.9506541513652698
/home/dale/d4j/Chart/Chart_2/source/org/jfree/data/statistics/HistogramDataset.java<232,232>

-------- Similar Code ---------
block.setBounds(new Rectangle2D.Double(x,y,Math.min(size.width,width),size.height));

0.9470405551763815
/home/dale/d4j/Chart/Chart_2/source/org/jfree/chart/block/FlowArrangement.java<214,218>

-------- Similar Code ---------
block.setBounds(new Rectangle2D.Double(x,y,size.width,Math.min(size.height,height)));

0.9470405551763815
/home/dale/d4j/Chart/Chart_2/source/org/jfree/chart/block/ColumnArrangement.java<237,241>

-------- Similar Code ---------
block.setBounds(new Rectangle2D.Double(x,y,Math.min(size.width,width-x),size.height));

0.9467621366623017
/home/dale/d4j/Chart/Chart_2/source/org/jfree/chart/block/FlowArrangement.java<200,204>

-------- Similar Code ---------
block.setBounds(new Rectangle2D.Double(x,y,size.width,Math.min(size.height,height-y)));

0.9467621366623017
/home/dale/d4j/Chart/Chart_2/source/org/jfree/chart/block/ColumnArrangement.java<223,227>

-------- Similar Code ---------
band=new Rectangle2D.Double(Math.min(x1,x2),dataArea.getMinY(),Math.abs(x2-x1),dataArea.getWidth());

0.9355852142347213
/home/dale/d4j/Chart/Chart_2/source/org/jfree/chart/renderer/xy/AbstractXYItemRenderer.java<1150,1151>

-------- Similar Code ---------
band=new Rectangle2D.Double(dataArea.getMinX(),Math.min(x1,x2),dataArea.getWidth(),Math.abs(x2-x1));

0.9355852142347213
/home/dale/d4j/Chart/Chart_2/source/org/jfree/chart/renderer/xy/AbstractXYItemRenderer.java<1154,1155>

-------- Similar Code ---------
band=new Rectangle2D.Double(dataArea.getMinX(),Math.min(y1,y2),dataArea.getWidth(),Math.abs(y2-y1));

0.9355852142347213
/home/dale/d4j/Chart/Chart_2/source/org/jfree/chart/renderer/xy/AbstractXYItemRenderer.java<1185,1186>

-------- Similar Code ---------
band=new Rectangle2D.Double(Math.min(y1,y2),dataArea.getMinY(),Math.abs(y2-y1),dataArea.getHeight());

0.9355852142347213
/home/dale/d4j/Chart/Chart_2/source/org/jfree/chart/renderer/xy/AbstractXYItemRenderer.java<1189,1190>

-------- Similar Code ---------
entityArea=new Rectangle2D.Double(Math.min(yyLow,yyHigh),xx-1.0,Math.abs(yyHigh-yyLow),2.0);

0.9304083928170915
/home/dale/d4j/Chart/Chart_2/source/org/jfree/chart/renderer/xy/HighLowRenderer.java<355,356>

-------- Similar Code ---------
entityArea=new Rectangle2D.Double(xx-1.0,Math.min(yyLow,yyHigh),2.0,Math.abs(yyHigh-yyLow));

0.9304083928170915
/home/dale/d4j/Chart/Chart_2/source/org/jfree/chart/renderer/xy/HighLowRenderer.java<360,362>

-------- Similar Code ---------
double minY=rangeAxis.valueToJava2D(this.min,dataArea,plot.getRangeAxisEdge());

0.9007546982220901
/home/dale/d4j/Chart/Chart_2/source/org/jfree/chart/renderer/category/MinMaxCategoryRenderer.java<371,372>

-------- Similar Code ---------
min=area.getX();

0.8911327886790069
/home/dale/d4j/Chart/Chart_2/source/org/jfree/chart/axis/PeriodAxis.java<1036,1036>

-------- Similar Code ---------
min=area.getMaxY();

0.8911327886790069
/home/dale/d4j/Chart/Chart_2/source/org/jfree/chart/axis/PeriodAxis.java<1040,1040>

-------- Similar Code ---------
min=area.getX();

0.8911327886790069
/home/dale/d4j/Chart/Chart_2/source/org/jfree/chart/axis/LogAxis.java<312,312>

-------- Similar Code ---------
min=area.getMaxY();

0.8911327886790069
/home/dale/d4j/Chart/Chart_2/source/org/jfree/chart/axis/LogAxis.java<316,316>

-------- Similar Code ---------
min=area.getX();

0.8911327886790069
/home/dale/d4j/Chart/Chart_2/source/org/jfree/chart/axis/LogAxis.java<353,353>

-------- Similar Code ---------
min=area.getMaxY();

0.8911327886790069
/home/dale/d4j/Chart/Chart_2/source/org/jfree/chart/axis/LogAxis.java<358,358>

-------- Similar Code ---------
min=area.getX();

0.8911327886790069
/home/dale/d4j/Chart/Chart_2/source/org/jfree/chart/axis/DateAxis.java<822,822>

-------- Similar Code ---------
min=area.getMaxY();

0.8911327886790069
/home/dale/d4j/Chart/Chart_2/source/org/jfree/chart/axis/DateAxis.java<826,826>

-------- Similar Code ---------
min=plotArea.getMinX();

0.8911327886790069
/home/dale/d4j/Chart/Chart_2/source/org/jfree/chart/axis/LogarithmicAxis.java<635,635>

-------- Similar Code ---------
min=plotArea.getMaxY();

0.8911327886790069
/home/dale/d4j/Chart/Chart_2/source/org/jfree/chart/axis/LogarithmicAxis.java<639,639>

-------- Similar Code ---------
min=area.getX();

0.8911327886790069
/home/dale/d4j/Chart/Chart_2/source/org/jfree/chart/axis/NumberAxis.java<536,536>

-------- Similar Code ---------
min=area.getMaxY();

0.8911327886790069
/home/dale/d4j/Chart/Chart_2/source/org/jfree/chart/axis/NumberAxis.java<541,541>

-------- Similar Code ---------
min=area.getX();

0.8911327886790069
/home/dale/d4j/Chart/Chart_2/source/org/jfree/chart/axis/NumberAxis.java<576,576>

-------- Similar Code ---------
min=area.getMaxY();

0.8911327886790069
/home/dale/d4j/Chart/Chart_2/source/org/jfree/chart/axis/NumberAxis.java<580,580>

-------- Similar Code ---------
min=area.getX();

0.8911327886790069
/home/dale/d4j/Chart/Chart_2/source/org/jfree/chart/axis/ModuloAxis.java<177,177>

-------- Similar Code ---------
min=area.getMaxY();

0.8911327886790069
/home/dale/d4j/Chart/Chart_2/source/org/jfree/chart/axis/ModuloAxis.java<181,181>

-------- Similar Code ---------
min=area.getX();

0.8911327886790069
/home/dale/d4j/Chart/Chart_2/source/org/jfree/chart/axis/ModuloAxis.java<213,213>

-------- Similar Code ---------
min=area.getMaxY();

0.8911327886790069
/home/dale/d4j/Chart/Chart_2/source/org/jfree/chart/axis/ModuloAxis.java<217,217>

-------- Similar Code ---------
this.min=value.doubleValue();

0.8911327886790069
/home/dale/d4j/Chart/Chart_2/source/org/jfree/chart/renderer/category/MinMaxCategoryRenderer.java<361,361>

-------- Similar Code ---------
this.min=value.doubleValue();

0.8911327886790069
/home/dale/d4j/Chart/Chart_2/source/org/jfree/chart/renderer/category/MinMaxCategoryRenderer.java<390,390>

-------- Similar Code ---------
min=dataArea.getMinY();

0.8911327886790069
/home/dale/d4j/Chart/Chart_2/source/org/jfree/chart/renderer/xy/XYStepAreaRenderer.java<592,592>

-------- Similar Code ---------
min=dataArea.getMinX();

0.8911327886790069
/home/dale/d4j/Chart/Chart_2/source/org/jfree/chart/renderer/xy/XYStepAreaRenderer.java<596,596>

-------- Similar Code ---------
min=dataArea.getMinX();

0.8911327886790069
/home/dale/d4j/Chart/Chart_2/source/org/jfree/chart/renderer/xy/CandlestickRenderer.java<765,765>

-------- Similar Code ---------
min=dataArea.getMinY();

0.8911327886790069
/home/dale/d4j/Chart/Chart_2/source/org/jfree/chart/renderer/xy/CandlestickRenderer.java<769,769>

-------- Similar Code ---------
{
if(values==null||values.length<1){
throw new IllegalArgumentException("Null or zero length \'values\' argument.");
}
double min=Double.MAX_VALUE;
for(int i=0;i<values.length;i++){
if(values[i]<min){
min=values[i];
}
}
return min;
}

0.8896600147954358
/home/dale/d4j/Chart/Chart_2/source/org/jfree/data/statistics/HistogramDataset.java<224,236>

-------- Similar Code ---------
double cutPoint=min.doubleValue()+valueStep;

0.8775269089525567
/home/dale/d4j/Chart/Chart_2/source/org/jfree/chart/renderer/WaferMapRenderer.java<272,272>

-------- Similar Code ---------
double zzVolume=volumeHeight*(max-min);

0.8677218312746247
/home/dale/d4j/Chart/Chart_2/source/org/jfree/chart/renderer/xy/CandlestickRenderer.java<773,773>

-------- Similar Code ---------
Number min=item.getMinOutlier();

0.8677218312746247
/home/dale/d4j/Chart/Chart_2/source/org/jfree/data/statistics/DefaultBoxAndWhiskerCategoryDataset.java<860,860>

-------- Similar Code ---------
g2.fill(new Rectangle2D.Double(min,xx-volumeWidth/2,zzVolume,volumeWidth));

0.8677218312746245
/home/dale/d4j/Chart/Chart_2/source/org/jfree/chart/renderer/xy/CandlestickRenderer.java<781,782>

-------- Similar Code ---------
meterW=2*min;

0.82502864732539
/home/dale/d4j/Chart/Chart_2/source/org/jfree/chart/plot/MeterPlot.java<841,841>

-------- Similar Code ---------
meterH=2*min;

0.82502864732539
/home/dale/d4j/Chart/Chart_2/source/org/jfree/chart/plot/MeterPlot.java<842,842>

-------- Similar Code ---------
W=2*min;

0.82502864732539
/home/dale/d4j/Chart/Chart_2/source/org/jfree/chart/plot/SpiderWebPlot.java<1207,1207>

-------- Similar Code ---------
H=2*min;

0.82502864732539
/home/dale/d4j/Chart/Chart_2/source/org/jfree/chart/plot/SpiderWebPlot.java<1208,1208>

-------- Similar Code ---------
linkW=2*min;

0.82502864732539
/home/dale/d4j/Chart/Chart_2/source/org/jfree/chart/plot/PiePlot3D.java<278,278>

-------- Similar Code ---------
linkH=2*min;

0.82502864732539
/home/dale/d4j/Chart/Chart_2/source/org/jfree/chart/plot/PiePlot3D.java<279,279>

-------- Similar Code ---------
linkW=2*min;

0.82502864732539
/home/dale/d4j/Chart/Chart_2/source/org/jfree/chart/plot/PiePlot.java<2510,2510>

-------- Similar Code ---------
linkH=2*min;

0.82502864732539
/home/dale/d4j/Chart/Chart_2/source/org/jfree/chart/plot/PiePlot.java<2511,2511>

-------- Similar Code ---------
min=area.getMaxX()-area.getWidth()*length2/(length1+length2);

0.8031157077540444
/home/dale/d4j/Chart/Chart_2/source/org/jfree/chart/axis/ModuloAxis.java<252,253>

-------- Similar Code ---------
min=area.getMinY()+area.getHeight()*length2/(length1+length2);

0.8031157077540444
/home/dale/d4j/Chart/Chart_2/source/org/jfree/chart/axis/ModuloAxis.java<257,258>

-------- Similar Code ---------
result=axisMax-((java2DValue-min)/(max-min)*(axisMax-axisMin));

0.7963954906445218
/home/dale/d4j/Chart/Chart_2/source/org/jfree/chart/axis/PeriodAxis.java<1044,1045>

-------- Similar Code ---------
result=axisMin+((java2DValue-min)/(max-min)*(axisMax-axisMin));

0.7963954906445218
/home/dale/d4j/Chart/Chart_2/source/org/jfree/chart/axis/PeriodAxis.java<1048,1049>

-------- Similar Code ---------
log=axisMax-(java2DValue-min)/(max-min)*(axisMax-axisMin);

0.7963954906445218
/home/dale/d4j/Chart/Chart_2/source/org/jfree/chart/axis/LogAxis.java<321,322>

-------- Similar Code ---------
log=axisMin+(java2DValue-min)/(max-min)*(axisMax-axisMin);

0.7963954906445218
/home/dale/d4j/Chart/Chart_2/source/org/jfree/chart/axis/LogAxis.java<325,326>

-------- Similar Code ---------
result=axisMax-((java2DValue-min)/(max-min)*(axisMax-axisMin));

0.7963954906445218
/home/dale/d4j/Chart/Chart_2/source/org/jfree/chart/axis/DateAxis.java<832,833>

-------- Similar Code ---------
result=axisMin+((java2DValue-min)/(max-min)*(axisMax-axisMin));

0.7963954906445218
/home/dale/d4j/Chart/Chart_2/source/org/jfree/chart/axis/DateAxis.java<836,837>

-------- Similar Code ---------
meterX=(meterX+meterX)/2-min;

0.7934920476158722
/home/dale/d4j/Chart/Chart_2/source/org/jfree/chart/plot/MeterPlot.java<839,839>

-------- Similar Code ---------
meterY=(meterY+meterY)/2-min;

0.7934920476158722
/home/dale/d4j/Chart/Chart_2/source/org/jfree/chart/plot/MeterPlot.java<840,840>

-------- Similar Code ---------
X=(X+X)/2-min;

0.7934920476158722
/home/dale/d4j/Chart/Chart_2/source/org/jfree/chart/plot/SpiderWebPlot.java<1205,1205>

-------- Similar Code ---------
Y=(Y+Y)/2-min;

0.7934920476158722
/home/dale/d4j/Chart/Chart_2/source/org/jfree/chart/plot/SpiderWebPlot.java<1206,1206>

-------- Similar Code ---------
linkX=(linkX+linkX)/2-min;

0.7934920476158722
/home/dale/d4j/Chart/Chart_2/source/org/jfree/chart/plot/PiePlot3D.java<276,276>

-------- Similar Code ---------
linkY=(linkY+linkY)/2-min;

0.7934920476158722
/home/dale/d4j/Chart/Chart_2/source/org/jfree/chart/plot/PiePlot3D.java<277,277>

-------- Similar Code ---------
linkX=(linkX+linkX)/2-min;

0.7934920476158722
/home/dale/d4j/Chart/Chart_2/source/org/jfree/chart/plot/PiePlot.java<2508,2508>

-------- Similar Code ---------
linkY=(linkY+linkY)/2-min;

0.7934920476158722
/home/dale/d4j/Chart/Chart_2/source/org/jfree/chart/plot/PiePlot.java<2509,2509>

-------- Similar Code ---------
return new Range(min,max);

0.7921180343813395
/home/dale/d4j/Chart/Chart_2/source/org/jfree/chart/renderer/xy/StackedXYAreaRenderer2.java<184,184>

-------- Similar Code ---------
int min=calendar.get(Calendar.MINUTE);

0.7921180343813395
/home/dale/d4j/Chart/Chart_2/source/org/jfree/data/time/Minute.java<154,154>

-------- Similar Code ---------
plotArea=new Rectangle2D.Double(plotArea.getCenterX()-min,plotArea.getCenterY()-min,2*min,2*min);

0.7913343020885363
/home/dale/d4j/Chart/Chart_2/source/org/jfree/chart/plot/PiePlot3D.java<361,362>

-------- Similar Code ---------
double valueRange=max.doubleValue()-min.doubleValue();

0.7778444682625973
/home/dale/d4j/Chart/Chart_2/source/org/jfree/chart/renderer/WaferMapRenderer.java<269,269>

-------- Similar Code ---------
return max-((value-axisMin)/(axisMax-axisMin))*(max-min);

0.732292093352318
/home/dale/d4j/Chart/Chart_2/source/org/jfree/chart/axis/LogAxis.java<361,362>

-------- Similar Code ---------
return min+((value-axisMin)/(axisMax-axisMin))*(max-min);

0.732292093352318
/home/dale/d4j/Chart/Chart_2/source/org/jfree/chart/axis/LogAxis.java<365,366>

-------- Similar Code ---------
return max-(((value-axisMin)/(axisMax-axisMin))*(max-min));

0.732292093352318
/home/dale/d4j/Chart/Chart_2/source/org/jfree/chart/axis/LogarithmicAxis.java<646,647>

-------- Similar Code ---------
return min+(((value-axisMin)/(axisMax-axisMin))*(max-min));

0.732292093352318
/home/dale/d4j/Chart/Chart_2/source/org/jfree/chart/axis/LogarithmicAxis.java<650,651>

-------- Similar Code ---------
return max-((value-axisMin)/(axisMax-axisMin))*(max-min);

0.732292093352318
/home/dale/d4j/Chart/Chart_2/source/org/jfree/chart/axis/NumberAxis.java<544,545>

-------- Similar Code ---------
return min+((value-axisMin)/(axisMax-axisMin))*(max-min);

0.732292093352318
/home/dale/d4j/Chart/Chart_2/source/org/jfree/chart/axis/NumberAxis.java<548,549>

-------- Similar Code ---------
return axisMax-(java2DValue-min)/(max-min)*(axisMax-axisMin);

0.732292093352318
/home/dale/d4j/Chart/Chart_2/source/org/jfree/chart/axis/NumberAxis.java<584,585>

-------- Similar Code ---------
return axisMin+(java2DValue-min)/(max-min)*(axisMax-axisMin);

0.732292093352318
/home/dale/d4j/Chart/Chart_2/source/org/jfree/chart/axis/NumberAxis.java<588,589>

-------- Similar Code ---------
return max-((value-this.displayStart)/(this.displayEnd-this.displayStart))*(max-min);

0.732292093352318
/home/dale/d4j/Chart/Chart_2/source/org/jfree/chart/axis/ModuloAxis.java<185,186>

-------- Similar Code ---------
return min+((value-this.displayStart)/(this.displayEnd-this.displayStart))*(max-min);

0.732292093352318
/home/dale/d4j/Chart/Chart_2/source/org/jfree/chart/axis/ModuloAxis.java<189,190>

-------- Similar Code ---------
return max-((value-this.displayStart)/(this.fixedRange.getUpperBound()-this.displayStart))*(max-min);

0.7280713544892813
/home/dale/d4j/Chart/Chart_2/source/org/jfree/chart/axis/ModuloAxis.java<222,224>

-------- Similar Code ---------
return min+((value-this.displayStart)/(this.fixedRange.getUpperBound()-this.displayStart))*(max-min);

0.7280713544892813
/home/dale/d4j/Chart/Chart_2/source/org/jfree/chart/axis/ModuloAxis.java<227,229>

-------- Similar Code ---------
return max-((value-this.fixedRange.getLowerBound())/(this.displayEnd-this.fixedRange.getLowerBound()))*(max-min);

0.715833989590879
/home/dale/d4j/Chart/Chart_2/source/org/jfree/chart/axis/ModuloAxis.java<261,263>

-------- Similar Code ---------
return min+((value-this.fixedRange.getLowerBound())/(this.displayEnd-this.fixedRange.getLowerBound()))*(max-min);

0.715833989590879
/home/dale/d4j/Chart/Chart_2/source/org/jfree/chart/axis/ModuloAxis.java<266,268>

-------- Similar Code ---------
double min=0.0;

0.6859943405700353
/home/dale/d4j/Chart/Chart_2/source/org/jfree/chart/axis/PeriodAxis.java<1031,1031>

-------- Similar Code ---------
double min=0.0;

0.6859943405700353
/home/dale/d4j/Chart/Chart_2/source/org/jfree/chart/axis/LogAxis.java<309,309>

-------- Similar Code ---------
double min=0.0;

0.6859943405700353
/home/dale/d4j/Chart/Chart_2/source/org/jfree/chart/axis/LogAxis.java<350,350>

-------- Similar Code ---------
double min=0.0;

0.6859943405700353
/home/dale/d4j/Chart/Chart_2/source/org/jfree/chart/axis/DateAxis.java<819,819>

-------- Similar Code ---------
double min=0.0;

0.6859943405700353
/home/dale/d4j/Chart/Chart_2/source/org/jfree/chart/axis/LogarithmicAxis.java<632,632>

-------- Similar Code ---------
double min=0.0;

0.6859943405700353
/home/dale/d4j/Chart/Chart_2/source/org/jfree/chart/axis/NumberAxis.java<533,533>

-------- Similar Code ---------
double min=0.0;

0.6859943405700353
/home/dale/d4j/Chart/Chart_2/source/org/jfree/chart/axis/NumberAxis.java<573,573>

-------- Similar Code ---------
double min=0.0;

0.6859943405700353
/home/dale/d4j/Chart/Chart_2/source/org/jfree/chart/axis/ModuloAxis.java<174,174>

-------- Similar Code ---------
double min=0.0;

0.6859943405700353
/home/dale/d4j/Chart/Chart_2/source/org/jfree/chart/axis/ModuloAxis.java<210,210>

-------- Similar Code ---------
double min=0.0;

0.6859943405700353
/home/dale/d4j/Chart/Chart_2/source/org/jfree/chart/axis/ModuloAxis.java<248,248>

-------- Similar Code ---------
if(barHigh<min){
return null;
}

0.6859943405700353
/home/dale/d4j/Chart/Chart_2/source/org/jfree/chart/renderer/category/BarRenderer.java<841,843>

-------- Similar Code ---------
double min=0;

0.6859943405700353
/home/dale/d4j/Chart/Chart_2/source/org/jfree/chart/renderer/xy/XYStepAreaRenderer.java<589,589>

-------- Similar Code ---------
double min=Double.POSITIVE_INFINITY;

0.6859943405700353
/home/dale/d4j/Chart/Chart_2/source/org/jfree/chart/renderer/xy/StackedXYAreaRenderer2.java<171,171>

-------- Similar Code ---------
if(this.range.getUpperBound()>min){
setRange(new Range(min,this.range.getUpperBound()));
}else {
setRange(new Range(min,min+1.0));
}

0.6676978608895885
/home/dale/d4j/Chart/Chart_2/source/org/jfree/chart/axis/ValueAxis.java<1182,1187>
