-------- Original Code ---------
copy.minY=Double.NaN;
copy.maxY=Double.NaN;

/home/dale/d4j/fixed_bugs_dir/Chart/Chart_3/source/org/jfree/data/time/TimeSeries.java<1057,1058>

-------- Similar Code ---------
this.maxX=Double.NaN;
this.minY=Double.NaN;
this.maxY=Double.NaN;

1.7970544855015815
/home/dale/d4j/Chart/Chart_3/source/org/jfree/data/xy/XYSeries.java<175,177>

-------- Similar Code ---------
this.maximumItemAge=Long.MAX_VALUE;
this.minY=Double.NaN;
this.maxY=Double.NaN;

1.7788389158235427
/home/dale/d4j/Chart/Chart_3/source/org/jfree/data/time/TimeSeries.java<192,194>

-------- Similar Code ---------
{
this.data.clear();
this.timePeriodClass=null;
this.minY=Double.NaN;
this.maxY=Double.NaN;
fireSeriesChanged();
}

1.6278279803335733
/home/dale/d4j/Chart/Chart_3/source/org/jfree/data/time/TimeSeries.java<950,956>

-------- Similar Code ---------
{
this.data.clear();
this.minX=Double.NaN;
this.maxX=Double.NaN;
this.minY=Double.NaN;
this.maxY=Double.NaN;
fireSeriesChanged();
}

1.5593733362751694
/home/dale/d4j/Chart/Chart_3/source/org/jfree/data/xy/XYSeries.java<601,608>

-------- Similar Code ---------
if(y<=this.minY||y>=this.maxY){
findBoundsByIteration();
}

1.4758214465453445
/home/dale/d4j/Chart/Chart_3/source/org/jfree/data/time/TimeSeries.java<1232,1234>

-------- Similar Code ---------
if(y<=this.minY||y>=this.maxY){
itemContributesToYBounds=true;
}

1.4580492663621445
/home/dale/d4j/Chart/Chart_3/source/org/jfree/data/xy/XYSeries.java<278,280>

-------- Similar Code ---------
{
shape1.moveTo(x,maxY);
minY=maxY-4*getSize();
}

1.4323446362038985
/home/dale/d4j/Chart/Chart_3/source/org/jfree/chart/needle/ArrowNeedle.java<107,110>

-------- Similar Code ---------
if(!Double.isNaN(oldY)){
iterate=oldY<=this.minY||oldY>=this.maxY;
}

1.4316142209946916
/home/dale/d4j/Chart/Chart_3/source/org/jfree/data/xy/XYSeries.java<673,675>

-------- Similar Code ---------
if(!Double.isNaN(oldY)){
iterate=oldY<=this.minY||oldY>=this.maxY;
}

1.4316142209946916
/home/dale/d4j/Chart/Chart_3/source/org/jfree/data/xy/XYSeries.java<814,816>

-------- Similar Code ---------
if(!Double.isNaN(oldY)){
iterate=oldY<=this.minY||oldY>=this.maxY;
}

1.4316142209946916
/home/dale/d4j/Chart/Chart_3/source/org/jfree/data/time/TimeSeries.java<726,728>

-------- Similar Code ---------
if(!Double.isNaN(oldY)){
iterate=oldY<=this.minY||oldY>=this.maxY;
}

1.4316142209946916
/home/dale/d4j/Chart/Chart_3/source/org/jfree/data/time/TimeSeries.java<834,836>

-------- Similar Code ---------
if(Double.isInfinite(minY)||Double.isNaN(minY)){
throw new IllegalArgumentException("\'minY\' cannot be INF or NaN.");
}

1.346809798439941
/home/dale/d4j/Chart/Chart_3/source/org/jfree/data/general/DefaultHeatMapDataset.java<103,105>

-------- Similar Code ---------
if(Double.isInfinite(maxY)||Double.isNaN(maxY)){
throw new IllegalArgumentException("\'maxY\' cannot be INF or NaN.");
}

1.346809798439941
/home/dale/d4j/Chart/Chart_3/source/org/jfree/data/general/DefaultHeatMapDataset.java<106,108>

-------- Similar Code ---------
{
this.minY=Double.NaN;
this.maxY=Double.NaN;
Iterator iterator=this.data.iterator();
while(iterator.hasNext()){
TimeSeriesDataItem item=(TimeSeriesDataItem)iterator.next();
updateBoundsForAddedItem(item);
}
}

1.3440686400617012
/home/dale/d4j/Chart/Chart_3/source/org/jfree/data/time/TimeSeries.java<1245,1253>

-------- Similar Code ---------
{
double y=item.getYValue();
this.minY=minIgnoreNaN(this.minY,y);
this.maxY=maxIgnoreNaN(this.maxY,y);
}

1.3397429877987295
/home/dale/d4j/Chart/Chart_3/source/org/jfree/data/xy/XYSeries.java<251,255>

-------- Similar Code ---------
{
double yy=y.doubleValue();
this.minY=minIgnoreNaN(this.minY,yy);
this.maxY=maxIgnoreNaN(this.maxY,yy);
}

1.3397429877987295
/home/dale/d4j/Chart/Chart_3/source/org/jfree/data/xy/XYSeries.java<681,685>

-------- Similar Code ---------
{
double yy=value.doubleValue();
this.minY=minIgnoreNaN(this.minY,yy);
this.maxY=maxIgnoreNaN(this.maxY,yy);
}

1.3397429877987295
/home/dale/d4j/Chart/Chart_3/source/org/jfree/data/time/TimeSeries.java<734,738>

-------- Similar Code ---------
{
double y=yN.doubleValue();
this.minY=minIgnoreNaN(this.minY,y);
this.maxY=maxIgnoreNaN(this.maxY,y);
}

1.3397429877987295
/home/dale/d4j/Chart/Chart_3/source/org/jfree/data/time/TimeSeries.java<1212,1216>

-------- Similar Code ---------
{
this.minX=Double.NaN;
this.maxX=Double.NaN;
this.minY=Double.NaN;
this.maxY=Double.NaN;
Iterator iterator=this.data.iterator();
while(iterator.hasNext()){
XYDataItem item=(XYDataItem)iterator.next();
updateBoundsForAddedItem(item);
}
}

1.308895666153064
/home/dale/d4j/Chart/Chart_3/source/org/jfree/data/xy/XYSeries.java<303,313>

-------- Similar Code ---------
if(this.minY!=that.minY){
return false;
}

1.307207352795575
/home/dale/d4j/Chart/Chart_3/source/org/jfree/data/general/DefaultHeatMapDataset.java<298,300>

-------- Similar Code ---------
if(this.maxY!=that.maxY){
return false;
}

1.307207352795575
/home/dale/d4j/Chart/Chart_3/source/org/jfree/data/general/DefaultHeatMapDataset.java<301,303>

-------- Similar Code ---------
if(!Double.isNaN(minY)){
lower=Math.min(lower,minY);
}

1.304252880059105
/home/dale/d4j/Chart/Chart_3/source/org/jfree/data/xy/XYSeriesCollection.java<703,705>

-------- Similar Code ---------
if(!Double.isNaN(maxY)){
upper=Math.max(upper,maxY);
}

1.304252880059105
/home/dale/d4j/Chart/Chart_3/source/org/jfree/data/xy/XYSeriesCollection.java<707,709>

-------- Similar Code ---------
{
double yy=item.getY().doubleValue();
this.minY=minIgnoreNaN(this.minY,yy);
this.maxY=minIgnoreNaN(this.maxY,yy);
}

1.2997354108424375
/home/dale/d4j/Chart/Chart_3/source/org/jfree/data/xy/XYSeries.java<822,826>

-------- Similar Code ---------
{
double yy=item.getValue().doubleValue();
this.minY=minIgnoreNaN(this.minY,yy);
this.maxY=minIgnoreNaN(this.maxY,yy);
}

1.2997354108424375
/home/dale/d4j/Chart/Chart_3/source/org/jfree/data/time/TimeSeries.java<841,845>

-------- Similar Code ---------
{
double y=this.minY+(this.maxY-this.minY)*(yIndex/(double)this.ySamples);
return y;
}

1.2803584520815892
/home/dale/d4j/Chart/Chart_3/source/org/jfree/data/general/DefaultHeatMapDataset.java<208,212>

-------- Similar Code ---------
if(y<minY){
y=minY;
}

1.2792386362602504
/home/dale/d4j/Chart/Chart_3/source/org/jfree/chart/needle/LongNeedle.java<96,98>

-------- Similar Code ---------
{
shape1.moveTo(x,minY);
minY+=4*getSize();
}

1.1930602869544287
/home/dale/d4j/Chart/Chart_3/source/org/jfree/chart/needle/ArrowNeedle.java<103,106>

-------- Similar Code ---------
{
g2.draw(new Line2D.Double(x1,minY,x1,maxY));
this.minIcon.paintIcon(null,g2,(int)x1,(int)minY);
this.maxIcon.paintIcon(null,g2,(int)x1,(int)maxY);
}

1.184043948309936
/home/dale/d4j/Chart/Chart_3/source/org/jfree/chart/renderer/category/MinMaxCategoryRenderer.java<376,380>

-------- Similar Code ---------
{
g2.draw(new Line2D.Double(minY,x1,maxY,x1));
this.minIcon.paintIcon(null,g2,(int)minY,(int)x1);
this.maxIcon.paintIcon(null,g2,(int)maxY,(int)x1);
}

1.184043948309936
/home/dale/d4j/Chart/Chart_3/source/org/jfree/chart/renderer/category/MinMaxCategoryRenderer.java<381,385>

-------- Similar Code ---------
g2.setStroke(this.groupStroke);
double minY=rangeAxis.valueToJava2D(this.min,dataArea,plot.getRangeAxisEdge());
double maxY=rangeAxis.valueToJava2D(this.max,dataArea,plot.getRangeAxisEdge());

1.181230439694592
/home/dale/d4j/Chart/Chart_3/source/org/jfree/chart/renderer/category/MinMaxCategoryRenderer.java<370,374>

-------- Similar Code ---------
if(isOverlap()){
adjustDownwards(minY,height);
}

1.1467616667635547
/home/dale/d4j/Chart/Chart_3/source/org/jfree/chart/plot/PieLabelDistributor.java<78,80>

-------- Similar Code ---------
if(isOverlap()){
adjustUpwards(minY,height);
}

1.1467616667635547
/home/dale/d4j/Chart/Chart_3/source/org/jfree/chart/plot/PieLabelDistributor.java<82,84>

-------- Similar Code ---------
if(isOverlap()){
spreadEvenly(minY,height);
}

1.1467616667635547
/home/dale/d4j/Chart/Chart_3/source/org/jfree/chart/plot/PieLabelDistributor.java<86,88>

-------- Similar Code ---------
y=this.zoomPoint.getY();
w=screenDataArea.getWidth();
h=Math.min(this.zoomRectangle.getHeight(),maxY-this.zoomPoint.getY());

1.1144253506028683
/home/dale/d4j/Chart/Chart_3/source/org/jfree/chart/panel/ZoomHandler.java<188,191>

-------- Similar Code ---------
{
x1=x1+(maxY-y1)*dx/dy;
y1=maxY;
}

1.0997354108424373
/home/dale/d4j/Chart/Chart_3/source/org/jfree/chart/util/LineUtilities.java<99,102>

-------- Similar Code ---------
{
x1=x1+(minY-y1)*dx/dy;
y1=minY;
}

1.0997354108424373
/home/dale/d4j/Chart/Chart_3/source/org/jfree/chart/util/LineUtilities.java<104,107>

-------- Similar Code ---------
{
x2=x2+(maxY-y2)*dx/dy;
y2=maxY;
}

1.0997354108424373
/home/dale/d4j/Chart/Chart_3/source/org/jfree/chart/util/LineUtilities.java<124,127>

-------- Similar Code ---------
{
x2=x2+(minY-y2)*dx/dy;
y2=minY;
}

1.0997354108424373
/home/dale/d4j/Chart/Chart_3/source/org/jfree/chart/util/LineUtilities.java<129,132>

-------- Similar Code ---------
{
x1=x1+(maxY-y1)*dx/dy;
y1=maxY;
}

1.0997354108424373
/home/dale/d4j/Chart/Chart_3/source/org/jfree/chart/util/ShapeUtilities.java<664,667>

-------- Similar Code ---------
{
x1=x1+(minY-y1)*dx/dy;
y1=minY;
}

1.0997354108424373
/home/dale/d4j/Chart/Chart_3/source/org/jfree/chart/util/ShapeUtilities.java<669,672>

-------- Similar Code ---------
{
x2=x2+(maxY-y2)*dx/dy;
y2=maxY;
}

1.0997354108424373
/home/dale/d4j/Chart/Chart_3/source/org/jfree/chart/util/ShapeUtilities.java<689,692>

-------- Similar Code ---------
{
x2=x2+(minY-y2)*dx/dy;
y2=minY;
}

1.0997354108424373
/home/dale/d4j/Chart/Chart_3/source/org/jfree/chart/util/ShapeUtilities.java<694,697>

-------- Similar Code ---------
float midX=(float)(minX+(plotArea.getWidth()*0.5));
float midY=(float)(minY+(plotArea.getHeight()*0.8));
float y=maxY-(2*(maxY-midY));

1.0955492673000393
/home/dale/d4j/Chart/Chart_3/source/org/jfree/chart/needle/LongNeedle.java<93,95>

-------- Similar Code ---------
y=this.zoomPoint.getY();
w=Math.min(this.zoomRectangle.getWidth(),maxX-this.zoomPoint.getX());
h=Math.min(this.zoomRectangle.getHeight(),maxY-this.zoomPoint.getY());

1.0835414349198564
/home/dale/d4j/Chart/Chart_3/source/org/jfree/chart/panel/ZoomHandler.java<195,199>

-------- Similar Code ---------
{
double minY=area.getMinY();
double maxY=area.getMaxY();
if(isInverted()){
result=minY+(((value-axisMin)/(axisMax-axisMin))*(maxY-minY));
}else {
result=maxY-(((value-axisMin)/(axisMax-axisMin))*(maxY-minY));
}
}

1.0237410234509017
/home/dale/d4j/Chart/Chart_3/source/org/jfree/chart/axis/PeriodAxis.java<1001,1012>

-------- Similar Code ---------
{
double minY=area.getMinY();
double maxY=area.getMaxY();
if(isInverted()){
result=minY+(((value-axisMin)/(axisMax-axisMin))*(maxY-minY));
}else {
result=maxY-(((value-axisMin)/(axisMax-axisMin))*(maxY-minY));
}
}

1.0237410234509017
/home/dale/d4j/Chart/Chart_3/source/org/jfree/chart/axis/DateAxis.java<767,778>

-------- Similar Code ---------
Rectangle2D screenDataArea=panel.getScreenDataArea((int)this.zoomPoint.getX(),(int)this.zoomPoint.getY());
double maxX=screenDataArea.getMaxX();
double maxY=screenDataArea.getMaxY();

1.0226791947664973
/home/dale/d4j/Chart/Chart_3/source/org/jfree/chart/panel/ZoomHandler.java<171,175>

-------- Similar Code ---------
if(record1.getUpperY()>record0.getLowerY()){
record1.setAllocatedY(Math.max(minY+record1.getLabelHeight()/2.0,record0.getLowerY()-this.minGap));
}

0.9944845161805463
/home/dale/d4j/Chart/Chart_3/source/org/jfree/chart/plot/PieLabelDistributor.java<168,172>

-------- Similar Code ---------
if(record1.getLowerY()<record0.getUpperY()){
record1.setAllocatedY(Math.min(minY+height-record1.getLabelHeight()/2.0,record0.getUpperY()+this.minGap));
}

0.9809496481471622
/home/dale/d4j/Chart/Chart_3/source/org/jfree/chart/plot/PieLabelDistributor.java<148,153>
