-------- Original Code ---------
TimeSeries copy=(TimeSeries)super.clone();
copy.minY=Double.NaN;
copy.maxY=Double.NaN;

-------- Similar Code ---------
SpiderWebPlot clone=(SpiderWebPlot)super.clone();
clone.legendItemShape=ShapeUtilities.clone(this.legendItemShape);
clone.seriesPaintList=(PaintList)this.seriesPaintList.clone();
clone.seriesOutlinePaintList=(PaintList)this.seriesOutlinePaintList.clone();
clone.seriesOutlineStrokeList=(StrokeList)this.seriesOutlineStrokeList.clone();
return clone;

2.643356931913016
/home/dale/d4j/Chart/Chart_3/source/org/jfree/chart/plot/SpiderWebPlot.java<1610,1617>

-------- Similar Code ---------
XYLineAndShapeRenderer clone=(XYLineAndShapeRenderer)super.clone();
clone.seriesLinesVisible=(BooleanList)this.seriesLinesVisible.clone();
if(this.legendLine!=null){
clone.legendLine=ShapeUtilities.clone(this.legendLine);
}
clone.seriesShapesVisible=(BooleanList)this.seriesShapesVisible.clone();
clone.seriesShapesFilled=(BooleanList)this.seriesShapesFilled.clone();
return clone;

2.6424809685329604
/home/dale/d4j/Chart/Chart_3/source/org/jfree/chart/renderer/xy/XYLineAndShapeRenderer.java<1153,1163>

-------- Similar Code ---------
DefaultIntervalCategoryDataset clone=(DefaultIntervalCategoryDataset)super.clone();
clone.categoryKeys=(Comparable[])this.categoryKeys.clone();
clone.seriesKeys=(Comparable[])this.seriesKeys.clone();
clone.startData=clone(this.startData);
clone.endData=clone(this.endData);
return clone;

2.638243377715472
/home/dale/d4j/Chart/Chart_3/source/org/jfree/data/category/DefaultIntervalCategoryDataset.java<753,759>

-------- Similar Code ---------
{
AbstractXYItemLabelGenerator clone=(AbstractXYItemLabelGenerator)super.clone();
if(this.xFormat!=null){
clone.xFormat=(NumberFormat)this.xFormat.clone();
}
if(this.yFormat!=null){
clone.yFormat=(NumberFormat)this.yFormat.clone();
}
if(this.xDateFormat!=null){
clone.xDateFormat=(DateFormat)this.xDateFormat.clone();
}
if(this.yDateFormat!=null){
clone.yDateFormat=(DateFormat)this.yDateFormat.clone();
}
return clone;
}

2.5941127094254695
/home/dale/d4j/Chart/Chart_3/source/org/jfree/chart/labels/AbstractXYItemLabelGenerator.java<361,377>

-------- Similar Code ---------
clone.foregroundDomainMarkers=(Map)ObjectUtilities.clone(this.foregroundDomainMarkers);
clone.backgroundDomainMarkers=(Map)ObjectUtilities.clone(this.backgroundDomainMarkers);
clone.foregroundRangeMarkers=(Map)ObjectUtilities.clone(this.foregroundRangeMarkers);
clone.backgroundRangeMarkers=(Map)ObjectUtilities.clone(this.backgroundRangeMarkers);

2.5912407071619303
/home/dale/d4j/Chart/Chart_3/source/org/jfree/chart/plot/XYPlot.java<5698,5705>

-------- Similar Code ---------
KeyToGroupMap result=(KeyToGroupMap)super.clone();
result.defaultGroup=(Comparable)KeyToGroupMap.clone(this.defaultGroup);
result.groups=(List)KeyToGroupMap.clone(this.groups);
result.keyToGroupMap=(Map)KeyToGroupMap.clone(this.keyToGroupMap);
return result;

2.5842676141297125
/home/dale/d4j/Chart/Chart_3/source/org/jfree/data/KeyToGroupMap.java<259,264>

-------- Similar Code ---------
LineAndShapeRenderer clone=(LineAndShapeRenderer)super.clone();
clone.seriesLinesVisible=(BooleanList)this.seriesLinesVisible.clone();
clone.seriesShapesVisible=(BooleanList)this.seriesShapesVisible.clone();
clone.seriesShapesFilled=(BooleanList)this.seriesShapesFilled.clone();
return clone;

2.5694347984821606
/home/dale/d4j/Chart/Chart_3/source/org/jfree/chart/renderer/category/LineAndShapeRenderer.java<918,925>

-------- Similar Code ---------
DefaultKeyedValues clone=(DefaultKeyedValues)super.clone();
clone.keys=(ArrayList)this.keys.clone();
clone.values=(ArrayList)this.values.clone();
clone.indexMap=(HashMap)this.indexMap.clone();
return clone;

2.5694347984821606
/home/dale/d4j/Chart/Chart_3/source/org/jfree/data/DefaultKeyedValues.java<462,466>

-------- Similar Code ---------
AbstractBlock clone=(AbstractBlock)super.clone();
clone.bounds=(Rectangle2D)ShapeUtilities.clone(this.bounds);
if(this.frame instanceof PublicCloneable){
PublicCloneable pc=(PublicCloneable)this.frame;
clone.frame=(BlockFrame)pc.clone();
}
return clone;

2.480366862988806
/home/dale/d4j/Chart/Chart_3/source/org/jfree/chart/block/AbstractBlock.java<596,602>

-------- Similar Code ---------
LegendGraphic clone=(LegendGraphic)super.clone();
clone.shape=ShapeUtilities.clone(this.shape);
clone.line=ShapeUtilities.clone(this.line);
return clone;

2.479648060436717
/home/dale/d4j/Chart/Chart_3/source/org/jfree/chart/title/LegendGraphic.java<719,722>

-------- Similar Code ---------
if(this.fixedLegendItems!=null){
clone.fixedLegendItems=(LegendItemCollection)this.fixedLegendItems.clone();
}
clone.quadrantOrigin=(Point2D)ObjectUtilities.clone(this.quadrantOrigin);
clone.quadrantPaint=(Paint[])this.quadrantPaint.clone();
return clone;

2.47922522423958
/home/dale/d4j/Chart/Chart_3/source/org/jfree/chart/plot/XYPlot.java<5715,5722>

-------- Similar Code ---------
if(this.urlGenerator instanceof PublicCloneable){
clone.urlGenerator=(PieURLGenerator)ObjectUtilities.clone(this.urlGenerator);
}
clone.legendItemShape=ShapeUtilities.clone(this.legendItemShape);
if(this.legendLabelGenerator!=null){
clone.legendLabelGenerator=(PieSectionLabelGenerator)ObjectUtilities.clone(this.legendLabelGenerator);
}

2.4748372398383323
/home/dale/d4j/Chart/Chart_3/source/org/jfree/chart/plot/PiePlot.java<3640,3648>

-------- Similar Code ---------
StandardXYItemRenderer clone=(StandardXYItemRenderer)super.clone();
clone.seriesShapesFilled=(BooleanList)this.seriesShapesFilled.clone();
clone.legendLine=ShapeUtilities.clone(this.legendLine);
return clone;

2.473580000377916
/home/dale/d4j/Chart/Chart_3/source/org/jfree/chart/renderer/xy/StandardXYItemRenderer.java<987,991>

-------- Similar Code ---------
XYBarRenderer result=(XYBarRenderer)super.clone();
if(this.gradientPaintTransformer!=null){
result.gradientPaintTransformer=(GradientPaintTransformer)ObjectUtilities.clone(this.gradientPaintTransformer);
}
result.legendBar=ShapeUtilities.clone(this.legendBar);
return result;

2.473009535644092
/home/dale/d4j/Chart/Chart_3/source/org/jfree/chart/renderer/xy/XYBarRenderer.java<1265,1271>

-------- Similar Code ---------
RelativeDateFormat clone=(RelativeDateFormat)super.clone();
clone.dayFormatter=(NumberFormat)this.dayFormatter.clone();
clone.secondFormatter=(NumberFormat)this.secondFormatter.clone();
return clone;

2.464562923748371
/home/dale/d4j/Chart/Chart_3/source/org/jfree/chart/util/RelativeDateFormat.java<589,592>

-------- Similar Code ---------
TimeTableXYDataset clone=(TimeTableXYDataset)super.clone();
clone.values=(DefaultKeyedValues2D)this.values.clone();
clone.workingCalendar=(Calendar)this.workingCalendar.clone();
return clone;

2.464562923748371
/home/dale/d4j/Chart/Chart_3/source/org/jfree/data/time/TimeTableXYDataset.java<598,601>

-------- Similar Code ---------
AbstractXYItemRenderer clone=(AbstractXYItemRenderer)super.clone();
clone.itemLabelGeneratorList=(ObjectList)this.itemLabelGeneratorList.clone();
if(this.baseItemLabelGenerator!=null&&this.baseItemLabelGenerator instanceof PublicCloneable){
PublicCloneable pc=(PublicCloneable)this.baseItemLabelGenerator;
clone.baseItemLabelGenerator=(XYItemLabelGenerator)pc.clone();
}

2.4626027173363827
/home/dale/d4j/Chart/Chart_3/source/org/jfree/chart/renderer/xy/AbstractXYItemRenderer.java<1701,1710>

-------- Similar Code ---------
AbstractPieItemLabelGenerator clone=(AbstractPieItemLabelGenerator)super.clone();
if(this.numberFormat!=null){
clone.numberFormat=(NumberFormat)this.numberFormat.clone();
}
if(this.percentFormat!=null){
clone.percentFormat=(NumberFormat)this.percentFormat.clone();
}
return clone;

2.4318311752885133
/home/dale/d4j/Chart/Chart_3/source/org/jfree/chart/labels/AbstractPieItemLabelGenerator.java<236,244>

-------- Similar Code ---------
AbstractCategoryItemLabelGenerator clone=(AbstractCategoryItemLabelGenerator)super.clone();
if(this.numberFormat!=null){
clone.numberFormat=(NumberFormat)this.numberFormat.clone();
}
if(this.dateFormat!=null){
clone.dateFormat=(DateFormat)this.dateFormat.clone();
}
return clone;

2.4318311752885133
/home/dale/d4j/Chart/Chart_3/source/org/jfree/chart/labels/AbstractCategoryItemLabelGenerator.java<323,331>

-------- Similar Code ---------
HighLowItemLabelGenerator clone=(HighLowItemLabelGenerator)super.clone();
if(this.dateFormatter!=null){
clone.dateFormatter=(DateFormat)this.dateFormatter.clone();
}
if(this.numberFormatter!=null){
clone.numberFormatter=(NumberFormat)this.numberFormatter.clone();
}
return clone;

2.4318311752885133
/home/dale/d4j/Chart/Chart_3/source/org/jfree/chart/labels/HighLowItemLabelGenerator.java<185,195>

-------- Similar Code ---------
AbstractRenderer clone=(AbstractRenderer)super.clone();
if(this.seriesVisibleList!=null){
clone.seriesVisibleList=(BooleanList)this.seriesVisibleList.clone();
}
if(this.seriesVisibleInLegendList!=null){
clone.seriesVisibleInLegendList=(BooleanList)this.seriesVisibleInLegendList.clone();
}

2.4216807433792376
/home/dale/d4j/Chart/Chart_3/source/org/jfree/chart/renderer/AbstractRenderer.java<3162,3172>

-------- Similar Code ---------
CompassPlot clone=(CompassPlot)super.clone();
if(this.circle1!=null){
clone.circle1=(Ellipse2D)this.circle1.clone();
}
if(this.circle2!=null){
clone.circle2=(Ellipse2D)this.circle2.clone();
}

2.4216807433792376
/home/dale/d4j/Chart/Chart_3/source/org/jfree/chart/plot/CompassPlot.java<805,811>

-------- Similar Code ---------
if(this.fillPaintTransformer instanceof PublicCloneable){
PublicCloneable pc=(PublicCloneable)this.fillPaintTransformer;
clone.fillPaintTransformer=(GradientPaintTransformer)pc.clone();
}
clone.line=ShapeUtilities.clone(this.line);
return clone;

2.318825344042323
/home/dale/d4j/Chart/Chart_3/source/org/jfree/chart/LegendItem.java<1131,1137>

-------- Similar Code ---------
PeriodAxis clone=(PeriodAxis)super.clone();
clone.timeZone=(TimeZone)this.timeZone.clone();
clone.labelInfo=new PeriodAxisLabelInfo[this.labelInfo.length];
for(int i=0;i<this.labelInfo.length;i++){
clone.labelInfo[i]=this.labelInfo[i];
}
return clone;

2.3187216680638434
/home/dale/d4j/Chart/Chart_3/source/org/jfree/chart/axis/PeriodAxis.java<1161,1168>

-------- Similar Code ---------
XYDifferenceRenderer clone=(XYDifferenceRenderer)super.clone();
clone.legendLine=ShapeUtilities.clone(this.legendLine);
return clone;

2.29839290551093
/home/dale/d4j/Chart/Chart_3/source/org/jfree/chart/renderer/xy/XYDifferenceRenderer.java<1191,1193>

-------- Similar Code ---------
XYAreaRenderer clone=(XYAreaRenderer)super.clone();
clone.legendArea=ShapeUtilities.clone(this.legendArea);
return clone;

2.29839290551093
/home/dale/d4j/Chart/Chart_3/source/org/jfree/chart/renderer/xy/XYAreaRenderer.java<695,697>

-------- Similar Code ---------
XYAreaRenderer2 clone=(XYAreaRenderer2)super.clone();
clone.legendArea=ShapeUtilities.clone(this.legendArea);
return clone;

2.29839290551093
/home/dale/d4j/Chart/Chart_3/source/org/jfree/chart/renderer/xy/XYAreaRenderer2.java<413,415>

-------- Similar Code ---------
DefaultHeatMapDataset clone=(DefaultHeatMapDataset)super.clone();
clone.zValues=DataUtilities.clone(this.zValues);
return clone;

2.29839290551093
/home/dale/d4j/Chart/Chart_3/source/org/jfree/data/general/DefaultHeatMapDataset.java<319,321>

-------- Similar Code ---------
ScatterRenderer clone=(ScatterRenderer)super.clone();
clone.seriesShapesFilled=(BooleanList)this.seriesShapesFilled.clone();
return clone;

2.2823328855131586
/home/dale/d4j/Chart/Chart_3/source/org/jfree/chart/renderer/category/ScatterRenderer.java<562,565>

-------- Similar Code ---------
DefaultPolarItemRenderer clone=(DefaultPolarItemRenderer)super.clone();
clone.seriesFilled=(BooleanList)this.seriesFilled.clone();
return clone;

2.2823328855131586
/home/dale/d4j/Chart/Chart_3/source/org/jfree/chart/renderer/DefaultPolarItemRenderer.java<335,338>

-------- Similar Code ---------
LogFormat clone=(LogFormat)super.clone();
clone.formatter=(NumberFormat)this.formatter.clone();
return clone;

2.2823328855131586
/home/dale/d4j/Chart/Chart_3/source/org/jfree/chart/util/LogFormat.java<258,260>

-------- Similar Code ---------
DefaultPieDataset clone=(DefaultPieDataset)super.clone();
clone.data=(KeyedObjects)this.data.clone();
return clone;

2.2823328855131586
/home/dale/d4j/Chart/Chart_3/source/org/jfree/data/pie/DefaultPieDataset.java<390,392>

-------- Similar Code ---------
XYTaskDataset clone=(XYTaskDataset)super.clone();
clone.underlying=(TaskSeriesCollection)this.underlying.clone();
return clone;

2.2823328855131586
/home/dale/d4j/Chart/Chart_3/source/org/jfree/data/gantt/XYTaskDataset.java<460,462>

-------- Similar Code ---------
DefaultCategoryDataset clone=(DefaultCategoryDataset)super.clone();
clone.data=(KeyedObjects2D)this.data.clone();
return clone;

2.2823328855131586
/home/dale/d4j/Chart/Chart_3/source/org/jfree/data/category/DefaultCategoryDataset.java<459,461>

-------- Similar Code ---------
DefaultMultiValueCategoryDataset clone=(DefaultMultiValueCategoryDataset)super.clone();
clone.data=(KeyedObjects2D)this.data.clone();
return clone;

2.2823328855131586
/home/dale/d4j/Chart/Chart_3/source/org/jfree/data/statistics/DefaultMultiValueCategoryDataset.java<401,404>

-------- Similar Code ---------
DefaultBoxAndWhiskerCategoryDataset clone=(DefaultBoxAndWhiskerCategoryDataset)super.clone();
clone.data=(KeyedObjects2D)this.data.clone();
return clone;

2.2823328855131586
/home/dale/d4j/Chart/Chart_3/source/org/jfree/data/statistics/DefaultBoxAndWhiskerCategoryDataset.java<916,919>

-------- Similar Code ---------
DefaultStatisticalCategoryDataset clone=(DefaultStatisticalCategoryDataset)super.clone();
clone.data=(KeyedObjects2D)this.data.clone();
return clone;

2.2823328855131586
/home/dale/d4j/Chart/Chart_3/source/org/jfree/data/statistics/DefaultStatisticalCategoryDataset.java<728,731>

-------- Similar Code ---------
SamplingXYLineRenderer clone=(SamplingXYLineRenderer)super.clone();
if(this.legendLine!=null){
clone.legendLine=ShapeUtilities.clone(this.legendLine);
}
return clone;

2.281995498579237
/home/dale/d4j/Chart/Chart_3/source/org/jfree/chart/renderer/xy/SamplingXYLineRenderer.java<308,312>

-------- Similar Code ---------
DateAxis clone=(DateAxis)super.clone();
if(this.dateFormatOverride!=null){
clone.dateFormatOverride=(DateFormat)this.dateFormatOverride.clone();
}
return clone;

2.2656694561961297
/home/dale/d4j/Chart/Chart_3/source/org/jfree/chart/axis/DateAxis.java<1941,1948>

-------- Similar Code ---------
NumberAxis clone=(NumberAxis)super.clone();
if(this.numberFormatOverride!=null){
clone.numberFormatOverride=(NumberFormat)this.numberFormatOverride.clone();
}
return clone;

2.2656694561961297
/home/dale/d4j/Chart/Chart_3/source/org/jfree/chart/axis/NumberAxis.java<1365,1370>

-------- Similar Code ---------
MultiplePiePlot clone=(MultiplePiePlot)super.clone();
clone.pieChart=(JFreeChart)this.pieChart.clone();
clone.sectionPaints=new HashMap(this.sectionPaints);
clone.legendItemShape=ShapeUtilities.clone(this.legendItemShape);
return clone;

2.175906748028803
/home/dale/d4j/Chart/Chart_3/source/org/jfree/chart/plot/MultiplePiePlot.java<658,662>

-------- Similar Code ---------
Plot clone=(Plot)super.clone();
if(this.datasetGroup!=null){
clone.datasetGroup=(DatasetGroup)ObjectUtilities.clone(this.datasetGroup);
}
clone.drawingSupplier=(DrawingSupplier)ObjectUtilities.clone(this.drawingSupplier);
clone.listenerList=new EventListenerList();
return clone;

2.1732443702284376
/home/dale/d4j/Chart/Chart_3/source/org/jfree/chart/plot/Plot.java<1378,1388>

-------- Similar Code ---------
JFreeChart chart=(JFreeChart)super.clone();
chart.renderingHints=(RenderingHints)this.renderingHints.clone();
if(this.title!=null){
chart.title=(TextTitle)this.title.clone();
chart.title.addChangeListener(chart);
}

2.161508894397326
/home/dale/d4j/Chart/Chart_3/source/org/jfree/chart/JFreeChart.java<1713,1723>

-------- Similar Code ---------
XYSeriesCollection clone=(XYSeriesCollection)super.clone();
clone.data=(List)ObjectUtilities.deepClone(this.data);
clone.intervalDelegate=(IntervalXYDelegate)this.intervalDelegate.clone();
return clone;

1.973580000377916
/home/dale/d4j/Chart/Chart_3/source/org/jfree/data/xy/XYSeriesCollection.java<502,506>

-------- Similar Code ---------
TimeSeriesCollection clone=(TimeSeriesCollection)super.clone();
clone.data=(List)ObjectUtilities.deepClone(this.data);
clone.workingCalendar=(Calendar)this.workingCalendar.clone();
return clone;

1.973580000377916
/home/dale/d4j/Chart/Chart_3/source/org/jfree/data/time/TimeSeriesCollection.java<784,787>

-------- Similar Code ---------
{
ThermometerPlot clone=(ThermometerPlot)super.clone();
if(clone.dataset!=null){
clone.dataset.addChangeListener(clone);
}
clone.rangeAxis=(ValueAxis)ObjectUtilities.clone(this.rangeAxis);
if(clone.rangeAxis!=null){
clone.rangeAxis.setPlot(clone);
clone.rangeAxis.addChangeListener(clone);
}
clone.valueFormat=(NumberFormat)this.valueFormat.clone();
clone.subrangePaint=(Paint[])this.subrangePaint.clone();
return clone;
}

1.9727989913506496
/home/dale/d4j/Chart/Chart_3/source/org/jfree/chart/plot/ThermometerPlot.java<1562,1579>

-------- Similar Code ---------
if(this.entities instanceof PublicCloneable){
PublicCloneable pc=(PublicCloneable)this.entities;
clone.entities=(EntityCollection)pc.clone();
}

1.9718419337454245
/home/dale/d4j/Chart/Chart_3/source/org/jfree/chart/ChartRenderingInfo.java<263,266>

-------- Similar Code ---------
if(this.paintScale instanceof PublicCloneable){
PublicCloneable pc=(PublicCloneable)this.paintScale;
clone.paintScale=(PaintScale)pc.clone();
}

1.9718419337454245
/home/dale/d4j/Chart/Chart_3/source/org/jfree/chart/renderer/xy/XYShapeRenderer.java<571,574>

-------- Similar Code ---------
if(this.paintScale instanceof PublicCloneable){
PublicCloneable pc=(PublicCloneable)this.paintScale;
clone.paintScale=(PaintScale)pc.clone();
}

1.9718419337454245
/home/dale/d4j/Chart/Chart_3/source/org/jfree/chart/renderer/xy/XYBlockRenderer.java<440,443>

-------- Similar Code ---------
if(clone.legendItemLabelGenerator instanceof PublicCloneable){
clone.legendItemLabelGenerator=(XYSeriesLabelGenerator)ObjectUtilities.clone(this.legendItemLabelGenerator);
}

1.9718419337454245
/home/dale/d4j/Chart/Chart_3/source/org/jfree/chart/renderer/xy/AbstractXYItemRenderer.java<1720,1723>

-------- Similar Code ---------
if(clone.legendItemToolTipGenerator instanceof PublicCloneable){
clone.legendItemToolTipGenerator=(XYSeriesLabelGenerator)ObjectUtilities.clone(this.legendItemToolTipGenerator);
}

1.9718419337454245
/home/dale/d4j/Chart/Chart_3/source/org/jfree/chart/renderer/xy/AbstractXYItemRenderer.java<1724,1727>

-------- Similar Code ---------
if(clone.legendItemLabelGenerator instanceof PublicCloneable){
clone.legendItemLabelGenerator=(XYSeriesLabelGenerator)ObjectUtilities.clone(this.legendItemLabelGenerator);
}

1.9718419337454245
/home/dale/d4j/Chart/Chart_3/source/org/jfree/chart/renderer/xy/AbstractXYItemRenderer.java<1738,1741>

-------- Similar Code ---------
if(clone.legendItemToolTipGenerator instanceof PublicCloneable){
clone.legendItemToolTipGenerator=(XYSeriesLabelGenerator)ObjectUtilities.clone(this.legendItemToolTipGenerator);
}

1.9718419337454245
/home/dale/d4j/Chart/Chart_3/source/org/jfree/chart/renderer/xy/AbstractXYItemRenderer.java<1742,1745>

-------- Similar Code ---------
if(clone.legendItemURLGenerator instanceof PublicCloneable){
clone.legendItemURLGenerator=(XYSeriesLabelGenerator)ObjectUtilities.clone(this.legendItemURLGenerator);
}

1.9718419337454245
/home/dale/d4j/Chart/Chart_3/source/org/jfree/chart/renderer/xy/AbstractXYItemRenderer.java<1746,1749>

-------- Similar Code ---------
if(this.underlying instanceof PublicCloneable){
PublicCloneable pc=(PublicCloneable)this.underlying;
clone.underlying=(GanttCategoryDataset)pc.clone();
}

1.9718419337454245
/home/dale/d4j/Chart/Chart_3/source/org/jfree/data/gantt/SlidingGanttCategoryDataset.java<606,609>

-------- Similar Code ---------
if(this.underlying instanceof PublicCloneable){
PublicCloneable pc=(PublicCloneable)this.underlying;
clone.underlying=(CategoryDataset)pc.clone();
}

1.9718419337454245
/home/dale/d4j/Chart/Chart_3/source/org/jfree/data/category/SlidingCategoryDataset.java<346,349>

-------- Similar Code ---------
if(this.object instanceof PublicCloneable){
PublicCloneable pc=(PublicCloneable)this.object;
clone.object=pc.clone();
}

1.9718419337454245
/home/dale/d4j/Chart/Chart_3/source/org/jfree/data/KeyedObject.java<115,118>

-------- Similar Code ---------
if(this.underlying instanceof PublicCloneable){
PublicCloneable pc=(PublicCloneable)this.underlying;
clone.underlying=(XYDataset)pc.clone();
}

1.9718419337454245
/home/dale/d4j/Chart/Chart_3/source/org/jfree/data/xy/XYBarDataset.java<377,380>

-------- Similar Code ---------
clone.datasets=(ValueDataset[])this.datasets.clone();
clone.seriesNeedle=(MeterNeedle[])this.seriesNeedle.clone();
for(int i=0;i<this.datasets.length;++i){
if(clone.datasets[i]!=null){
clone.datasets[i].addChangeListener(clone);
}
}

1.9713285348539722
/home/dale/d4j/Chart/Chart_3/source/org/jfree/chart/plot/CompassPlot.java<821,829>

-------- Similar Code ---------
if(this.legendItemLabelGenerator instanceof PublicCloneable){
clone.legendItemLabelGenerator=(CategorySeriesLabelGenerator)ObjectUtilities.clone(this.legendItemLabelGenerator);
}

1.961154077755928
/home/dale/d4j/Chart/Chart_3/source/org/jfree/chart/renderer/category/AbstractCategoryItemRenderer.java<1736,1739>

-------- Similar Code ---------
if(this.legendItemToolTipGenerator instanceof PublicCloneable){
clone.legendItemToolTipGenerator=(CategorySeriesLabelGenerator)ObjectUtilities.clone(this.legendItemToolTipGenerator);
}

1.961154077755928
/home/dale/d4j/Chart/Chart_3/source/org/jfree/chart/renderer/category/AbstractCategoryItemRenderer.java<1740,1743>

-------- Similar Code ---------
if(this.legendItemURLGenerator instanceof PublicCloneable){
clone.legendItemURLGenerator=(CategorySeriesLabelGenerator)ObjectUtilities.clone(this.legendItemURLGenerator);
}

1.961154077755928
/home/dale/d4j/Chart/Chart_3/source/org/jfree/chart/renderer/category/AbstractCategoryItemRenderer.java<1744,1747>

-------- Similar Code ---------
if(this.legendLabelURLGenerator instanceof PublicCloneable){
clone.legendLabelURLGenerator=(PieURLGenerator)ObjectUtilities.clone(this.legendLabelURLGenerator);
}

1.961154077755928
/home/dale/d4j/Chart/Chart_3/source/org/jfree/chart/plot/PiePlot.java<3653,3656>

-------- Similar Code ---------
if(this.drawingSupplier instanceof PublicCloneable){
PublicCloneable pc=(PublicCloneable)this.drawingSupplier;
try{
result=(DrawingSupplier)pc.clone();
}catch (CloneNotSupportedException e) {
  e.printStackTrace();
}

}

1.961154077755928
/home/dale/d4j/Chart/Chart_3/source/org/jfree/chart/StandardChartTheme.java<1102,1110>

-------- Similar Code ---------
if(this.baseShape!=null){
clone.baseShape=ShapeUtilities.clone(this.baseShape);
}

1.9449990771497894
/home/dale/d4j/Chart/Chart_3/source/org/jfree/chart/renderer/AbstractRenderer.java<3205,3207>

-------- Similar Code ---------
if(this.fixedDomainAxisSpace!=null){
clone.fixedDomainAxisSpace=(AxisSpace)ObjectUtilities.clone(this.fixedDomainAxisSpace);
}

1.9449990771497894
/home/dale/d4j/Chart/Chart_3/source/org/jfree/chart/plot/CategoryPlot.java<5145,5148>

-------- Similar Code ---------
if(this.fixedDomainAxisSpace!=null){
clone.fixedDomainAxisSpace=(AxisSpace)ObjectUtilities.clone(this.fixedDomainAxisSpace);
}

1.9449990771497894
/home/dale/d4j/Chart/Chart_3/source/org/jfree/chart/plot/XYPlot.java<5707,5710>

-------- Similar Code ---------
if(this.fixedRangeAxisSpace!=null){
clone.fixedRangeAxisSpace=(AxisSpace)ObjectUtilities.clone(this.fixedRangeAxisSpace);
}

1.9449990771497894
/home/dale/d4j/Chart/Chart_3/source/org/jfree/chart/plot/XYPlot.java<5711,5714>

-------- Similar Code ---------
if(this.legendLabelToolTipGenerator!=null){
clone.legendLabelToolTipGenerator=(PieSectionLabelGenerator)ObjectUtilities.clone(this.legendLabelToolTipGenerator);
}

1.9449990771497894
/home/dale/d4j/Chart/Chart_3/source/org/jfree/chart/plot/PiePlot.java<3649,3652>

-------- Similar Code ---------
if(this.baseToolTipGenerator!=null&&this.baseToolTipGenerator instanceof PublicCloneable){
PublicCloneable pc=(PublicCloneable)this.baseToolTipGenerator;
clone.baseToolTipGenerator=(XYToolTipGenerator)pc.clone();
}

1.9345030284511884
/home/dale/d4j/Chart/Chart_3/source/org/jfree/chart/renderer/xy/AbstractXYItemRenderer.java<1714,1718>

-------- Similar Code ---------
try{
this.chart=(JFreeChart)chart.clone();
}catch (CloneNotSupportedException e) {
  this.chart=chart;
}


1.924473451641905
/home/dale/d4j/Chart/Chart_3/source/org/jfree/chart/ChartTransferable.java<154,159>

-------- Similar Code ---------
if(this.itemLabelGeneratorList!=null){
clone.itemLabelGeneratorList=(ObjectList)this.itemLabelGeneratorList.clone();
}

1.9177105704032726
/home/dale/d4j/Chart/Chart_3/source/org/jfree/chart/renderer/category/AbstractCategoryItemRenderer.java<1685,1688>

-------- Similar Code ---------
if(this.toolTipGeneratorList!=null){
clone.toolTipGeneratorList=(ObjectList)this.toolTipGeneratorList.clone();
}

1.9177105704032726
/home/dale/d4j/Chart/Chart_3/source/org/jfree/chart/renderer/category/AbstractCategoryItemRenderer.java<1703,1706>

-------- Similar Code ---------
if(this.urlGeneratorList!=null){
clone.urlGeneratorList=(ObjectList)this.urlGeneratorList.clone();
}

1.9177105704032726
/home/dale/d4j/Chart/Chart_3/source/org/jfree/chart/renderer/category/AbstractCategoryItemRenderer.java<1721,1723>

-------- Similar Code ---------
if(this.paintList!=null){
clone.paintList=(PaintList)this.paintList.clone();
}

1.9177105704032726
/home/dale/d4j/Chart/Chart_3/source/org/jfree/chart/renderer/AbstractRenderer.java<3175,3177>

-------- Similar Code ---------
if(this.fillPaintList!=null){
clone.fillPaintList=(PaintList)this.fillPaintList.clone();
}

1.9177105704032726
/home/dale/d4j/Chart/Chart_3/source/org/jfree/chart/renderer/AbstractRenderer.java<3180,3182>

-------- Similar Code ---------
if(this.outlinePaintList!=null){
clone.outlinePaintList=(PaintList)this.outlinePaintList.clone();
}

1.9177105704032726
/home/dale/d4j/Chart/Chart_3/source/org/jfree/chart/renderer/AbstractRenderer.java<3184,3186>

-------- Similar Code ---------
if(this.strokeList!=null){
clone.strokeList=(StrokeList)this.strokeList.clone();
}

1.9177105704032726
/home/dale/d4j/Chart/Chart_3/source/org/jfree/chart/renderer/AbstractRenderer.java<3190,3192>

-------- Similar Code ---------
if(this.outlineStrokeList!=null){
clone.outlineStrokeList=(StrokeList)this.outlineStrokeList.clone();
}

1.9177105704032726
/home/dale/d4j/Chart/Chart_3/source/org/jfree/chart/renderer/AbstractRenderer.java<3196,3199>

-------- Similar Code ---------
if(this.shapeList!=null){
clone.shapeList=(ShapeList)this.shapeList.clone();
}

1.9177105704032726
/home/dale/d4j/Chart/Chart_3/source/org/jfree/chart/renderer/AbstractRenderer.java<3202,3204>

-------- Similar Code ---------
if(this.itemLabelsVisibleList!=null){
clone.itemLabelsVisibleList=(BooleanList)this.itemLabelsVisibleList.clone();
}

1.9177105704032726
/home/dale/d4j/Chart/Chart_3/source/org/jfree/chart/renderer/AbstractRenderer.java<3210,3213>

-------- Similar Code ---------
if(this.itemLabelFontList!=null){
clone.itemLabelFontList=(ObjectList)this.itemLabelFontList.clone();
}

1.9177105704032726
/home/dale/d4j/Chart/Chart_3/source/org/jfree/chart/renderer/AbstractRenderer.java<3217,3220>

-------- Similar Code ---------
if(this.itemLabelPaintList!=null){
clone.itemLabelPaintList=(PaintList)this.itemLabelPaintList.clone();
}

1.9177105704032726
/home/dale/d4j/Chart/Chart_3/source/org/jfree/chart/renderer/AbstractRenderer.java<3224,3227>

-------- Similar Code ---------
if(this.positiveItemLabelPositionList!=null){
clone.positiveItemLabelPositionList=(ObjectList)this.positiveItemLabelPositionList.clone();
}

1.9177105704032726
/home/dale/d4j/Chart/Chart_3/source/org/jfree/chart/renderer/AbstractRenderer.java<3231,3234>

-------- Similar Code ---------
if(this.negativeItemLabelPositionList!=null){
clone.negativeItemLabelPositionList=(ObjectList)this.negativeItemLabelPositionList.clone();
}

1.9177105704032726
/home/dale/d4j/Chart/Chart_3/source/org/jfree/chart/renderer/AbstractRenderer.java<3238,3241>

-------- Similar Code ---------
if(this.createEntitiesList!=null){
clone.createEntitiesList=(BooleanList)this.createEntitiesList.clone();
}

1.9177105704032726
/home/dale/d4j/Chart/Chart_3/source/org/jfree/chart/renderer/AbstractRenderer.java<3244,3247>

-------- Similar Code ---------
if(this.legendShapeList!=null){
clone.legendShapeList=(ShapeList)this.legendShapeList.clone();
}

1.9177105704032726
/home/dale/d4j/Chart/Chart_3/source/org/jfree/chart/renderer/AbstractRenderer.java<3249,3251>

-------- Similar Code ---------
if(this.legendTextFont!=null){
clone.legendTextFont=(ObjectList)this.legendTextFont.clone();
}

1.9177105704032726
/home/dale/d4j/Chart/Chart_3/source/org/jfree/chart/renderer/AbstractRenderer.java<3252,3254>

-------- Similar Code ---------
if(this.xDateFormat!=null){
clone.xDateFormat=(DateFormat)this.xDateFormat.clone();
}

1.9177105704032726
/home/dale/d4j/Chart/Chart_3/source/org/jfree/chart/labels/AbstractXYItemLabelGenerator.java<370,372>

-------- Similar Code ---------
if(this.yDateFormat!=null){
clone.yDateFormat=(DateFormat)this.yDateFormat.clone();
}

1.9177105704032726
/home/dale/d4j/Chart/Chart_3/source/org/jfree/chart/labels/AbstractXYItemLabelGenerator.java<373,375>

-------- Similar Code ---------
if(this.fixedLegendItems!=null){
clone.fixedLegendItems=(LegendItemCollection)this.fixedLegendItems.clone();
}

1.9177105704032726
/home/dale/d4j/Chart/Chart_3/source/org/jfree/chart/plot/CategoryPlot.java<5163,5166>

-------- Similar Code ---------
if(this.a1!=null){
clone.a1=(Area)this.a1.clone();
}

1.9177105704032726
/home/dale/d4j/Chart/Chart_3/source/org/jfree/chart/plot/CompassPlot.java<812,814>

-------- Similar Code ---------
if(this.a2!=null){
clone.a2=(Area)this.a2.clone();
}

1.9177105704032726
/home/dale/d4j/Chart/Chart_3/source/org/jfree/chart/plot/CompassPlot.java<815,817>

-------- Similar Code ---------
{
 final PublicCloneable pc=(PublicCloneable)object;
return pc.clone();
}

1.9103585242672971
/home/dale/d4j/Chart/Chart_3/source/org/jfree/chart/util/ObjectUtilities.java<165,168>

-------- Similar Code ---------
Object clone=null;
try{
clone=super.clone();
}catch (CloneNotSupportedException e) {
  e.printStackTrace();
}

return clone;

1.897222906831869
/home/dale/d4j/Chart/Chart_3/source/org/jfree/data/xy/XYDataItem.java<252,259>

-------- Similar Code ---------
Object clone=null;
try{
clone=super.clone();
}catch (CloneNotSupportedException e) {
  e.printStackTrace();
}

return clone;

1.897222906831869
/home/dale/d4j/Chart/Chart_3/source/org/jfree/data/time/TimePeriodValue.java<172,179>

-------- Similar Code ---------
Object clone=null;
try{
clone=super.clone();
}catch (CloneNotSupportedException e) {
  e.printStackTrace();
}

return clone;

1.897222906831869
/home/dale/d4j/Chart/Chart_3/source/org/jfree/data/time/TimeSeriesDataItem.java<266,273>

-------- Similar Code ---------
if(shape instanceof Cloneable){
try{
return (Shape)ObjectUtilities.clone(shape);
}catch (CloneNotSupportedException cnse) {
}

}

1.8374080463764109
/home/dale/d4j/Chart/Chart_3/source/org/jfree/chart/util/ShapeUtilities.java<104,110>

-------- Similar Code ---------
SegmentedTimeline clone=(SegmentedTimeline)super.clone();
return clone;

1.8364283610093426
/home/dale/d4j/Chart/Chart_3/source/org/jfree/chart/axis/SegmentedTimeline.java<1219,1220>

-------- Similar Code ---------
Tick clone=(Tick)super.clone();
return clone;

1.8364283610093426
/home/dale/d4j/Chart/Chart_3/source/org/jfree/chart/axis/Tick.java<174,175>

-------- Similar Code ---------
ValueAxis clone=(ValueAxis)super.clone();
return clone;

1.8364283610093426
/home/dale/d4j/Chart/Chart_3/source/org/jfree/chart/axis/ValueAxis.java<1714,1715>

-------- Similar Code ---------
BlockContainer clone=(BlockContainer)super.clone();
return clone;

1.8364283610093426
/home/dale/d4j/Chart/Chart_3/source/org/jfree/chart/block/BlockContainer.java<277,279>

-------- Similar Code ---------
DefaultDrawingSupplier clone=(DefaultDrawingSupplier)super.clone();
return clone;

1.8364283610093426
/home/dale/d4j/Chart/Chart_3/source/org/jfree/chart/plot/DefaultDrawingSupplier.java<544,545>

-------- Similar Code ---------
Task clone=(Task)super.clone();
return clone;

1.8364283610093426
/home/dale/d4j/Chart/Chart_3/source/org/jfree/data/gantt/Task.java<253,254>

-------- Similar Code ---------
DefaultKeyedValueDataset clone=(DefaultKeyedValueDataset)super.clone();
return clone;

1.8364283610093426
/home/dale/d4j/Chart/Chart_3/source/org/jfree/data/general/DefaultKeyedValueDataset.java<191,193>

-------- Similar Code ---------
DefaultKeyedValue clone=(DefaultKeyedValue)super.clone();
return clone;

1.8364283610093426
/home/dale/d4j/Chart/Chart_3/source/org/jfree/data/DefaultKeyedValue.java<163,164>

-------- Similar Code ---------
{
PlotRenderingInfo clone=(PlotRenderingInfo)super.clone();
if(this.plotArea!=null){
clone.plotArea=(Rectangle2D)this.plotArea.clone();
}
if(this.dataArea!=null){
clone.dataArea=(Rectangle2D)this.dataArea.clone();
}
clone.subplotInfo=new java.util.ArrayList(this.subplotInfo.size());
for(int i=0;i<this.subplotInfo.size();i++){
PlotRenderingInfo info=(PlotRenderingInfo)this.subplotInfo.get(i);
clone.subplotInfo.add(info.clone());
}
return clone;
}

1.8322127396061711
/home/dale/d4j/Chart/Chart_3/source/org/jfree/chart/plot/PlotRenderingInfo.java<245,260>

-------- Similar Code ---------
if(clone.rangeAxis!=null){
clone.rangeAxis.setPlot(clone);
clone.rangeAxis.addChangeListener(clone);
}
clone.valueFormat=(NumberFormat)this.valueFormat.clone();
clone.subrangePaint=(Paint[])this.subrangePaint.clone();
return clone;

1.7772082803386478
/home/dale/d4j/Chart/Chart_3/source/org/jfree/chart/plot/ThermometerPlot.java<1570,1577>

-------- Similar Code ---------
MeterPlot clone=(MeterPlot)super.clone();
clone.tickLabelFormat=(NumberFormat)this.tickLabelFormat.clone();
clone.intervals=new java.util.ArrayList(this.intervals);
if(clone.dataset!=null){
clone.dataset.addChangeListener(clone);
}
return clone;

1.7702466074843342
/home/dale/d4j/Chart/Chart_3/source/org/jfree/chart/plot/MeterPlot.java<1329,1336>

-------- Similar Code ---------
if(end<start){
throw new IllegalArgumentException("Requires start <= end.");
}
TimeSeries copy=(TimeSeries)super.clone();
copy.data=new java.util.ArrayList();

1.649067430351749
/home/dale/d4j/Chart/Chart_3/source/org/jfree/data/time/TimeSeries.java<1053,1057>

-------- Similar Code ---------
if(entry instanceof PublicCloneable){
PublicCloneable pc=(PublicCloneable)entry;
toAdd=pc.clone();
}
clone.seriesLabelLists.put(key,toAdd);

1.6437427076440352
/home/dale/d4j/Chart/Chart_3/source/org/jfree/chart/labels/MultipleXYSeriesLabelGenerator.java<190,194>

-------- Similar Code ---------
if(this.renderer!=null){
clone.renderer=(PolarItemRenderer)ObjectUtilities.clone(this.renderer);
}
clone.cornerTextItems=new ArrayList(this.cornerTextItems);
return clone;

1.639477845877514
/home/dale/d4j/Chart/Chart_3/source/org/jfree/chart/plot/PolarPlot.java<1073,1080>

-------- Similar Code ---------
if(emptyRange){
TimeSeries copy=(TimeSeries)super.clone();
copy.data=new java.util.ArrayList();
return copy;
}else {
return createCopy(startIndex,endIndex);
}

1.6388007944514489
/home/dale/d4j/Chart/Chart_3/source/org/jfree/data/time/TimeSeries.java<1117,1124>

-------- Similar Code ---------
clone.rangeAxisLocations=(ObjectList)ObjectUtilities.clone(this.rangeAxisLocations);
clone.datasets=(ObjectList)ObjectUtilities.clone(this.datasets);
for(int i=0;i<clone.datasets.size();++i){
XYDataset d=getDataset(i);
if(d!=null){
d.addChangeListener(clone);
}
}

1.6331540586513322
/home/dale/d4j/Chart/Chart_3/source/org/jfree/chart/plot/XYPlot.java<5670,5680>

-------- Similar Code ---------
DefaultOHLCDataset clone=(DefaultOHLCDataset)super.clone();
clone.data=new OHLCDataItem[this.data.length];
System.arraycopy(this.data,0,clone.data,0,this.data.length);
return clone;

1.6330082217961683
/home/dale/d4j/Chart/Chart_3/source/org/jfree/data/xy/DefaultOHLCDataset.java<333,336>

-------- Similar Code ---------
LegendItemCollection clone=(LegendItemCollection)super.clone();
clone.items=(List)ObjectUtilities.deepClone(this.items);
return clone;

1.631726238844263
/home/dale/d4j/Chart/Chart_3/source/org/jfree/chart/LegendItemCollection.java<149,151>

-------- Similar Code ---------
TaskSeries clone=(TaskSeries)super.clone();
clone.tasks=(List)ObjectUtilities.deepClone(this.tasks);
return clone;

1.631726238844263
/home/dale/d4j/Chart/Chart_3/source/org/jfree/data/gantt/TaskSeries.java<194,196>

-------- Similar Code ---------
SimpleHistogramDataset clone=(SimpleHistogramDataset)super.clone();
clone.bins=(List)ObjectUtilities.deepClone(this.bins);
return clone;

1.631726238844263
/home/dale/d4j/Chart/Chart_3/source/org/jfree/data/statistics/SimpleHistogramDataset.java<558,560>

-------- Similar Code ---------
XYSeries clone=(XYSeries)super.clone();
clone.data=(List)ObjectUtilities.deepClone(this.data);
return clone;

1.631726238844263
/home/dale/d4j/Chart/Chart_3/source/org/jfree/data/xy/XYSeries.java<908,910>

-------- Similar Code ---------
VectorSeriesCollection clone=(VectorSeriesCollection)super.clone();
clone.data=(List)ObjectUtilities.deepClone(this.data);
return clone;

1.631726238844263
/home/dale/d4j/Chart/Chart_3/source/org/jfree/data/xy/VectorSeriesCollection.java<328,331>

-------- Similar Code ---------
YIntervalSeriesCollection clone=(YIntervalSeriesCollection)super.clone();
clone.data=(List)ObjectUtilities.deepClone(this.data);
return clone;

1.631726238844263
/home/dale/d4j/Chart/Chart_3/source/org/jfree/data/xy/YIntervalSeriesCollection.java<353,356>

-------- Similar Code ---------
MatrixSeriesCollection clone=(MatrixSeriesCollection)super.clone();
clone.seriesList=(List)ObjectUtilities.deepClone(this.seriesList);
return clone;

1.631726238844263
/home/dale/d4j/Chart/Chart_3/source/org/jfree/data/xy/MatrixSeriesCollection.java<271,273>

-------- Similar Code ---------
XIntervalSeriesCollection clone=(XIntervalSeriesCollection)super.clone();
clone.data=(List)ObjectUtilities.deepClone(this.data);
return clone;

1.631726238844263
/home/dale/d4j/Chart/Chart_3/source/org/jfree/data/xy/XIntervalSeriesCollection.java<355,358>

-------- Similar Code ---------
TimeSeries clone=(TimeSeries)super.clone();
clone.data=(List)ObjectUtilities.deepClone(this.data);
return clone;

1.631726238844263
/home/dale/d4j/Chart/Chart_3/source/org/jfree/data/time/TimeSeries.java<1031,1033>

-------- Similar Code ---------
OHLCSeriesCollection clone=(OHLCSeriesCollection)super.clone();
clone.data=(List)ObjectUtilities.deepClone(this.data);
return clone;

1.631726238844263
/home/dale/d4j/Chart/Chart_3/source/org/jfree/data/time/ohlc/OHLCSeriesCollection.java<485,488>

-------- Similar Code ---------
clone.rangeAxisLocations=(ObjectList)this.rangeAxisLocations.clone();
clone.datasets=(ObjectList)this.datasets.clone();
for(int i=0;i<clone.datasets.size();i++){
CategoryDataset dataset=clone.getDataset(i);
if(dataset!=null){
dataset.addChangeListener(clone);
}
}

1.6297588098620748
/home/dale/d4j/Chart/Chart_3/source/org/jfree/chart/plot/CategoryPlot.java<5119,5127>

-------- Similar Code ---------
if(this.plot!=null){
chart.plot=(Plot)this.plot.clone();
chart.plot.addChangeListener(chart);
}

1.6236142483087375
/home/dale/d4j/Chart/Chart_3/source/org/jfree/chart/JFreeChart.java<1732,1735>

-------- Similar Code ---------
Axis clone=(Axis)super.clone();
clone.plot=null;
clone.listenerList=new EventListenerList();
return clone;

1.6206111677900066
/home/dale/d4j/Chart/Chart_3/source/org/jfree/chart/axis/Axis.java<1441,1445>

-------- Similar Code ---------
if(this.legendTextPaint!=null){
clone.legendTextPaint=(PaintList)this.legendTextPaint.clone();
}
clone.listenerList=new EventListenerList();
return clone;

1.619320123314776
/home/dale/d4j/Chart/Chart_3/source/org/jfree/chart/renderer/AbstractRenderer.java<3255,3260>

-------- Similar Code ---------
AbstractObjectList clone=(AbstractObjectList)super.clone();
if(this.objects!=null){
clone.objects=new Object[this.objects.length];
System.arraycopy(this.objects,0,clone.objects,0,this.objects.length);
}
return clone;

1.6185723536275016
/home/dale/d4j/Chart/Chart_3/source/org/jfree/chart/util/AbstractObjectList.java<235,241>

-------- Similar Code ---------
TickUnits clone=(TickUnits)super.clone();
clone.tickUnits=new java.util.ArrayList(this.tickUnits);
return clone;

1.615666218846492
/home/dale/d4j/Chart/Chart_3/source/org/jfree/chart/axis/TickUnits.java<187,189>

-------- Similar Code ---------
ExtendedCategoryAxis clone=(ExtendedCategoryAxis)super.clone();
clone.sublabels=new HashMap(this.sublabels);
return clone;

1.615666218846492
/home/dale/d4j/Chart/Chart_3/source/org/jfree/chart/axis/ExtendedCategoryAxis.java<228,230>

-------- Similar Code ---------
CustomXYURLGenerator clone=(CustomXYURLGenerator)super.clone();
clone.urlSeries=new java.util.ArrayList(this.urlSeries);
return clone;

1.615666218846492
/home/dale/d4j/Chart/Chart_3/source/org/jfree/chart/urls/CustomXYURLGenerator.java<203,205>

-------- Similar Code ---------
CustomCategoryURLGenerator clone=(CustomCategoryURLGenerator)super.clone();
clone.urlSeries=new java.util.ArrayList(this.urlSeries);
return clone;

1.615666218846492
/home/dale/d4j/Chart/Chart_3/source/org/jfree/chart/urls/CustomCategoryURLGenerator.java<191,194>

-------- Similar Code ---------
LookupPaintScale clone=(LookupPaintScale)super.clone();
clone.lookupTable=new java.util.ArrayList(this.lookupTable);
return clone;

1.615666218846492
/home/dale/d4j/Chart/Chart_3/source/org/jfree/chart/renderer/LookupPaintScale.java<352,354>

-------- Similar Code ---------
if(this.baseItemLabelGenerator instanceof PublicCloneable){
PublicCloneable pc=(PublicCloneable)this.baseItemLabelGenerator;
clone.baseItemLabelGenerator=(CategoryItemLabelGenerator)pc.clone();
}else {
throw new CloneNotSupportedException("ItemLabelGenerator not cloneable.");
}

1.5990027895294632
/home/dale/d4j/Chart/Chart_3/source/org/jfree/chart/renderer/category/AbstractCategoryItemRenderer.java<1691,1700>

-------- Similar Code ---------
if(this.baseToolTipGenerator instanceof PublicCloneable){
PublicCloneable pc=(PublicCloneable)this.baseToolTipGenerator;
clone.baseToolTipGenerator=(CategoryToolTipGenerator)pc.clone();
}else {
throw new CloneNotSupportedException("Base tool tip generator not cloneable.");
}

1.5990027895294632
/home/dale/d4j/Chart/Chart_3/source/org/jfree/chart/renderer/category/AbstractCategoryItemRenderer.java<1709,1718>

-------- Similar Code ---------
if(this.baseURLGenerator instanceof PublicCloneable){
PublicCloneable pc=(PublicCloneable)this.baseURLGenerator;
clone.baseURLGenerator=(CategoryURLGenerator)pc.clone();
}else {
throw new CloneNotSupportedException("Base item URL generator not cloneable.");
}

1.5990027895294632
/home/dale/d4j/Chart/Chart_3/source/org/jfree/chart/renderer/category/AbstractCategoryItemRenderer.java<1726,1733>

-------- Similar Code ---------
CustomXYToolTipGenerator clone=(CustomXYToolTipGenerator)super.clone();
if(this.toolTipSeries!=null){
clone.toolTipSeries=new java.util.ArrayList(this.toolTipSeries);
}
return clone;

1.5990027895294632
/home/dale/d4j/Chart/Chart_3/source/org/jfree/chart/labels/CustomXYToolTipGenerator.java<159,164>

-------- Similar Code ---------
for(int index=start;index<=end;index++){
XYDataItem item=(XYDataItem)this.data.get(index);
XYDataItem clone=(XYDataItem)item.clone();
try{
copy.add(clone);
}catch (SeriesException e) {
  System.err.println("Unable to add cloned data item.");
}

}

1.5916553238809175
/home/dale/d4j/Chart/Chart_3/source/org/jfree/data/xy/XYSeries.java<929,938>

-------- Similar Code ---------
for(int index=start;index<=end;index++){
TimePeriodValue item=(TimePeriodValue)this.data.get(index);
TimePeriodValue clone=(TimePeriodValue)item.clone();
try{
copy.add(clone);
}catch (SeriesException e) {
  System.err.println("Failed to add cloned item.");
}

}

1.5916553238809175
/home/dale/d4j/Chart/Chart_3/source/org/jfree/data/time/TimePeriodValues.java<502,511>

-------- Similar Code ---------
for(int index=start;index<=end;index++){
TimeSeriesDataItem item=(TimeSeriesDataItem)this.data.get(index);
TimeSeriesDataItem clone=(TimeSeriesDataItem)item.clone();
try{
copy.add(clone);
}catch (SeriesException e) {
  e.printStackTrace();
}

}

1.5916553238809175
/home/dale/d4j/Chart/Chart_3/source/org/jfree/data/time/TimeSeries.java<1059,1069>

-------- Similar Code ---------
AbstractAnnotation clone=(AbstractAnnotation)super.clone();
clone.listenerList=new EventListenerList();
return clone;

1.5862676464100725
/home/dale/d4j/Chart/Chart_3/source/org/jfree/chart/annotations/AbstractAnnotation.java<192,194>

-------- Similar Code ---------
Title duplicate=(Title)super.clone();
duplicate.listenerList=new EventListenerList();
return duplicate;

1.5862676464100725
/home/dale/d4j/Chart/Chart_3/source/org/jfree/chart/title/Title.java<362,365>

-------- Similar Code ---------
AbstractDialLayer clone=(AbstractDialLayer)super.clone();
clone.listenerList=new EventListenerList();
return clone;

1.5862676464100725
/home/dale/d4j/Chart/Chart_3/source/org/jfree/chart/plot/dial/AbstractDialLayer.java<141,144>

-------- Similar Code ---------
AbstractDataset clone=(AbstractDataset)super.clone();
clone.listenerList=new EventListenerList();
return clone;

1.5862676464100725
/home/dale/d4j/Chart/Chart_3/source/org/jfree/data/general/AbstractDataset.java<209,211>

-------- Similar Code ---------
XYDataItem item=(XYDataItem)this.data.get(index);
return (XYDataItem)item.clone();

1.5608461968031888
/home/dale/d4j/Chart/Chart_3/source/org/jfree/data/xy/XYSeries.java<619,620>

-------- Similar Code ---------
TimeSeriesDataItem item=(TimeSeriesDataItem)this.data.get(index);
return (TimeSeriesDataItem)item.clone();

1.5608461968031888
/home/dale/d4j/Chart/Chart_3/source/org/jfree/data/time/TimeSeries.java<389,390>

-------- Similar Code ---------
this.minX=Double.NaN;
this.maxX=Double.NaN;
this.minY=Double.NaN;
this.maxY=Double.NaN;

1.5603203636607579
/home/dale/d4j/Chart/Chart_3/source/org/jfree/data/xy/XYSeries.java<174,177>

-------- Similar Code ---------
if(itemParameterName==null){
throw new IllegalArgumentException("Null \'itemParameterName\' argument.");
}
this.dateFormat=(DateFormat)dateFormat.clone();
this.prefix=prefix;

1.5362094494915204
/home/dale/d4j/Chart/Chart_3/source/org/jfree/chart/urls/TimeSeriesURLGenerator.java<113,119>

-------- Similar Code ---------
for(int i=0;i<this.domainAxes.size();i++){
CategoryAxis xAxis=(CategoryAxis)this.domainAxes.get(i);
if(xAxis!=null){
CategoryAxis clonedAxis=(CategoryAxis)xAxis.clone();
clone.setDomainAxis(i,clonedAxis);
}
}
clone.domainAxisLocations=(ObjectList)this.domainAxisLocations.clone();
clone.rangeAxes=new ObjectList();

1.5292037712188633
/home/dale/d4j/Chart/Chart_3/source/org/jfree/chart/plot/CategoryPlot.java<5101,5111>

-------- Similar Code ---------
this.maximumItemCount=Integer.MAX_VALUE;
this.maximumItemAge=Long.MAX_VALUE;
this.minY=Double.NaN;
this.maxY=Double.NaN;

1.5126701820985948
/home/dale/d4j/Chart/Chart_3/source/org/jfree/data/time/TimeSeries.java<191,194>

-------- Similar Code ---------
StandardEntityCollection clone=(StandardEntityCollection)super.clone();
clone.entities=new java.util.ArrayList(this.entities.size());
for(int i=0;i<this.entities.size();i++){
ChartEntity entity=(ChartEntity)this.entities.get(i);
clone.entities.add(entity.clone());
}
return clone;

1.499399243436212
/home/dale/d4j/Chart/Chart_3/source/org/jfree/chart/entity/StandardEntityCollection.java<196,203>

-------- Similar Code ---------
if(clone.legendItemURLGenerator instanceof PublicCloneable){
clone.legendItemURLGenerator=(XYSeriesLabelGenerator)ObjectUtilities.clone(this.legendItemURLGenerator);
}
clone.foregroundAnnotations=(List)ObjectUtilities.deepClone(this.foregroundAnnotations);
clone.backgroundAnnotations=(List)ObjectUtilities.deepClone(this.backgroundAnnotations);

1.4905072696163268
/home/dale/d4j/Chart/Chart_3/source/org/jfree/chart/renderer/xy/AbstractXYItemRenderer.java<1728,1736>

-------- Similar Code ---------
CrosshairOverlay clone=(CrosshairOverlay)super.clone();
clone.xCrosshairs=(List)ObjectUtilities.deepClone(this.xCrosshairs);
clone.yCrosshairs=(List)ObjectUtilities.deepClone(this.yCrosshairs);
return clone;

1.479648060436717
/home/dale/d4j/Chart/Chart_3/source/org/jfree/chart/panel/CrosshairOverlay.java<589,592>

-------- Similar Code ---------
TaskSeriesCollection clone=(TaskSeriesCollection)super.clone();
clone.data=(List)ObjectUtilities.deepClone(this.data);
clone.keys=new java.util.ArrayList(this.keys);
return clone;

1.473580000377916
/home/dale/d4j/Chart/Chart_3/source/org/jfree/data/gantt/TaskSeriesCollection.java<681,684>

-------- Similar Code ---------
if(this.axis!=null){
clone.axis=(ValueAxis)ObjectUtilities.clone(this.axis);
clone.axis.setPlot(clone);
clone.axis.addChangeListener(clone);
}

1.4687946113385926
/home/dale/d4j/Chart/Chart_3/source/org/jfree/chart/plot/PolarPlot.java<1063,1067>

-------- Similar Code ---------
DefaultBoxAndWhiskerXYDataset clone=(DefaultBoxAndWhiskerXYDataset)super.clone();
clone.dates=new java.util.ArrayList(this.dates);
clone.items=new java.util.ArrayList(this.items);
return clone;

1.464562923748371
/home/dale/d4j/Chart/Chart_3/source/org/jfree/data/statistics/DefaultBoxAndWhiskerXYDataset.java<551,555>

-------- Similar Code ---------
if(this.domainAxis!=null){
clone.domainAxis=(ValueAxis)this.domainAxis.clone();
clone.domainAxis.setPlot(clone);
clone.domainAxis.addChangeListener(clone);
}

1.4636851304574257
/home/dale/d4j/Chart/Chart_3/source/org/jfree/chart/plot/FastScatterPlot.java<1074,1078>

-------- Similar Code ---------
if(this.rangeAxis!=null){
clone.rangeAxis=(ValueAxis)this.rangeAxis.clone();
clone.rangeAxis.setPlot(clone);
clone.rangeAxis.addChangeListener(clone);
}

1.4636851304574257
/home/dale/d4j/Chart/Chart_3/source/org/jfree/chart/plot/FastScatterPlot.java<1079,1083>

-------- Similar Code ---------
Rectangle2D target=(Rectangle2D)area.clone();
Rectangle2D hotspot=(Rectangle2D)area.clone();
StandardEntityCollection sec=null;
if(params instanceof EntityBlockParams&&((EntityBlockParams)params).getGenerateEntities()){
sec=new StandardEntityCollection();
sec.add(new TitleEntity(hotspot,this));
}

1.4613820270791893
/home/dale/d4j/Chart/Chart_3/source/org/jfree/chart/title/LegendTitle.java<530,537>

-------- Similar Code ---------
XYDataItem existing=(XYDataItem)this.data.get(index);
overwritten=(XYDataItem)existing.clone();
boolean iterate=false;
double oldY=existing.getYValue();

1.458762121801623
/home/dale/d4j/Chart/Chart_3/source/org/jfree/data/xy/XYSeries.java<809,813>

-------- Similar Code ---------
TimeSeriesDataItem existing=(TimeSeriesDataItem)this.data.get(index);
overwritten=(TimeSeriesDataItem)existing.clone();
boolean iterate=false;
Number oldYN=existing.getValue();

1.458762121801623
/home/dale/d4j/Chart/Chart_3/source/org/jfree/data/time/TimeSeries.java<826,832>

-------- Similar Code ---------
if(polygon.length%2!=0){
throw new IllegalArgumentException("The \'polygon\' array must "+"contain an even number of items.");
}
this.polygon=(double[])polygon.clone();
this.stroke=stroke;

1.4570988658064796
/home/dale/d4j/Chart/Chart_3/source/org/jfree/chart/annotations/XYPolygonAnnotation.java<141,146>

-------- Similar Code ---------
for(int i=0;i<this.domainAxes.size();i++){
ValueAxis axis=(ValueAxis)this.domainAxes.get(i);
if(axis!=null){
ValueAxis clonedAxis=(ValueAxis)axis.clone();
clone.domainAxes.set(i,clonedAxis);
clonedAxis.setPlot(clone);
clonedAxis.addChangeListener(clone);
}
}
clone.domainAxisLocations=(ObjectList)this.domainAxisLocations.clone();

1.4529368163361318
/home/dale/d4j/Chart/Chart_3/source/org/jfree/chart/plot/XYPlot.java<5648,5658>

-------- Similar Code ---------
Series clone=(Series)super.clone();
clone.listeners=new EventListenerList();
clone.propertyChangeSupport=new PropertyChangeSupport(clone);
return clone;

1.450995670262426
/home/dale/d4j/Chart/Chart_3/source/org/jfree/data/general/Series.java<243,246>

-------- Similar Code ---------
if(this.data.size()>0){
this.data.clear();
this.timePeriodClass=null;
this.minY=Double.NaN;
this.maxY=Double.NaN;
fireSeriesChanged();
}

1.4471061011193038
/home/dale/d4j/Chart/Chart_3/source/org/jfree/data/time/TimeSeries.java<950,956>

-------- Similar Code ---------
this.minX=Double.NaN;
this.maxX=Double.NaN;
this.minY=Double.NaN;
this.maxY=Double.NaN;
Iterator iterator=this.data.iterator();

1.4419027275476932
/home/dale/d4j/Chart/Chart_3/source/org/jfree/data/xy/XYSeries.java<304,308>

-------- Similar Code ---------
if(this.data.size()>0){
this.data.clear();
this.minX=Double.NaN;
this.maxX=Double.NaN;
this.minY=Double.NaN;
this.maxY=Double.NaN;
fireSeriesChanged();
}

1.4315130347629468
/home/dale/d4j/Chart/Chart_3/source/org/jfree/data/xy/XYSeries.java<601,608>

-------- Similar Code ---------
item=(XYDataItem)item.clone();
if(this.autoSort){
this.data.add(-index-1,item);
}else {
this.data.add(item);
}

1.4283174326780432
/home/dale/d4j/Chart/Chart_3/source/org/jfree/data/xy/XYSeries.java<833,839>

-------- Similar Code ---------
Rectangle2D titleArea=(Rectangle2D)area.clone();
g2.setFont(this.font);
g2.setPaint(this.paint);
TextBlockAnchor anchor=null;

1.4265496665522557
/home/dale/d4j/Chart/Chart_3/source/org/jfree/chart/title/TextTitle.java<740,743>

-------- Similar Code ---------
Rectangle2D titleArea=(Rectangle2D)area.clone();
g2.setFont(this.font);
g2.setPaint(this.paint);
TextBlockAnchor anchor=null;

1.4265496665522557
/home/dale/d4j/Chart/Chart_3/source/org/jfree/chart/title/TextTitle.java<787,790>

-------- Similar Code ---------
XYIntervalSeriesCollection clone=(XYIntervalSeriesCollection)super.clone();
int seriesCount=getSeriesCount();
clone.data=new java.util.ArrayList(seriesCount);
for(int i=0;i<this.data.size();i++){
clone.data.set(i,getSeries(i).clone());
}
return clone;

1.4188564793730887
/home/dale/d4j/Chart/Chart_3/source/org/jfree/data/xy/XYIntervalSeriesCollection.java<378,385>

-------- Similar Code ---------
if(y<=this.minY||y>=this.maxY){
findBoundsByIteration();
}

1.403362009693154
/home/dale/d4j/Chart/Chart_3/source/org/jfree/data/time/TimeSeries.java<1232,1234>

-------- Similar Code ---------
KeyedObjects clone=(KeyedObjects)super.clone();
clone.data=new java.util.ArrayList();
Iterator iterator=this.data.iterator();
while(iterator.hasNext()){
KeyedObject ko=(KeyedObject)iterator.next();
clone.data.add(ko.clone());
}
return clone;

1.401173890343021
/home/dale/d4j/Chart/Chart_3/source/org/jfree/data/KeyedObjects.java<325,332>

-------- Similar Code ---------
if(coefficients==null){
throw new IllegalArgumentException("Null \'coefficients\' argument");
}
this.coefficients=(double[])coefficients.clone();

1.3961289149359346
/home/dale/d4j/Chart/Chart_3/source/org/jfree/data/function/PolynomialFunction2D.java<67,70>

-------- Similar Code ---------
if(y<=this.minY||y>=this.maxY){
itemContributesToYBounds=true;
}

1.3822499905394765
/home/dale/d4j/Chart/Chart_3/source/org/jfree/data/xy/XYSeries.java<278,280>

-------- Similar Code ---------
clone.datasetToDomainAxesMap.putAll(this.datasetToDomainAxesMap);
clone.datasetToRangeAxesMap=new TreeMap();
clone.datasetToRangeAxesMap.putAll(this.datasetToRangeAxesMap);
clone.renderers=(ObjectList)ObjectUtilities.clone(this.renderers);

1.3767576910715875
/home/dale/d4j/Chart/Chart_3/source/org/jfree/chart/plot/XYPlot.java<5683,5687>

-------- Similar Code ---------
DefaultKeyedValues2D clone=(DefaultKeyedValues2D)super.clone();
clone.columnKeys=new java.util.ArrayList(this.columnKeys);
clone.rowKeys=new java.util.ArrayList(this.rowKeys);
clone.rows=(List)ObjectUtilities.deepClone(this.rows);
return clone;

1.3759067480288028
/home/dale/d4j/Chart/Chart_3/source/org/jfree/data/DefaultKeyedValues2D.java<571,579>

-------- Similar Code ---------
if(!Double.isNaN(oldY)){
iterate=oldY<=this.minY||oldY>=this.maxY;
}

1.372826426634513
/home/dale/d4j/Chart/Chart_3/source/org/jfree/data/xy/XYSeries.java<673,675>

-------- Similar Code ---------
if(!Double.isNaN(oldY)){
iterate=oldY<=this.minY||oldY>=this.maxY;
}

1.372826426634513
/home/dale/d4j/Chart/Chart_3/source/org/jfree/data/xy/XYSeries.java<814,816>

-------- Similar Code ---------
if(!Double.isNaN(oldY)){
iterate=oldY<=this.minY||oldY>=this.maxY;
}

1.372826426634513
/home/dale/d4j/Chart/Chart_3/source/org/jfree/data/time/TimeSeries.java<726,728>

-------- Similar Code ---------
if(!Double.isNaN(oldY)){
iterate=oldY<=this.minY||oldY>=this.maxY;
}

1.372826426634513
/home/dale/d4j/Chart/Chart_3/source/org/jfree/data/time/TimeSeries.java<834,836>

-------- Similar Code ---------
clone.datasetToDomainAxesMap.putAll(this.datasetToDomainAxesMap);
clone.datasetToRangeAxesMap=new TreeMap();
clone.datasetToRangeAxesMap.putAll(this.datasetToRangeAxesMap);
clone.renderers=(ObjectList)this.renderers.clone();

1.3716838750471032
/home/dale/d4j/Chart/Chart_3/source/org/jfree/chart/plot/CategoryPlot.java<5129,5133>

-------- Similar Code ---------
CategoryAxis clone=(CategoryAxis)super.clone();
clone.tickLabelFontMap=new HashMap(this.tickLabelFontMap);
clone.tickLabelPaintMap=new HashMap(this.tickLabelPaintMap);
clone.categoryLabelToolTips=new HashMap(this.categoryLabelToolTips);
return clone;

1.3694347984821609
/home/dale/d4j/Chart/Chart_3/source/org/jfree/chart/axis/CategoryAxis.java<1291,1295>

-------- Similar Code ---------
if(renderer2 instanceof PublicCloneable){
PublicCloneable pc=(PublicCloneable)renderer2;
CategoryItemRenderer rc=(CategoryItemRenderer)pc.clone();
clone.renderers.set(i,rc);
rc.setPlot(clone);
rc.addChangeListener(clone);
}

1.354147114876037
/home/dale/d4j/Chart/Chart_3/source/org/jfree/chart/plot/CategoryPlot.java<5137,5143>

-------- Similar Code ---------
if(renderer2 instanceof PublicCloneable){
PublicCloneable pc=(PublicCloneable)renderer2;
XYItemRenderer rc=(XYItemRenderer)pc.clone();
clone.renderers.set(i,rc);
rc.setPlot(clone);
rc.addChangeListener(clone);
}

1.354147114876037
/home/dale/d4j/Chart/Chart_3/source/org/jfree/chart/plot/XYPlot.java<5690,5696>

-------- Similar Code ---------
if(ebp.getGenerateEntities()){
sec=new StandardEntityCollection();
entityArea=(Shape)area.clone();
}

1.3465616732800196
/home/dale/d4j/Chart/Chart_3/source/org/jfree/chart/block/LabelBlock.java<352,355>

-------- Similar Code ---------
left.moveTo((float)xx1,transStack1);
left.lineTo((float)xx1,transY1);
left.lineTo((float)xxLeft,transStackLeft);
left.clone();

1.3411300344693462
/home/dale/d4j/Chart/Chart_3/source/org/jfree/chart/renderer/category/StackedAreaRenderer.java<310,313>

-------- Similar Code ---------
this.minY=Double.NaN;
this.maxY=Double.NaN;
Iterator iterator=this.data.iterator();
while(iterator.hasNext()){
TimeSeriesDataItem item=(TimeSeriesDataItem)iterator.next();
updateBoundsForAddedItem(item);
}

1.3374296846210385
/home/dale/d4j/Chart/Chart_3/source/org/jfree/data/time/TimeSeries.java<1246,1252>

-------- Similar Code ---------
Rectangle2D target=(Rectangle2D)area.clone();
target=trimMargin(target);
if(this.backgroundPaint!=null){
g2.setPaint(this.backgroundPaint);
g2.fill(target);
}

1.3334892910498333
/home/dale/d4j/Chart/Chart_3/source/org/jfree/chart/title/PaintScaleLegend.java<537,542>

-------- Similar Code ---------
if(params instanceof EntityBlockParams){
ebp=(EntityBlockParams)params;
if(ebp.getGenerateEntities()){
sec=new StandardEntityCollection();
}
}
Rectangle2D contentArea=(Rectangle2D)area.clone();
contentArea=trimMargin(contentArea);

1.3313880839009054
/home/dale/d4j/Chart/Chart_3/source/org/jfree/chart/block/BlockContainer.java<207,214>

-------- Similar Code ---------
insets.trim(plotArea);
Rectangle2D originalPlotArea=(Rectangle2D)plotArea.clone();
if(info!=null){
info.setPlotArea(plotArea);
info.setDataArea(plotArea);
}

1.3165785722292265
/home/dale/d4j/Chart/Chart_3/source/org/jfree/chart/plot/PiePlot3D.java<233,239>

-------- Similar Code ---------
if(this.fixedRangeAxisSpace!=null){
clone.fixedRangeAxisSpace=(AxisSpace)ObjectUtilities.clone(this.fixedRangeAxisSpace);
}
clone.annotations=(List)ObjectUtilities.deepClone(this.annotations);
clone.foregroundDomainMarkers=cloneMarkerMap(this.foregroundDomainMarkers);
clone.backgroundDomainMarkers=cloneMarkerMap(this.backgroundDomainMarkers);
clone.foregroundRangeMarkers=cloneMarkerMap(this.foregroundRangeMarkers);

1.3163329888489472
/home/dale/d4j/Chart/Chart_3/source/org/jfree/chart/plot/CategoryPlot.java<5149,5160>

-------- Similar Code ---------
MultipleXYSeriesLabelGenerator clone=(MultipleXYSeriesLabelGenerator)super.clone();
clone.seriesLabelLists=new HashMap();
Set keys=this.seriesLabelLists.keySet();
Iterator iterator=keys.iterator();

1.3158574812732755
/home/dale/d4j/Chart/Chart_3/source/org/jfree/chart/labels/MultipleXYSeriesLabelGenerator.java<181,185>

-------- Similar Code ---------
if(collection==null){
throw new IllegalArgumentException("Null \'collection\' argument.");
}
 final Collection result=(Collection)ObjectUtilities.clone(collection);
result.clear();

1.308351192610969
/home/dale/d4j/Chart/Chart_3/source/org/jfree/chart/util/ObjectUtilities.java<203,211>

-------- Similar Code ---------
if(y!=null){
double yy=y.doubleValue();
this.minY=minIgnoreNaN(this.minY,yy);
this.maxY=maxIgnoreNaN(this.maxY,yy);
}

1.2968241495142767
/home/dale/d4j/Chart/Chart_3/source/org/jfree/data/xy/XYSeries.java<681,685>

-------- Similar Code ---------
if(value!=null){
double yy=value.doubleValue();
this.minY=minIgnoreNaN(this.minY,yy);
this.maxY=maxIgnoreNaN(this.maxY,yy);
}

1.2968241495142767
/home/dale/d4j/Chart/Chart_3/source/org/jfree/data/time/TimeSeries.java<734,738>

-------- Similar Code ---------
CategoryTableXYDataset clone=(CategoryTableXYDataset)super.clone();
clone.values=(DefaultKeyedValues2D)this.values.clone();
clone.intervalDelegate=new IntervalXYDelegate(clone);
clone.intervalDelegate.setFixedIntervalWidth(getIntervalWidth());
clone.intervalDelegate.setAutoWidth(isAutoWidth());
clone.intervalDelegate.setIntervalPositionFactor(getIntervalPositionFactor());
return clone;

1.2925673995602298
/home/dale/d4j/Chart/Chart_3/source/org/jfree/data/xy/CategoryTableXYDataset.java<398,406>

-------- Similar Code ---------
int seriesCount=this.data.size();
clone.data=new java.util.ArrayList(seriesCount);
for(int i=0;i<seriesCount;i++){
XYSeries series=(XYSeries)this.data.get(i);
clone.data.add(series.clone());
}

1.292223861095312
/home/dale/d4j/Chart/Chart_3/source/org/jfree/data/xy/DefaultTableXYDataset.java<546,551>

-------- Similar Code ---------
KeyedObjects2D clone=(KeyedObjects2D)super.clone();
clone.columnKeys=new java.util.ArrayList(this.columnKeys);
clone.rowKeys=new java.util.ArrayList(this.rowKeys);
clone.rows=new java.util.ArrayList(this.rows.size());
Iterator iterator=this.rows.iterator();

1.2745749440033567
/home/dale/d4j/Chart/Chart_3/source/org/jfree/data/KeyedObjects2D.java<510,514>

-------- Similar Code ---------
if(item.getY()!=null){
double y=item.getYValue();
this.minY=minIgnoreNaN(this.minY,y);
this.maxY=maxIgnoreNaN(this.maxY,y);
}

1.2744080624574685
/home/dale/d4j/Chart/Chart_3/source/org/jfree/data/xy/XYSeries.java<251,255>

-------- Similar Code ---------
if(item.getValue()!=null){
double y=yN.doubleValue();
this.minY=minIgnoreNaN(this.minY,y);
this.maxY=maxIgnoreNaN(this.maxY,y);
}

1.2744080624574685
/home/dale/d4j/Chart/Chart_3/source/org/jfree/data/time/TimeSeries.java<1212,1216>

-------- Similar Code ---------
if(Double.isInfinite(minY)||Double.isNaN(minY)){
throw new IllegalArgumentException("\'minY\' cannot be INF or NaN.");
}

1.2706484898697716
/home/dale/d4j/Chart/Chart_3/source/org/jfree/data/general/DefaultHeatMapDataset.java<103,105>

-------- Similar Code ---------
if(Double.isInfinite(maxY)||Double.isNaN(maxY)){
throw new IllegalArgumentException("\'maxY\' cannot be INF or NaN.");
}

1.2706484898697716
/home/dale/d4j/Chart/Chart_3/source/org/jfree/data/general/DefaultHeatMapDataset.java<106,108>

-------- Similar Code ---------
HistogramDataset clone=(HistogramDataset)super.clone();
int seriesCount=getSeriesCount();
clone.list=new java.util.ArrayList(seriesCount);
for(int i=0;i<seriesCount;i++){
clone.list.add(new HashMap((Map)this.list.get(i)));
}
return clone;

1.2699612418264261
/home/dale/d4j/Chart/Chart_3/source/org/jfree/data/statistics/HistogramDataset.java<499,505>

-------- Similar Code ---------
Calendar c=(Calendar)calendar.clone();
c.clear();
c.set(Calendar.YEAR,this.year);
c.set(Calendar.WEEK_OF_YEAR,this.week);

1.2697632063109139
/home/dale/d4j/Chart/Chart_3/source/org/jfree/data/time/Week.java<385,388>

-------- Similar Code ---------
while(iterator.hasNext()){
KeyedObjects row=(KeyedObjects)iterator.next();
clone.rows.add(row.clone());
}

1.2590942912837724
/home/dale/d4j/Chart/Chart_3/source/org/jfree/data/KeyedObjects2D.java<515,518>

-------- Similar Code ---------
if(item!=null){
result.add(clone(item));
}else {
result.add(null);
}

1.2553261741839428
/home/dale/d4j/Chart/Chart_3/source/org/jfree/chart/util/ObjectUtilities.java<215,220>

-------- Similar Code ---------
if(!Double.isNaN(maxY)){
upper=Math.max(upper,maxY);
}

1.2526698077082443
/home/dale/d4j/Chart/Chart_3/source/org/jfree/data/xy/XYSeriesCollection.java<707,709>

-------- Similar Code ---------
float minY=(float)plotArea.getMinY();
float maxY=(float)plotArea.getMaxY();
shape.setLine(x,minY,x,maxY);
GeneralPath shape1=new GeneralPath();

1.2488223421616538
/home/dale/d4j/Chart/Chart_3/source/org/jfree/chart/needle/ArrowNeedle.java<98,102>

-------- Similar Code ---------
if(item.getY()!=null){
double yy=item.getY().doubleValue();
this.minY=minIgnoreNaN(this.minY,yy);
this.maxY=minIgnoreNaN(this.maxY,yy);
}

1.2462981937666842
/home/dale/d4j/Chart/Chart_3/source/org/jfree/data/xy/XYSeries.java<822,826>

-------- Similar Code ---------
if(item.getValue()!=null){
double yy=item.getValue().doubleValue();
this.minY=minIgnoreNaN(this.minY,yy);
this.maxY=minIgnoreNaN(this.maxY,yy);
}

1.2462981937666842
/home/dale/d4j/Chart/Chart_3/source/org/jfree/data/time/TimeSeries.java<841,845>

-------- Similar Code ---------
double y=this.minY+(this.maxY-this.minY)*(yIndex/(double)this.ySamples);
return y;

1.2362177002929906
/home/dale/d4j/Chart/Chart_3/source/org/jfree/data/general/DefaultHeatMapDataset.java<209,211>

-------- Similar Code ---------
for(int i=0;i<getSubtitleCount();i++){
Title subtitle=(Title)getSubtitle(i).clone();
chart.subtitles.add(subtitle);
subtitle.addChangeListener(chart);
}

1.2352772308697748
/home/dale/d4j/Chart/Chart_3/source/org/jfree/chart/JFreeChart.java<1726,1730>

-------- Similar Code ---------
Calendar c=(Calendar)calendar.clone();
c.clear();
c.set(Calendar.YEAR,this.year);
c.set(Calendar.WEEK_OF_YEAR,this.week+1);

1.234247560528685
/home/dale/d4j/Chart/Chart_3/source/org/jfree/data/time/Week.java<410,413>

-------- Similar Code ---------
GeneralPath shape3=new GeneralPath();
float minX=(float)plotArea.getMinX();
float minY=(float)plotArea.getMinY();
float maxX=(float)plotArea.getMaxX();
float maxY=(float)plotArea.getMaxY();

1.2340667870903153
/home/dale/d4j/Chart/Chart_3/source/org/jfree/chart/needle/LongNeedle.java<85,90>

-------- Similar Code ---------
CombinedDomainCategoryPlot result=(CombinedDomainCategoryPlot)super.clone();
result.subplots=(List)ObjectUtilities.deepClone(this.subplots);
for(Iterator it=result.subplots.iterator();it.hasNext();){
Plot child=(Plot)it.next();
child.setParent(result);
}
return result;

1.2283017108021108
/home/dale/d4j/Chart/Chart_3/source/org/jfree/chart/plot/CombinedDomainCategoryPlot.java<663,670>

-------- Similar Code ---------
Area shape;
GeneralPath pointer=new GeneralPath();
int minY=(int)(plotArea.getMinY());
int maxY=(int)(plotArea.getMaxY());
int midY=((maxY-minY)/2)+minY;

1.2269986201638843
/home/dale/d4j/Chart/Chart_3/source/org/jfree/chart/needle/MiddlePinNeedle.java<76,82>

-------- Similar Code ---------
Iterator iterator=list.iterator();
while(iterator.hasNext()){
clone.add(KeyToGroupMap.clone(iterator.next()));
}
result=clone;

1.226345075634954
/home/dale/d4j/Chart/Chart_3/source/org/jfree/data/KeyToGroupMap.java<312,316>

-------- Similar Code ---------
CombinedRangeCategoryPlot result=(CombinedRangeCategoryPlot)super.clone();
result.subplots=(List)ObjectUtilities.deepClone(this.subplots);
for(Iterator it=result.subplots.iterator();it.hasNext();){
Plot child=(Plot)it.next();
child.setParent(result);
}

1.2225762657419685
/home/dale/d4j/Chart/Chart_3/source/org/jfree/chart/plot/CombinedRangeCategoryPlot.java<530,536>

-------- Similar Code ---------
CombinedRangeXYPlot result=(CombinedRangeXYPlot)super.clone();
result.subplots=(List)ObjectUtilities.deepClone(this.subplots);
for(Iterator it=result.subplots.iterator();it.hasNext();){
Plot child=(Plot)it.next();
child.setParent(result);
}

1.2225762657419685
/home/dale/d4j/Chart/Chart_3/source/org/jfree/chart/plot/CombinedRangeXYPlot.java<678,683>

-------- Similar Code ---------
CombinedDomainXYPlot result=(CombinedDomainXYPlot)super.clone();
result.subplots=(List)ObjectUtilities.deepClone(this.subplots);
for(Iterator it=result.subplots.iterator();it.hasNext();){
Plot child=(Plot)it.next();
child.setParent(result);
}

1.2225762657419685
/home/dale/d4j/Chart/Chart_3/source/org/jfree/chart/plot/CombinedDomainXYPlot.java<697,702>

-------- Similar Code ---------
if(this.isArrowAtTop){
shape1.moveTo(x,minY);
minY+=4*getSize();
}else {
shape1.moveTo(x,maxY);
minY=maxY-4*getSize();
}

1.2205949222229047
/home/dale/d4j/Chart/Chart_3/source/org/jfree/chart/needle/ArrowNeedle.java<103,110>

-------- Similar Code ---------
Area shape;
GeneralPath pointer=new GeneralPath();
int minY=(int)(plotArea.getMinY());
int maxY=(int)(plotArea.getMaxY());
int midX=(int)(plotArea.getMinX()+(plotArea.getWidth()/2));

1.2135462477891341
/home/dale/d4j/Chart/Chart_3/source/org/jfree/chart/needle/PinNeedle.java<76,82>

-------- Similar Code ---------
if(this.minY!=that.minY){
return false;
}

1.2075006161486819
/home/dale/d4j/Chart/Chart_3/source/org/jfree/data/general/DefaultHeatMapDataset.java<298,300>

-------- Similar Code ---------
if(this.maxY!=that.maxY){
return false;
}

1.2075006161486819
/home/dale/d4j/Chart/Chart_3/source/org/jfree/data/general/DefaultHeatMapDataset.java<301,303>

-------- Similar Code ---------
this.maxX=maxX;
this.minY=minY;
this.maxY=maxY;
this.zValues=new double[xSamples][];
for(int x=0;x<xSamples;x++){
this.zValues[x]=new double[ySamples];
}

1.207181390496633
/home/dale/d4j/Chart/Chart_3/source/org/jfree/data/general/DefaultHeatMapDataset.java<113,119>

-------- Similar Code ---------
if(orientation==PlotOrientation.VERTICAL){
left.moveTo(transX1,transStack1);
left.lineTo(transX1,transY1);
left.lineTo(transXLeft,transStackLeft);
}else {
left.moveTo(transStack1,transX1);
left.lineTo(transY1,transX1);
left.lineTo(transStackLeft,transXLeft);
}
left.clone();

1.1984690494502033
/home/dale/d4j/Chart/Chart_3/source/org/jfree/chart/renderer/xy/StackedXYAreaRenderer2.java<367,377>

-------- Similar Code ---------
if(item==null){
throw new IllegalArgumentException("Null \'item\' argument.");
}
item=(TimeSeriesDataItem)item.clone();
Class c=item.getPeriod().getClass();

1.18563877619648
/home/dale/d4j/Chart/Chart_3/source/org/jfree/data/time/TimeSeries.java<576,580>

-------- Similar Code ---------
double maxX=rect.getMaxX();
double minY=rect.getMinY();
double maxY=rect.getMaxY();
int f1=rect.outcode(x1,y1);
int f2=rect.outcode(x2,y2);

1.1855179817872306
/home/dale/d4j/Chart/Chart_3/source/org/jfree/chart/util/LineUtilities.java<70,75>

-------- Similar Code ---------
double maxX=rect.getMaxX();
double minY=rect.getMinY();
double maxY=rect.getMaxY();
int f1=rect.outcode(x1,y1);
int f2=rect.outcode(x2,y2);

1.1855179817872306
/home/dale/d4j/Chart/Chart_3/source/org/jfree/chart/util/ShapeUtilities.java<635,640>

-------- Similar Code ---------
insets.trim(area);
drawBackground(g2,area);
Rectangle2D interior=(Rectangle2D)area.clone();
this.padding.trim(interior);
int midX=(int)(interior.getX()+(interior.getWidth()/2));

1.1752892793211462
/home/dale/d4j/Chart/Chart_3/source/org/jfree/chart/plot/ThermometerPlot.java<1122,1128>

-------- Similar Code ---------
g2.setPaint(this.groupPaint);
g2.setStroke(this.groupStroke);
double minY=rangeAxis.valueToJava2D(this.min,dataArea,plot.getRangeAxisEdge());
double maxY=rangeAxis.valueToJava2D(this.max,dataArea,plot.getRangeAxisEdge());

1.1697971460982473
/home/dale/d4j/Chart/Chart_3/source/org/jfree/chart/renderer/category/MinMaxCategoryRenderer.java<369,374>

-------- Similar Code ---------
if(dataArea.isEmpty()){
return ;
}
createAndAddEntity((Rectangle2D)dataArea.clone(),info,null,null);
if(info!=null){
info.setDataArea(dataArea);
}

1.1640844591684858
/home/dale/d4j/Chart/Chart_3/source/org/jfree/chart/plot/XYPlot.java<3245,3251>

-------- Similar Code ---------
if(properties||copy){
this.popup=createPopupMenu(properties,copy,save,print,zoom);
}

1.1625665211293221
/home/dale/d4j/Chart/Chart_3/source/org/jfree/chart/ChartPanel.java<763,765>

-------- Similar Code ---------
XYSeries series=getSeries(s);
double minY=series.getMinY();
if(!Double.isNaN(minY)){
lower=Math.min(lower,minY);
}

1.161729421583226
/home/dale/d4j/Chart/Chart_3/source/org/jfree/data/xy/XYSeriesCollection.java<701,705>

-------- Similar Code ---------
item=(TimeSeriesDataItem)item.clone();
this.data.add(-index-1,item);
updateBoundsForAddedItem(item);
if(getItemCount()>this.maximumItemCount){
TimeSeriesDataItem d=(TimeSeriesDataItem)this.data.remove(0);
updateBoundsForRemovedItem(d);
}

1.1573162146248523
/home/dale/d4j/Chart/Chart_3/source/org/jfree/data/time/TimeSeries.java<848,856>

-------- Similar Code ---------
HashSet hs=(HashSet)this.xPoints.clone();
Iterator iterator=hs.iterator();
while(iterator.hasNext()){
Number x=(Number)iterator.next();
if(canPrune(x)){
removeAllValuesForX(x);
}
}

1.1457105135102768
/home/dale/d4j/Chart/Chart_3/source/org/jfree/data/xy/DefaultTableXYDataset.java<466,473>

-------- Similar Code ---------
if(lenX<2){
lenX=2;
}
pointer.moveTo(midX-lenX,maxY-lenX);
pointer.lineTo(midX+lenX,maxY-lenX);
pointer.lineTo(midX,minY+lenX);
pointer.closePath();

1.1339700467926395
/home/dale/d4j/Chart/Chart_3/source/org/jfree/chart/needle/PinNeedle.java<85,92>

-------- Similar Code ---------
if(isOverlap()){
adjustDownwards(minY,height);
}

1.1188851546895895
/home/dale/d4j/Chart/Chart_3/source/org/jfree/chart/plot/PieLabelDistributor.java<78,80>

-------- Similar Code ---------
if(isOverlap()){
adjustUpwards(minY,height);
}

1.1188851546895895
/home/dale/d4j/Chart/Chart_3/source/org/jfree/chart/plot/PieLabelDistributor.java<82,84>

-------- Similar Code ---------
if(isOverlap()){
spreadEvenly(minY,height);
}

1.1188851546895895
/home/dale/d4j/Chart/Chart_3/source/org/jfree/chart/plot/PieLabelDistributor.java<86,88>

-------- Similar Code ---------
double y=minY;
double sumOfLabelHeights=0.0;
for(int i=0;i<this.labels.size();i++){
sumOfLabelHeights+=getPieLabelRecord(i).getLabelHeight();
}

1.1034435987098097
/home/dale/d4j/Chart/Chart_3/source/org/jfree/chart/plot/PieLabelDistributor.java<184,188>

-------- Similar Code ---------
x=screenDataArea.getMinX();
y=this.zoomPoint.getY();
w=screenDataArea.getWidth();
h=Math.min(this.zoomRectangle.getHeight(),maxY-this.zoomPoint.getY());

1.0998109942292285
/home/dale/d4j/Chart/Chart_3/source/org/jfree/chart/panel/ZoomHandler.java<187,191>

-------- Similar Code ---------
if(y<minY){
y=minY;
}
shape1.moveTo(minX,midY);
shape1.lineTo(midX,minY);
shape1.lineTo(midX,y);
shape1.closePath();

1.0883927591542877
/home/dale/d4j/Chart/Chart_3/source/org/jfree/chart/needle/LongNeedle.java<96,102>

-------- Similar Code ---------
x=this.zoomPoint.getX();
y=this.zoomPoint.getY();
w=Math.min(this.zoomRectangle.getWidth(),maxX-this.zoomPoint.getX());
h=Math.min(this.zoomRectangle.getHeight(),maxY-this.zoomPoint.getY());

1.0843290035957593
/home/dale/d4j/Chart/Chart_3/source/org/jfree/chart/panel/ZoomHandler.java<194,199>

-------- Similar Code ---------
if(orient==PlotOrientation.VERTICAL){
g2.draw(new Line2D.Double(x1,minY,x1,maxY));
this.minIcon.paintIcon(null,g2,(int)x1,(int)minY);
this.maxIcon.paintIcon(null,g2,(int)x1,(int)maxY);
}else {
g2.draw(new Line2D.Double(minY,x1,maxY,x1));
this.minIcon.paintIcon(null,g2,(int)minY,(int)x1);
this.maxIcon.paintIcon(null,g2,(int)maxY,(int)x1);
}

1.0785199631440816
/home/dale/d4j/Chart/Chart_3/source/org/jfree/chart/renderer/category/MinMaxCategoryRenderer.java<376,385>

-------- Similar Code ---------
double x,y,w,h;
Rectangle2D screenDataArea=panel.getScreenDataArea((int)this.zoomPoint.getX(),(int)this.zoomPoint.getY());
double maxX=screenDataArea.getMaxX();
double maxY=screenDataArea.getMaxY();

1.070648977332452
/home/dale/d4j/Chart/Chart_3/source/org/jfree/chart/panel/ZoomHandler.java<170,175>

-------- Similar Code ---------
if(copyAndSort){
int itemCount=values.size();
List copy=new ArrayList(itemCount);
for(int i=0;i<itemCount;i++){
copy.add(i,values.get(i));
}
Collections.sort(copy);
values=copy;
}

1.0697488022355608
/home/dale/d4j/Chart/Chart_3/source/org/jfree/data/statistics/Statistics.java<203,211>

-------- Similar Code ---------
shape2.closePath();
shape3.moveTo(minX,midY);
shape3.lineTo(midX,maxY);
shape3.lineTo(maxX,midY);
shape3.lineTo(midX,y);

1.0695169153109747
/home/dale/d4j/Chart/Chart_3/source/org/jfree/chart/needle/LongNeedle.java<107,112>

-------- Similar Code ---------
float midY=(float)(minY+(plotArea.getHeight()/2));
shape1.moveTo(minX,midY);
shape1.lineTo(midX,minY);
shape1.lineTo(maxX,midY);
shape1.closePath();

1.057575639735697
/home/dale/d4j/Chart/Chart_3/source/org/jfree/chart/needle/PointerNeedle.java<82,87>

-------- Similar Code ---------
if((f1&Rectangle2D.OUT_BOTTOM)==Rectangle2D.OUT_BOTTOM&&dy!=0.0){
x1=x1+(maxY-y1)*dx/dy;
y1=maxY;
}else if((f1&Rectangle2D.OUT_TOP)==Rectangle2D.OUT_TOP&&dy!=0.0){
x1=x1+(minY-y1)*dx/dy;
y1=minY;
}

1.043091941188249
/home/dale/d4j/Chart/Chart_3/source/org/jfree/chart/util/LineUtilities.java<98,107>

-------- Similar Code ---------
if((f2&Rectangle2D.OUT_BOTTOM)==Rectangle2D.OUT_BOTTOM&&dy!=0.0){
x2=x2+(maxY-y2)*dx/dy;
y2=maxY;
}else if((f2&Rectangle2D.OUT_TOP)==Rectangle2D.OUT_TOP&&dy!=0.0){
x2=x2+(minY-y2)*dx/dy;
y2=minY;
}

1.043091941188249
/home/dale/d4j/Chart/Chart_3/source/org/jfree/chart/util/LineUtilities.java<123,132>

-------- Similar Code ---------
if((f1&Rectangle2D.OUT_BOTTOM)==Rectangle2D.OUT_BOTTOM&&dy!=0.0){
x1=x1+(maxY-y1)*dx/dy;
y1=maxY;
}else if((f1&Rectangle2D.OUT_TOP)==Rectangle2D.OUT_TOP&&dy!=0.0){
x1=x1+(minY-y1)*dx/dy;
y1=minY;
}

1.043091941188249
/home/dale/d4j/Chart/Chart_3/source/org/jfree/chart/util/ShapeUtilities.java<663,672>

-------- Similar Code ---------
if((f2&Rectangle2D.OUT_BOTTOM)==Rectangle2D.OUT_BOTTOM&&dy!=0.0){
x2=x2+(maxY-y2)*dx/dy;
y2=maxY;
}else if((f2&Rectangle2D.OUT_TOP)==Rectangle2D.OUT_TOP&&dy!=0.0){
x2=x2+(minY-y2)*dx/dy;
y2=minY;
}

1.043091941188249
/home/dale/d4j/Chart/Chart_3/source/org/jfree/chart/util/ShapeUtilities.java<688,697>

-------- Similar Code ---------
pointer.moveTo(midX-lenX,midY-lenX);
pointer.lineTo(midX+lenX,midY-lenX);
pointer.lineTo(midX,minY);
pointer.closePath();
lenX=4*lenX;

1.0406827013778992
/home/dale/d4j/Chart/Chart_3/source/org/jfree/chart/needle/MiddlePinNeedle.java<91,96>

-------- Similar Code ---------
if(RectangleEdge.isLeftOrRight(edge)){
double minY=area.getMinY();
double maxY=area.getMaxY();
if(isInverted()){
result=minY+(((value-axisMin)/(axisMax-axisMin))*(maxY-minY));
}else {
result=maxY-(((value-axisMin)/(axisMax-axisMin))*(maxY-minY));
}
}

1.0366164752332443
/home/dale/d4j/Chart/Chart_3/source/org/jfree/chart/axis/PeriodAxis.java<1001,1012>

-------- Similar Code ---------
if(RectangleEdge.isLeftOrRight(edge)){
double minY=area.getMinY();
double maxY=area.getMaxY();
if(isInverted()){
result=minY+(((value-axisMin)/(axisMax-axisMin))*(maxY-minY));
}else {
result=maxY-(((value-axisMin)/(axisMax-axisMin))*(maxY-minY));
}
}

1.0366164752332443
/home/dale/d4j/Chart/Chart_3/source/org/jfree/chart/axis/DateAxis.java<767,778>

-------- Similar Code ---------
if(record1.getUpperY()>record0.getLowerY()){
record1.setAllocatedY(Math.max(minY+record1.getLabelHeight()/2.0,record0.getLowerY()-this.minGap));
}

1.026191671388933
/home/dale/d4j/Chart/Chart_3/source/org/jfree/chart/plot/PieLabelDistributor.java<168,172>

-------- Similar Code ---------
state.setDataArea(dataArea);
createAndAddEntity((Rectangle2D)dataArea.clone(),state,null,null);
if(getRenderer()!=null){
getRenderer().drawBackground(g2,this,dataArea);
}else {
drawBackground(g2,dataArea);
}

1.0150098430837369
/home/dale/d4j/Chart/Chart_3/source/org/jfree/chart/plot/CategoryPlot.java<3616,3626>

-------- Similar Code ---------
if(record1.getLowerY()<record0.getUpperY()){
record1.setAllocatedY(Math.min(minY+height-record1.getLabelHeight()/2.0,record0.getUpperY()+this.minGap));
}

1.0112758359512906
/home/dale/d4j/Chart/Chart_3/source/org/jfree/chart/plot/PieLabelDistributor.java<148,153>

-------- Similar Code ---------
shape1.lineTo(x+getSize(),minY);
shape1.lineTo(x-getSize(),minY);
shape1.closePath();
if((rotate!=null)&&(angle!=0)){
getTransform().setToRotation(angle,rotate.getX(),rotate.getY());
d=getTransform().createTransformedShape(shape);
}else {
d=shape;
}

0.9679424055011746
/home/dale/d4j/Chart/Chart_3/source/org/jfree/chart/needle/ArrowNeedle.java<111,121>

-------- Similar Code ---------
System.arraycopy(y,0,yy,0,y.length);
System.arraycopy(yStart,0,yyStart,0,yStart.length);
System.arraycopy(yEnd,0,yyEnd,0,yEnd.length);
clone.seriesList.add(i,new double[][]{xx,xxStart,xxEnd,yy,yyStart,yyEnd});

0.9442202971897286
/home/dale/d4j/Chart/Chart_3/source/org/jfree/data/xy/DefaultIntervalXYDataset.java<544,548>

-------- Similar Code ---------
double[] yy=new double[y.length];
System.arraycopy(x,0,xx,0,x.length);
System.arraycopy(y,0,yy,0,y.length);
clone.seriesList.add(i,new double[][]{xx,yy});

0.9425856273365412
/home/dale/d4j/Chart/Chart_3/source/org/jfree/data/xy/DefaultXYDataset.java<371,374>

-------- Similar Code ---------
while(iterator.hasNext()){
Object key=iterator.next();
List entry=(List)map.get(key);
Object toAdd=ObjectUtilities.deepClone(entry);
clone.put(key,toAdd);
}

0.9345547671801246
/home/dale/d4j/Chart/Chart_3/source/org/jfree/chart/plot/CategoryPlot.java<5185,5190>

-------- Similar Code ---------
System.arraycopy(x,0,xx,0,x.length);
System.arraycopy(y,0,yy,0,y.length);
System.arraycopy(z,0,zz,0,z.length);
clone.seriesList.add(i,new double[][]{xx,yy,zz});

0.9336855675212605
/home/dale/d4j/Chart/Chart_3/source/org/jfree/data/xy/DefaultXYZDataset.java<424,427>

-------- Similar Code ---------
{
if(source==null){
throw new IllegalArgumentException("Null \'source\' argument.");
}
double[][] clone=new double[source.length][];
for(int i=0;i<source.length;i++){
if(source[i]!=null){
double[] row=new double[source[i].length];
System.arraycopy(source[i],0,row,0,source[i].length);
clone[i]=row;
}
}
return clone;
}

0.9308340664844073
/home/dale/d4j/Chart/Chart_3/source/org/jfree/data/DataUtilities.java<99,112>

-------- Similar Code ---------
if(clone.dataset!=null){
clone.dataset.addChangeListener(clone);
}

0.9211059911827643
/home/dale/d4j/Chart/Chart_3/source/org/jfree/chart/plot/PolarPlot.java<1069,1071>

-------- Similar Code ---------
EntityCollection ec=new StandardEntityCollection();
LegendItemEntity entity=new LegendItemEntity((Shape)area.clone());
entity.setSeriesKey(this.seriesKey);
entity.setDataset(this.dataset);

0.8524007579586304
/home/dale/d4j/Chart/Chart_3/source/org/jfree/chart/title/LegendItemBlockContainer.java<187,191>

-------- Similar Code ---------
clone.intervalDelegate=new IntervalXYDelegate(clone);
clone.intervalDelegate.setFixedIntervalWidth(getIntervalWidth());
clone.intervalDelegate.setAutoWidth(isAutoWidth());
clone.intervalDelegate.setIntervalPositionFactor(getIntervalPositionFactor());
clone.updateXPoints();

0.8394770008488577
/home/dale/d4j/Chart/Chart_3/source/org/jfree/data/xy/DefaultTableXYDataset.java<553,559>

-------- Similar Code ---------
if(entities!=null){
entities.add(new JFreeChartEntity((Rectangle2D)chartArea.clone(),this));
}

0.7059312080025175
/home/dale/d4j/Chart/Chart_3/source/org/jfree/chart/JFreeChart.java<1159,1162>
