-------- Original Code ---------
return " title=\""+ImageMapUtilities.htmlEscape(toolTipText);

/home/dale/d4j/fixed_bugs_dir/Chart/Chart_10/source/org/jfree/chart/imagemap/StandardToolTipTagFragmentGenerator.java<65,66>

-------- Similar Code ---------
return " onMouseOver=\"return overlib(\'"+ImageMapUtilities.htmlEscape(toolTipText);

3.0
/home/dale/d4j/Chart/Chart_10/source/org/jfree/chart/imagemap/OverLIBToolTipTagFragmentGenerator.java<66,68>

-------- Similar Code ---------
return " onMouseOver=\"return stm([\'"+ImageMapUtilities.htmlEscape(this.title);

1.9999999999999998
/home/dale/d4j/Chart/Chart_10/source/org/jfree/chart/imagemap/DynamicDriveToolTipTagFragmentGenerator.java<85,88>

-------- Similar Code ---------
return " title=\""+toolTipText;

1.8838834764831844
/home/dale/d4j/Chart/Chart_10/source/org/jfree/chart/imagemap/StandardToolTipTagFragmentGenerator.java<65,66>

-------- Similar Code ---------
return this.toolTipText;

1.75
/home/dale/d4j/Chart/Chart_10/source/org/jfree/chart/annotations/AbstractXYAnnotation.java<87,87>

-------- Similar Code ---------
return this.toolTipText;

1.75
/home/dale/d4j/Chart/Chart_10/source/org/jfree/chart/title/TextTitle.java<373,373>

-------- Similar Code ---------
return this.toolTipText;

1.75
/home/dale/d4j/Chart/Chart_10/source/org/jfree/chart/title/LegendItemBlockContainer.java<133,133>

-------- Similar Code ---------
return this.toolTipText;

1.75
/home/dale/d4j/Chart/Chart_10/source/org/jfree/chart/entity/ChartEntity.java<178,178>

-------- Similar Code ---------
return this.toolTipText;

1.75
/home/dale/d4j/Chart/Chart_10/source/org/jfree/chart/LegendItem.java<627,627>

-------- Similar Code ---------
return this.toolTipText;

1.75
/home/dale/d4j/Chart/Chart_10/source/org/jfree/chart/block/LabelBlock.java<200,200>

-------- Similar Code ---------
if(!ObjectUtilities.equal(this.toolTipText,that.toolTipText)){
return false;
}

1.515335091458172
/home/dale/d4j/Chart/Chart_10/source/org/jfree/chart/annotations/AbstractXYAnnotation.java<181,183>

-------- Similar Code ---------
if(!ObjectUtilities.equal(this.toolTipText,that.toolTipText)){
return false;
}

1.515335091458172
/home/dale/d4j/Chart/Chart_10/source/org/jfree/chart/entity/ChartEntity.java<375,377>

-------- Similar Code ---------
if(!ObjectUtilities.equal(this.toolTipText,that.toolTipText)){
return false;
}

1.515335091458172
/home/dale/d4j/Chart/Chart_10/source/org/jfree/chart/block/LabelBlock.java<327,329>

-------- Similar Code ---------
if(this.toolTipText!=null){
result=37*result+this.toolTipText.hashCode();
}

1.2685990362153792
/home/dale/d4j/Chart/Chart_10/source/org/jfree/chart/annotations/AbstractXYAnnotation.java<197,199>

-------- Similar Code ---------
boolean hasToolTip=(this.toolTipText==null?false:!this.toolTipText.equals(""));

1.2537783614444091
/home/dale/d4j/Chart/Chart_10/source/org/jfree/chart/entity/ChartEntity.java<318,319>

-------- Similar Code ---------
{
super(hotspot,toolTipText,url);
if(axis==null){
throw new IllegalArgumentException("Null \'axis\' argument.");
}
this.axis=axis;
}

1.1532419029499945
/home/dale/d4j/Chart/Chart_10/source/org/jfree/chart/entity/AxisLabelEntity.java<67,73>

-------- Similar Code ---------
{
super(area,toolTipText,urlText);
if(dataset==null){
throw new IllegalArgumentException("Null \'dataset\' argument.");
}
this.dataset=dataset;
this.rowKey=rowKey;
this.columnKey=columnKey;
}

0.9886897122780602
/home/dale/d4j/Chart/Chart_10/source/org/jfree/chart/entity/CategoryItemEntity.java<101,109>

-------- Similar Code ---------
if(this.toolTipText!=null||this.urlText!=null){
ChartEntity entity=new ChartEntity(entityArea,this.toolTipText,this.urlText);
sec.add(entity);
result=new BlockResult();
result.setEntityCollection(sec);
}

0.9804001378734016
/home/dale/d4j/Chart/Chart_10/source/org/jfree/chart/block/LabelBlock.java<294,300>
